[ 2017-03-21T19:07:46+08:00 ] ::1 /axd/
INFO: [ app_init ] --START--
INFO: Run Behavior\BuildLiteBehavior [ RunTime:0.000023s ]
INFO: [ app_init ] --END-- [ RunTime:0.000142s ]
INFO: [ app_begin ] --START--
INFO: Run Behavior\ReadHtmlCacheBehavior [ RunTime:0.000516s ]
INFO: [ app_begin ] --END-- [ RunTime:0.000623s ]
SQL: SHOW COLUMNS FROM `axd_banner` [ RunTime:0.0048s ]
SQL: SELECT * FROM `axd_banner` ORDER BY order_n  [ RunTime:0.0003s ]
SQL: SELECT s.subject_id,s.image,s.`name`,s.text_content FROM axd_subject s GROUP BY s.subject_id ORDER BY s.add_time DESC LIMIT 0,24 [ RunTime:0.0003s ]
SQL: SELECT COUNT(*) as count FROM axd_subject s [ RunTime:0.0002s ]
INFO: [ view_parse ] --START--
INFO: [ template_filter ] --START--
INFO: Run Behavior\ContentReplaceBehavior [ RunTime:0.000191s ]
INFO: [ template_filter ] --END-- [ RunTime:0.000291s ]
NOTIC: [8] Undefined variable: keyword G:\proj_php\axd\Application\Runtime\Cache\Home\2a94b8bda04ff446dcedd42276fc99ee.php 第 139 行.
NOTIC: [8] Undefined index: axd_user G:\proj_php\axd\Application\Runtime\Cache\Home\2a94b8bda04ff446dcedd42276fc99ee.php 第 149 行.
NOTIC: [8] Undefined variable: URL G:\proj_php\axd\Application\Runtime\Cache\Home\2a94b8bda04ff446dcedd42276fc99ee.php 第 225 行.
NOTIC: [8] Undefined index: name G:\proj_php\axd\Application\Runtime\Cache\Home\2a94b8bda04ff446dcedd42276fc99ee.php 第 252 行.
NOTIC: [8] Undefined index: name G:\proj_php\axd\Application\Runtime\Cache\Home\2a94b8bda04ff446dcedd42276fc99ee.php 第 252 行.
NOTIC: [8] Undefined index: name G:\proj_php\axd\Application\Runtime\Cache\Home\2a94b8bda04ff446dcedd42276fc99ee.php 第 252 行.
NOTIC: [8] Undefined index: logo_image G:\proj_php\axd\Application\Runtime\Cache\Home\2a94b8bda04ff446dcedd42276fc99ee.php 第 274 行.
NOTIC: [8] Undefined index: user_id G:\proj_php\axd\Application\Runtime\Cache\Home\2a94b8bda04ff446dcedd42276fc99ee.php 第 297 行.
NOTIC: [8] Undefined index: logo_image G:\proj_php\axd\Application\Runtime\Cache\Home\2a94b8bda04ff446dcedd42276fc99ee.php 第 274 行.
NOTIC: [8] Undefined index: user_id G:\proj_php\axd\Application\Runtime\Cache\Home\2a94b8bda04ff446dcedd42276fc99ee.php 第 297 行.
NOTIC: [8] Undefined index: logo_image G:\proj_php\axd\Application\Runtime\Cache\Home\2a94b8bda04ff446dcedd42276fc99ee.php 第 274 行.
NOTIC: [8] Undefined index: user_id G:\proj_php\axd\Application\Runtime\Cache\Home\2a94b8bda04ff446dcedd42276fc99ee.php 第 297 行.
NOTIC: [8] Undefined index: logo_image G:\proj_php\axd\Application\Runtime\Cache\Home\2a94b8bda04ff446dcedd42276fc99ee.php 第 274 行.
NOTIC: [8] Undefined index: user_id G:\proj_php\axd\Application\Runtime\Cache\Home\2a94b8bda04ff446dcedd42276fc99ee.php 第 297 行.
NOTIC: [8] Undefined index: logo_image G:\proj_php\axd\Application\Runtime\Cache\Home\2a94b8bda04ff446dcedd42276fc99ee.php 第 274 行.
NOTIC: [8] Undefined index: user_id G:\proj_php\axd\Application\Runtime\Cache\Home\2a94b8bda04ff446dcedd42276fc99ee.php 第 297 行.
NOTIC: [8] Undefined index: logo_image G:\proj_php\axd\Application\Runtime\Cache\Home\2a94b8bda04ff446dcedd42276fc99ee.php 第 274 行.
NOTIC: [8] Undefined index: user_id G:\proj_php\axd\Application\Runtime\Cache\Home\2a94b8bda04ff446dcedd42276fc99ee.php 第 297 行.
NOTIC: [8] Undefined index: logo_image G:\proj_php\axd\Application\Runtime\Cache\Home\2a94b8bda04ff446dcedd42276fc99ee.php 第 274 行.
NOTIC: [8] Undefined index: user_id G:\proj_php\axd\Application\Runtime\Cache\Home\2a94b8bda04ff446dcedd42276fc99ee.php 第 297 行.
NOTIC: [8] Undefined index: logo_image G:\proj_php\axd\Application\Runtime\Cache\Home\2a94b8bda04ff446dcedd42276fc99ee.php 第 274 行.
NOTIC: [8] Undefined index: user_id G:\proj_php\axd\Application\Runtime\Cache\Home\2a94b8bda04ff446dcedd42276fc99ee.php 第 297 行.
NOTIC: [8] Undefined index: logo_image G:\proj_php\axd\Application\Runtime\Cache\Home\2a94b8bda04ff446dcedd42276fc99ee.php 第 274 行.
NOTIC: [8] Undefined index: user_id G:\proj_php\axd\Application\Runtime\Cache\Home\2a94b8bda04ff446dcedd42276fc99ee.php 第 297 行.
NOTIC: [8] Undefined index: logo_image G:\proj_php\axd\Application\Runtime\Cache\Home\2a94b8bda04ff446dcedd42276fc99ee.php 第 274 行.
NOTIC: [8] Undefined index: user_id G:\proj_php\axd\Application\Runtime\Cache\Home\2a94b8bda04ff446dcedd42276fc99ee.php 第 297 行.
NOTIC: [8] Undefined index: logo_image G:\proj_php\axd\Application\Runtime\Cache\Home\2a94b8bda04ff446dcedd42276fc99ee.php 第 274 行.
NOTIC: [8] Undefined index: user_id G:\proj_php\axd\Application\Runtime\Cache\Home\2a94b8bda04ff446dcedd42276fc99ee.php 第 297 行.
NOTIC: [8] Undefined index: logo_image G:\proj_php\axd\Application\Runtime\Cache\Home\2a94b8bda04ff446dcedd42276fc99ee.php 第 274 行.
NOTIC: [8] Undefined index: user_id G:\proj_php\axd\Application\Runtime\Cache\Home\2a94b8bda04ff446dcedd42276fc99ee.php 第 297 行.
NOTIC: [8] Undefined index: logo_image G:\proj_php\axd\Application\Runtime\Cache\Home\2a94b8bda04ff446dcedd42276fc99ee.php 第 274 行.
NOTIC: [8] Undefined index: user_id G:\proj_php\axd\Application\Runtime\Cache\Home\2a94b8bda04ff446dcedd42276fc99ee.php 第 297 行.
NOTIC: [8] Undefined index: logo_image G:\proj_php\axd\Application\Runtime\Cache\Home\2a94b8bda04ff446dcedd42276fc99ee.php 第 274 行.
NOTIC: [8] Undefined index: user_id G:\proj_php\axd\Application\Runtime\Cache\Home\2a94b8bda04ff446dcedd42276fc99ee.php 第 297 行.
NOTIC: [8] Undefined index: logo_image G:\proj_php\axd\Application\Runtime\Cache\Home\2a94b8bda04ff446dcedd42276fc99ee.php 第 274 行.
NOTIC: [8] Undefined index: user_id G:\proj_php\axd\Application\Runtime\Cache\Home\2a94b8bda04ff446dcedd42276fc99ee.php 第 297 行.
NOTIC: [8] Undefined index: logo_image G:\proj_php\axd\Application\Runtime\Cache\Home\2a94b8bda04ff446dcedd42276fc99ee.php 第 274 行.
NOTIC: [8] Undefined index: user_id G:\proj_php\axd\Application\Runtime\Cache\Home\2a94b8bda04ff446dcedd42276fc99ee.php 第 297 行.
NOTIC: [8] Undefined index: logo_image G:\proj_php\axd\Application\Runtime\Cache\Home\2a94b8bda04ff446dcedd42276fc99ee.php 第 274 行.
NOTIC: [8] Undefined index: user_id G:\proj_php\axd\Application\Runtime\Cache\Home\2a94b8bda04ff446dcedd42276fc99ee.php 第 297 行.
NOTIC: [8] Undefined index: logo_image G:\proj_php\axd\Application\Runtime\Cache\Home\2a94b8bda04ff446dcedd42276fc99ee.php 第 274 行.
NOTIC: [8] Undefined index: user_id G:\proj_php\axd\Application\Runtime\Cache\Home\2a94b8bda04ff446dcedd42276fc99ee.php 第 297 行.
NOTIC: [8] Undefined index: logo_image G:\proj_php\axd\Application\Runtime\Cache\Home\2a94b8bda04ff446dcedd42276fc99ee.php 第 274 行.
NOTIC: [8] Undefined index: user_id G:\proj_php\axd\Application\Runtime\Cache\Home\2a94b8bda04ff446dcedd42276fc99ee.php 第 297 行.
NOTIC: [8] Undefined index: logo_image G:\proj_php\axd\Application\Runtime\Cache\Home\2a94b8bda04ff446dcedd42276fc99ee.php 第 274 行.
NOTIC: [8] Undefined index: user_id G:\proj_php\axd\Application\Runtime\Cache\Home\2a94b8bda04ff446dcedd42276fc99ee.php 第 297 行.
NOTIC: [8] Undefined index: logo_image G:\proj_php\axd\Application\Runtime\Cache\Home\2a94b8bda04ff446dcedd42276fc99ee.php 第 274 行.
NOTIC: [8] Undefined index: user_id G:\proj_php\axd\Application\Runtime\Cache\Home\2a94b8bda04ff446dcedd42276fc99ee.php 第 297 行.
NOTIC: [8] Undefined index: logo_image G:\proj_php\axd\Application\Runtime\Cache\Home\2a94b8bda04ff446dcedd42276fc99ee.php 第 274 行.
NOTIC: [8] Undefined index: user_id G:\proj_php\axd\Application\Runtime\Cache\Home\2a94b8bda04ff446dcedd42276fc99ee.php 第 297 行.
NOTIC: [8] Undefined index: logo_image G:\proj_php\axd\Application\Runtime\Cache\Home\2a94b8bda04ff446dcedd42276fc99ee.php 第 274 行.
NOTIC: [8] Undefined index: user_id G:\proj_php\axd\Application\Runtime\Cache\Home\2a94b8bda04ff446dcedd42276fc99ee.php 第 297 行.
NOTIC: [8] Undefined index: logo_image G:\proj_php\axd\Application\Runtime\Cache\Home\2a94b8bda04ff446dcedd42276fc99ee.php 第 274 行.
NOTIC: [8] Undefined index: user_id G:\proj_php\axd\Application\Runtime\Cache\Home\2a94b8bda04ff446dcedd42276fc99ee.php 第 297 行.
INFO: Run Behavior\ParseTemplateBehavior [ RunTime:0.029292s ]
INFO: [ view_parse ] --END-- [ RunTime:0.029395s ]
INFO: [ view_filter ] --START--
INFO: Run Behavior\WriteHtmlCacheBehavior [ RunTime:0.000349s ]
INFO: [ view_filter ] --END-- [ RunTime:0.000444s ]
INFO: [ app_end ] --START--
INFO: Run Behavior\ShowPageTraceBehavior [ RunTime:0.000477s ]
INFO: [ app_end ] --END-- [ RunTime:0.000579s ]

[ 2017-03-21T19:07:46+08:00 ] ::1 /axd/Index/qr_code/type/1.html
INFO: [ app_init ] --START--
INFO: Run Behavior\BuildLiteBehavior [ RunTime:0.000022s ]
INFO: [ app_init ] --END-- [ RunTime:0.000143s ]
INFO: [ app_begin ] --START--
INFO: Run Behavior\ReadHtmlCacheBehavior [ RunTime:0.000528s ]
INFO: [ app_begin ] --END-- [ RunTime:0.000640s ]
INFO: [ app_end ] --START--
INFO: Run Behavior\ShowPageTraceBehavior [ RunTime:0.000574s ]
INFO: [ app_end ] --END-- [ RunTime:0.000700s ]

[ 2017-03-21T19:07:46+08:00 ] ::1 /axd/Index/qr_code/type/2.html
INFO: [ app_init ] --START--
INFO: Run Behavior\BuildLiteBehavior [ RunTime:0.000022s ]
INFO: [ app_init ] --END-- [ RunTime:0.000138s ]
INFO: [ app_begin ] --START--
INFO: Run Behavior\ReadHtmlCacheBehavior [ RunTime:0.000574s ]
INFO: [ app_begin ] --END-- [ RunTime:0.000684s ]
INFO: [ app_end ] --START--
INFO: Run Behavior\ShowPageTraceBehavior [ RunTime:0.000642s ]
INFO: [ app_end ] --END-- [ RunTime:0.000767s ]

[ 2017-03-21T22:31:25+08:00 ] 192.168.0.100 /axd/
INFO: [ app_init ] --START--
INFO: Run Behavior\BuildLiteBehavior [ RunTime:0.000053s ]
INFO: [ app_init ] --END-- [ RunTime:0.000353s ]
INFO: [ app_begin ] --START--
INFO: Run Behavior\ReadHtmlCacheBehavior [ RunTime:0.001268s ]
INFO: [ app_begin ] --END-- [ RunTime:0.001580s ]
SQL: SHOW COLUMNS FROM `axd_banner` [ RunTime:0.0135s ]
SQL: SELECT * FROM `axd_banner` ORDER BY order_n  [ RunTime:0.0004s ]
SQL: SELECT s.subject_id,s.image,s.`name`,s.text_content FROM axd_subject s GROUP BY s.subject_id ORDER BY s.add_time DESC LIMIT 0,24 [ RunTime:0.0008s ]
SQL: SELECT COUNT(*) as count FROM axd_subject s [ RunTime:0.0004s ]
INFO: [ view_parse ] --START--
INFO: [ template_filter ] --START--
INFO: Run Behavior\ContentReplaceBehavior [ RunTime:0.000208s ]
INFO: [ template_filter ] --END-- [ RunTime:0.000324s ]
NOTIC: [8] Undefined variable: keyword G:\proj_php\axd\Application\Runtime\Cache\Home\2a94b8bda04ff446dcedd42276fc99ee.php 第 139 行.
NOTIC: [8] Undefined index: axd_user G:\proj_php\axd\Application\Runtime\Cache\Home\2a94b8bda04ff446dcedd42276fc99ee.php 第 149 行.
NOTIC: [8] Undefined variable: URL G:\proj_php\axd\Application\Runtime\Cache\Home\2a94b8bda04ff446dcedd42276fc99ee.php 第 225 行.
NOTIC: [8] Undefined index: name G:\proj_php\axd\Application\Runtime\Cache\Home\2a94b8bda04ff446dcedd42276fc99ee.php 第 252 行.
NOTIC: [8] Undefined index: name G:\proj_php\axd\Application\Runtime\Cache\Home\2a94b8bda04ff446dcedd42276fc99ee.php 第 252 行.
NOTIC: [8] Undefined index: name G:\proj_php\axd\Application\Runtime\Cache\Home\2a94b8bda04ff446dcedd42276fc99ee.php 第 252 行.
NOTIC: [8] Undefined index: logo_image G:\proj_php\axd\Application\Runtime\Cache\Home\2a94b8bda04ff446dcedd42276fc99ee.php 第 274 行.
NOTIC: [8] Undefined index: user_id G:\proj_php\axd\Application\Runtime\Cache\Home\2a94b8bda04ff446dcedd42276fc99ee.php 第 297 行.
NOTIC: [8] Undefined index: logo_image G:\proj_php\axd\Application\Runtime\Cache\Home\2a94b8bda04ff446dcedd42276fc99ee.php 第 274 行.
NOTIC: [8] Undefined index: user_id G:\proj_php\axd\Application\Runtime\Cache\Home\2a94b8bda04ff446dcedd42276fc99ee.php 第 297 行.
NOTIC: [8] Undefined index: logo_image G:\proj_php\axd\Application\Runtime\Cache\Home\2a94b8bda04ff446dcedd42276fc99ee.php 第 274 行.
NOTIC: [8] Undefined index: user_id G:\proj_php\axd\Application\Runtime\Cache\Home\2a94b8bda04ff446dcedd42276fc99ee.php 第 297 行.
NOTIC: [8] Undefined index: logo_image G:\proj_php\axd\Application\Runtime\Cache\Home\2a94b8bda04ff446dcedd42276fc99ee.php 第 274 行.
NOTIC: [8] Undefined index: user_id G:\proj_php\axd\Application\Runtime\Cache\Home\2a94b8bda04ff446dcedd42276fc99ee.php 第 297 行.
NOTIC: [8] Undefined index: logo_image G:\proj_php\axd\Application\Runtime\Cache\Home\2a94b8bda04ff446dcedd42276fc99ee.php 第 274 行.
NOTIC: [8] Undefined index: user_id G:\proj_php\axd\Application\Runtime\Cache\Home\2a94b8bda04ff446dcedd42276fc99ee.php 第 297 行.
NOTIC: [8] Undefined index: logo_image G:\proj_php\axd\Application\Runtime\Cache\Home\2a94b8bda04ff446dcedd42276fc99ee.php 第 274 行.
NOTIC: [8] Undefined index: user_id G:\proj_php\axd\Application\Runtime\Cache\Home\2a94b8bda04ff446dcedd42276fc99ee.php 第 297 行.
NOTIC: [8] Undefined index: logo_image G:\proj_php\axd\Application\Runtime\Cache\Home\2a94b8bda04ff446dcedd42276fc99ee.php 第 274 行.
NOTIC: [8] Undefined index: user_id G:\proj_php\axd\Application\Runtime\Cache\Home\2a94b8bda04ff446dcedd42276fc99ee.php 第 297 行.
NOTIC: [8] Undefined index: logo_image G:\proj_php\axd\Application\Runtime\Cache\Home\2a94b8bda04ff446dcedd42276fc99ee.php 第 274 行.
NOTIC: [8] Undefined index: user_id G:\proj_php\axd\Application\Runtime\Cache\Home\2a94b8bda04ff446dcedd42276fc99ee.php 第 297 行.
NOTIC: [8] Undefined index: logo_image G:\proj_php\axd\Application\Runtime\Cache\Home\2a94b8bda04ff446dcedd42276fc99ee.php 第 274 行.
NOTIC: [8] Undefined index: user_id G:\proj_php\axd\Application\Runtime\Cache\Home\2a94b8bda04ff446dcedd42276fc99ee.php 第 297 行.
NOTIC: [8] Undefined index: logo_image G:\proj_php\axd\Application\Runtime\Cache\Home\2a94b8bda04ff446dcedd42276fc99ee.php 第 274 行.
NOTIC: [8] Undefined index: user_id G:\proj_php\axd\Application\Runtime\Cache\Home\2a94b8bda04ff446dcedd42276fc99ee.php 第 297 行.
NOTIC: [8] Undefined index: logo_image G:\proj_php\axd\Application\Runtime\Cache\Home\2a94b8bda04ff446dcedd42276fc99ee.php 第 274 行.
NOTIC: [8] Undefined index: user_id G:\proj_php\axd\Application\Runtime\Cache\Home\2a94b8bda04ff446dcedd42276fc99ee.php 第 297 行.
NOTIC: [8] Undefined index: logo_image G:\proj_php\axd\Application\Runtime\Cache\Home\2a94b8bda04ff446dcedd42276fc99ee.php 第 274 行.
NOTIC: [8] Undefined index: user_id G:\proj_php\axd\Application\Runtime\Cache\Home\2a94b8bda04ff446dcedd42276fc99ee.php 第 297 行.
NOTIC: [8] Undefined index: logo_image G:\proj_php\axd\Application\Runtime\Cache\Home\2a94b8bda04ff446dcedd42276fc99ee.php 第 274 行.
NOTIC: [8] Undefined index: user_id G:\proj_php\axd\Application\Runtime\Cache\Home\2a94b8bda04ff446dcedd42276fc99ee.php 第 297 行.
NOTIC: [8] Undefined index: logo_image G:\proj_php\axd\Application\Runtime\Cache\Home\2a94b8bda04ff446dcedd42276fc99ee.php 第 274 行.
NOTIC: [8] Undefined index: user_id G:\proj_php\axd\Application\Runtime\Cache\Home\2a94b8bda04ff446dcedd42276fc99ee.php 第 297 行.
NOTIC: [8] Undefined index: logo_image G:\proj_php\axd\Application\Runtime\Cache\Home\2a94b8bda04ff446dcedd42276fc99ee.php 第 274 行.
NOTIC: [8] Undefined index: user_id G:\proj_php\axd\Application\Runtime\Cache\Home\2a94b8bda04ff446dcedd42276fc99ee.php 第 297 行.
NOTIC: [8] Undefined index: logo_image G:\proj_php\axd\Application\Runtime\Cache\Home\2a94b8bda04ff446dcedd42276fc99ee.php 第 274 行.
NOTIC: [8] Undefined index: user_id G:\proj_php\axd\Application\Runtime\Cache\Home\2a94b8bda04ff446dcedd42276fc99ee.php 第 297 行.
NOTIC: [8] Undefined index: logo_image G:\proj_php\axd\Application\Runtime\Cache\Home\2a94b8bda04ff446dcedd42276fc99ee.php 第 274 行.
NOTIC: [8] Undefined index: user_id G:\proj_php\axd\Application\Runtime\Cache\Home\2a94b8bda04ff446dcedd42276fc99ee.php 第 297 行.
NOTIC: [8] Undefined index: logo_image G:\proj_php\axd\Application\Runtime\Cache\Home\2a94b8bda04ff446dcedd42276fc99ee.php 第 274 行.
NOTIC: [8] Undefined index: user_id G:\proj_php\axd\Application\Runtime\Cache\Home\2a94b8bda04ff446dcedd42276fc99ee.php 第 297 行.
NOTIC: [8] Undefined index: logo_image G:\proj_php\axd\Application\Runtime\Cache\Home\2a94b8bda04ff446dcedd42276fc99ee.php 第 274 行.
NOTIC: [8] Undefined index: user_id G:\proj_php\axd\Application\Runtime\Cache\Home\2a94b8bda04ff446dcedd42276fc99ee.php 第 297 行.
NOTIC: [8] Undefined index: logo_image G:\proj_php\axd\Application\Runtime\Cache\Home\2a94b8bda04ff446dcedd42276fc99ee.php 第 274 行.
NOTIC: [8] Undefined index: user_id G:\proj_php\axd\Application\Runtime\Cache\Home\2a94b8bda04ff446dcedd42276fc99ee.php 第 297 行.
NOTIC: [8] Undefined index: logo_image G:\proj_php\axd\Application\Runtime\Cache\Home\2a94b8bda04ff446dcedd42276fc99ee.php 第 274 行.
NOTIC: [8] Undefined index: user_id G:\proj_php\axd\Application\Runtime\Cache\Home\2a94b8bda04ff446dcedd42276fc99ee.php 第 297 行.
NOTIC: [8] Undefined index: logo_image G:\proj_php\axd\Application\Runtime\Cache\Home\2a94b8bda04ff446dcedd42276fc99ee.php 第 274 行.
NOTIC: [8] Undefined index: user_id G:\proj_php\axd\Application\Runtime\Cache\Home\2a94b8bda04ff446dcedd42276fc99ee.php 第 297 行.
NOTIC: [8] Undefined index: logo_image G:\proj_php\axd\Application\Runtime\Cache\Home\2a94b8bda04ff446dcedd42276fc99ee.php 第 274 行.
NOTIC: [8] Undefined index: user_id G:\proj_php\axd\Application\Runtime\Cache\Home\2a94b8bda04ff446dcedd42276fc99ee.php 第 297 行.
NOTIC: [8] Undefined index: logo_image G:\proj_php\axd\Application\Runtime\Cache\Home\2a94b8bda04ff446dcedd42276fc99ee.php 第 274 行.
NOTIC: [8] Undefined index: user_id G:\proj_php\axd\Application\Runtime\Cache\Home\2a94b8bda04ff446dcedd42276fc99ee.php 第 297 行.
INFO: Run Behavior\ParseTemplateBehavior [ RunTime:0.031531s ]
INFO: [ view_parse ] --END-- [ RunTime:0.031643s ]
INFO: [ view_filter ] --START--
INFO: Run Behavior\WriteHtmlCacheBehavior [ RunTime:0.000367s ]
INFO: [ view_filter ] --END-- [ RunTime:0.000466s ]
INFO: [ app_end ] --START--
INFO: Run Behavior\ShowPageTraceBehavior [ RunTime:0.000505s ]
INFO: [ app_end ] --END-- [ RunTime:0.000610s ]

[ 2017-03-21T22:31:26+08:00 ] 192.168.0.100 /axd/Index/qr_code/type/1.html
INFO: [ app_init ] --START--
INFO: Run Behavior\BuildLiteBehavior [ RunTime:0.000054s ]
INFO: [ app_init ] --END-- [ RunTime:0.000360s ]
INFO: [ app_begin ] --START--
INFO: Run Behavior\ReadHtmlCacheBehavior [ RunTime:0.001316s ]
INFO: [ app_begin ] --END-- [ RunTime:0.001599s ]
INFO: [ app_end ] --START--
INFO: Run Behavior\ShowPageTraceBehavior [ RunTime:0.000541s ]
INFO: [ app_end ] --END-- [ RunTime:0.000652s ]

[ 2017-03-21T22:31:26+08:00 ] 192.168.0.100 /axd/Index/qr_code/type/2.html
INFO: [ app_init ] --START--
INFO: Run Behavior\BuildLiteBehavior [ RunTime:0.000054s ]
INFO: [ app_init ] --END-- [ RunTime:0.000348s ]
INFO: [ app_begin ] --START--
INFO: Run Behavior\ReadHtmlCacheBehavior [ RunTime:0.000610s ]
INFO: [ app_begin ] --END-- [ RunTime:0.000741s ]
INFO: [ app_end ] --START--
INFO: Run Behavior\ShowPageTraceBehavior [ RunTime:0.000526s ]
INFO: [ app_end ] --END-- [ RunTime:0.000637s ]

