[ 2017-05-23T09:24:51+08:00 ] ::1 /axd/
INFO: [ app_init ] --START--
INFO: Run Behavior\BuildLiteBehavior [ RunTime:0.000022s ]
INFO: [ app_init ] --END-- [ RunTime:0.000138s ]
INFO: [ app_begin ] --START--
INFO: Run Behavior\ReadHtmlCacheBehavior [ RunTime:0.001238s ]
INFO: [ app_begin ] --END-- [ RunTime:0.001352s ]
SQL: SHOW COLUMNS FROM `axd_banner` [ RunTime:0.0073s ]
SQL: SELECT * FROM `axd_banner` ORDER BY order_n  [ RunTime:0.0004s ]
SQL: SELECT s.subject_id,s.image,s.`name`,s.text_content FROM axd_subject s GROUP BY s.subject_id ORDER BY s.add_time DESC LIMIT 0,24 [ RunTime:0.0052s ]
SQL: SELECT COUNT(*) as count FROM axd_subject s [ RunTime:0.0004s ]
INFO: [ view_parse ] --START--
INFO: [ template_filter ] --START--
INFO: Run Behavior\ContentReplaceBehavior [ RunTime:0.000191s ]
INFO: [ template_filter ] --END-- [ RunTime:0.000294s ]
NOTIC: [8] Undefined variable: keyword G:\proj_php\axd\Application\Runtime\Cache\Home\2a94b8bda04ff446dcedd42276fc99ee.php 第 139 行.
NOTIC: [8] Undefined index: axd_user G:\proj_php\axd\Application\Runtime\Cache\Home\2a94b8bda04ff446dcedd42276fc99ee.php 第 149 行.
NOTIC: [8] Undefined variable: URL G:\proj_php\axd\Application\Runtime\Cache\Home\2a94b8bda04ff446dcedd42276fc99ee.php 第 226 行.
NOTIC: [8] Undefined index: name G:\proj_php\axd\Application\Runtime\Cache\Home\2a94b8bda04ff446dcedd42276fc99ee.php 第 253 行.
NOTIC: [8] Undefined index: name G:\proj_php\axd\Application\Runtime\Cache\Home\2a94b8bda04ff446dcedd42276fc99ee.php 第 253 行.
NOTIC: [8] Undefined index: name G:\proj_php\axd\Application\Runtime\Cache\Home\2a94b8bda04ff446dcedd42276fc99ee.php 第 253 行.
NOTIC: [8] Undefined index: logo_image G:\proj_php\axd\Application\Runtime\Cache\Home\2a94b8bda04ff446dcedd42276fc99ee.php 第 275 行.
NOTIC: [8] Undefined index: user_id G:\proj_php\axd\Application\Runtime\Cache\Home\2a94b8bda04ff446dcedd42276fc99ee.php 第 298 行.
NOTIC: [8] Undefined index: logo_image G:\proj_php\axd\Application\Runtime\Cache\Home\2a94b8bda04ff446dcedd42276fc99ee.php 第 275 行.
NOTIC: [8] Undefined index: user_id G:\proj_php\axd\Application\Runtime\Cache\Home\2a94b8bda04ff446dcedd42276fc99ee.php 第 298 行.
NOTIC: [8] Undefined index: logo_image G:\proj_php\axd\Application\Runtime\Cache\Home\2a94b8bda04ff446dcedd42276fc99ee.php 第 275 行.
NOTIC: [8] Undefined index: user_id G:\proj_php\axd\Application\Runtime\Cache\Home\2a94b8bda04ff446dcedd42276fc99ee.php 第 298 行.
NOTIC: [8] Undefined index: logo_image G:\proj_php\axd\Application\Runtime\Cache\Home\2a94b8bda04ff446dcedd42276fc99ee.php 第 275 行.
NOTIC: [8] Undefined index: user_id G:\proj_php\axd\Application\Runtime\Cache\Home\2a94b8bda04ff446dcedd42276fc99ee.php 第 298 行.
NOTIC: [8] Undefined index: logo_image G:\proj_php\axd\Application\Runtime\Cache\Home\2a94b8bda04ff446dcedd42276fc99ee.php 第 275 行.
NOTIC: [8] Undefined index: user_id G:\proj_php\axd\Application\Runtime\Cache\Home\2a94b8bda04ff446dcedd42276fc99ee.php 第 298 行.
NOTIC: [8] Undefined index: logo_image G:\proj_php\axd\Application\Runtime\Cache\Home\2a94b8bda04ff446dcedd42276fc99ee.php 第 275 行.
NOTIC: [8] Undefined index: user_id G:\proj_php\axd\Application\Runtime\Cache\Home\2a94b8bda04ff446dcedd42276fc99ee.php 第 298 行.
NOTIC: [8] Undefined index: logo_image G:\proj_php\axd\Application\Runtime\Cache\Home\2a94b8bda04ff446dcedd42276fc99ee.php 第 275 行.
NOTIC: [8] Undefined index: user_id G:\proj_php\axd\Application\Runtime\Cache\Home\2a94b8bda04ff446dcedd42276fc99ee.php 第 298 行.
NOTIC: [8] Undefined index: logo_image G:\proj_php\axd\Application\Runtime\Cache\Home\2a94b8bda04ff446dcedd42276fc99ee.php 第 275 行.
NOTIC: [8] Undefined index: user_id G:\proj_php\axd\Application\Runtime\Cache\Home\2a94b8bda04ff446dcedd42276fc99ee.php 第 298 行.
NOTIC: [8] Undefined index: logo_image G:\proj_php\axd\Application\Runtime\Cache\Home\2a94b8bda04ff446dcedd42276fc99ee.php 第 275 行.
NOTIC: [8] Undefined index: user_id G:\proj_php\axd\Application\Runtime\Cache\Home\2a94b8bda04ff446dcedd42276fc99ee.php 第 298 行.
NOTIC: [8] Undefined index: logo_image G:\proj_php\axd\Application\Runtime\Cache\Home\2a94b8bda04ff446dcedd42276fc99ee.php 第 275 行.
NOTIC: [8] Undefined index: user_id G:\proj_php\axd\Application\Runtime\Cache\Home\2a94b8bda04ff446dcedd42276fc99ee.php 第 298 行.
NOTIC: [8] Undefined index: logo_image G:\proj_php\axd\Application\Runtime\Cache\Home\2a94b8bda04ff446dcedd42276fc99ee.php 第 275 行.
NOTIC: [8] Undefined index: user_id G:\proj_php\axd\Application\Runtime\Cache\Home\2a94b8bda04ff446dcedd42276fc99ee.php 第 298 行.
NOTIC: [8] Undefined index: logo_image G:\proj_php\axd\Application\Runtime\Cache\Home\2a94b8bda04ff446dcedd42276fc99ee.php 第 275 行.
NOTIC: [8] Undefined index: user_id G:\proj_php\axd\Application\Runtime\Cache\Home\2a94b8bda04ff446dcedd42276fc99ee.php 第 298 行.
NOTIC: [8] Undefined index: logo_image G:\proj_php\axd\Application\Runtime\Cache\Home\2a94b8bda04ff446dcedd42276fc99ee.php 第 275 行.
NOTIC: [8] Undefined index: user_id G:\proj_php\axd\Application\Runtime\Cache\Home\2a94b8bda04ff446dcedd42276fc99ee.php 第 298 行.
NOTIC: [8] Undefined index: logo_image G:\proj_php\axd\Application\Runtime\Cache\Home\2a94b8bda04ff446dcedd42276fc99ee.php 第 275 行.
NOTIC: [8] Undefined index: user_id G:\proj_php\axd\Application\Runtime\Cache\Home\2a94b8bda04ff446dcedd42276fc99ee.php 第 298 行.
NOTIC: [8] Undefined index: logo_image G:\proj_php\axd\Application\Runtime\Cache\Home\2a94b8bda04ff446dcedd42276fc99ee.php 第 275 行.
NOTIC: [8] Undefined index: user_id G:\proj_php\axd\Application\Runtime\Cache\Home\2a94b8bda04ff446dcedd42276fc99ee.php 第 298 行.
NOTIC: [8] Undefined index: logo_image G:\proj_php\axd\Application\Runtime\Cache\Home\2a94b8bda04ff446dcedd42276fc99ee.php 第 275 行.
NOTIC: [8] Undefined index: user_id G:\proj_php\axd\Application\Runtime\Cache\Home\2a94b8bda04ff446dcedd42276fc99ee.php 第 298 行.
NOTIC: [8] Undefined index: logo_image G:\proj_php\axd\Application\Runtime\Cache\Home\2a94b8bda04ff446dcedd42276fc99ee.php 第 275 行.
NOTIC: [8] Undefined index: user_id G:\proj_php\axd\Application\Runtime\Cache\Home\2a94b8bda04ff446dcedd42276fc99ee.php 第 298 行.
NOTIC: [8] Undefined index: logo_image G:\proj_php\axd\Application\Runtime\Cache\Home\2a94b8bda04ff446dcedd42276fc99ee.php 第 275 行.
NOTIC: [8] Undefined index: user_id G:\proj_php\axd\Application\Runtime\Cache\Home\2a94b8bda04ff446dcedd42276fc99ee.php 第 298 行.
NOTIC: [8] Undefined index: logo_image G:\proj_php\axd\Application\Runtime\Cache\Home\2a94b8bda04ff446dcedd42276fc99ee.php 第 275 行.
NOTIC: [8] Undefined index: user_id G:\proj_php\axd\Application\Runtime\Cache\Home\2a94b8bda04ff446dcedd42276fc99ee.php 第 298 行.
NOTIC: [8] Undefined index: logo_image G:\proj_php\axd\Application\Runtime\Cache\Home\2a94b8bda04ff446dcedd42276fc99ee.php 第 275 行.
NOTIC: [8] Undefined index: user_id G:\proj_php\axd\Application\Runtime\Cache\Home\2a94b8bda04ff446dcedd42276fc99ee.php 第 298 行.
NOTIC: [8] Undefined index: logo_image G:\proj_php\axd\Application\Runtime\Cache\Home\2a94b8bda04ff446dcedd42276fc99ee.php 第 275 行.
NOTIC: [8] Undefined index: user_id G:\proj_php\axd\Application\Runtime\Cache\Home\2a94b8bda04ff446dcedd42276fc99ee.php 第 298 行.
NOTIC: [8] Undefined index: logo_image G:\proj_php\axd\Application\Runtime\Cache\Home\2a94b8bda04ff446dcedd42276fc99ee.php 第 275 行.
NOTIC: [8] Undefined index: user_id G:\proj_php\axd\Application\Runtime\Cache\Home\2a94b8bda04ff446dcedd42276fc99ee.php 第 298 行.
NOTIC: [8] Undefined index: logo_image G:\proj_php\axd\Application\Runtime\Cache\Home\2a94b8bda04ff446dcedd42276fc99ee.php 第 275 行.
NOTIC: [8] Undefined index: user_id G:\proj_php\axd\Application\Runtime\Cache\Home\2a94b8bda04ff446dcedd42276fc99ee.php 第 298 行.
NOTIC: [8] Undefined index: logo_image G:\proj_php\axd\Application\Runtime\Cache\Home\2a94b8bda04ff446dcedd42276fc99ee.php 第 275 行.
NOTIC: [8] Undefined index: user_id G:\proj_php\axd\Application\Runtime\Cache\Home\2a94b8bda04ff446dcedd42276fc99ee.php 第 298 行.
INFO: Run Behavior\ParseTemplateBehavior [ RunTime:0.031039s ]
INFO: [ view_parse ] --END-- [ RunTime:0.031146s ]
INFO: [ view_filter ] --START--
INFO: Run Behavior\WriteHtmlCacheBehavior [ RunTime:0.000897s ]
INFO: [ view_filter ] --END-- [ RunTime:0.000996s ]
INFO: [ app_end ] --START--
INFO: Run Behavior\ShowPageTraceBehavior [ RunTime:0.000942s ]
INFO: [ app_end ] --END-- [ RunTime:0.001046s ]

[ 2017-05-23T09:24:51+08:00 ] ::1 /axd/Index/qr_code/type/1.html
INFO: [ app_init ] --START--
INFO: Run Behavior\BuildLiteBehavior [ RunTime:0.000024s ]
INFO: [ app_init ] --END-- [ RunTime:0.000157s ]
INFO: [ app_begin ] --START--
INFO: Run Behavior\ReadHtmlCacheBehavior [ RunTime:0.000957s ]
INFO: [ app_begin ] --END-- [ RunTime:0.001131s ]
INFO: [ app_end ] --START--
INFO: Run Behavior\ShowPageTraceBehavior [ RunTime:0.000797s ]
INFO: [ app_end ] --END-- [ RunTime:0.000925s ]

[ 2017-05-23T09:24:51+08:00 ] ::1 /axd/Index/qr_code/type/2.html
INFO: [ app_init ] --START--
INFO: Run Behavior\BuildLiteBehavior [ RunTime:0.000033s ]
INFO: [ app_init ] --END-- [ RunTime:0.000198s ]
INFO: [ app_begin ] --START--
INFO: Run Behavior\ReadHtmlCacheBehavior [ RunTime:0.001098s ]
INFO: [ app_begin ] --END-- [ RunTime:0.001331s ]
INFO: [ app_end ] --START--
INFO: Run Behavior\ShowPageTraceBehavior [ RunTime:0.000774s ]
INFO: [ app_end ] --END-- [ RunTime:0.000897s ]

[ 2017-05-23T09:27:38+08:00 ] ::1 /axd/Index/ApiTempIndex
INFO: [ app_init ] --START--
INFO: Run Behavior\BuildLiteBehavior [ RunTime:0.000024s ]
INFO: [ app_init ] --END-- [ RunTime:0.000145s ]
INFO: [ app_begin ] --START--
INFO: Run Behavior\ReadHtmlCacheBehavior [ RunTime:0.000654s ]
INFO: [ app_begin ] --END-- [ RunTime:0.000768s ]

[ 2017-05-23T09:27:48+08:00 ] ::1 /axd/Index/ApiTempIndex
INFO: [ app_init ] --START--
INFO: Run Behavior\BuildLiteBehavior [ RunTime:0.000024s ]
INFO: [ app_init ] --END-- [ RunTime:0.000146s ]
INFO: [ app_begin ] --START--
INFO: Run Behavior\ReadHtmlCacheBehavior [ RunTime:0.000709s ]
INFO: [ app_begin ] --END-- [ RunTime:0.000825s ]
INFO: [ view_parse ] --START--
INFO: [ template_filter ] --START--
INFO: Run Behavior\ContentReplaceBehavior [ RunTime:0.000238s ]
INFO: [ template_filter ] --END-- [ RunTime:0.000359s ]
INFO: Run Behavior\ParseTemplateBehavior [ RunTime:0.011130s ]
INFO: [ view_parse ] --END-- [ RunTime:0.011244s ]
INFO: [ view_filter ] --START--
INFO: Run Behavior\WriteHtmlCacheBehavior [ RunTime:0.000573s ]
INFO: [ view_filter ] --END-- [ RunTime:0.000673s ]
INFO: [ app_end ] --START--
INFO: Run Behavior\ShowPageTraceBehavior [ RunTime:0.000654s ]
INFO: [ app_end ] --END-- [ RunTime:0.000760s ]

[ 2017-05-23T09:27:58+08:00 ] ::1 /axd/
INFO: [ app_init ] --START--
INFO: Run Behavior\BuildLiteBehavior [ RunTime:0.000022s ]
INFO: [ app_init ] --END-- [ RunTime:0.000157s ]
INFO: [ app_begin ] --START--
INFO: Run Behavior\ReadHtmlCacheBehavior [ RunTime:0.000652s ]
INFO: [ app_begin ] --END-- [ RunTime:0.000767s ]
SQL: SHOW COLUMNS FROM `axd_banner` [ RunTime:0.0033s ]
SQL: SELECT * FROM `axd_banner` ORDER BY order_n  [ RunTime:0.0003s ]
SQL: SELECT s.subject_id,s.image,s.`name`,s.text_content FROM axd_subject s GROUP BY s.subject_id ORDER BY s.add_time DESC LIMIT 0,24 [ RunTime:0.0004s ]
SQL: SELECT COUNT(*) as count FROM axd_subject s [ RunTime:0.0002s ]
INFO: [ view_parse ] --START--
INFO: [ template_filter ] --START--
INFO: Run Behavior\ContentReplaceBehavior [ RunTime:0.000188s ]
INFO: [ template_filter ] --END-- [ RunTime:0.000291s ]
NOTIC: [8] Undefined variable: keyword G:\proj_php\axd\Application\Runtime\Cache\Home\2a94b8bda04ff446dcedd42276fc99ee.php 第 139 行.
NOTIC: [8] Undefined index: axd_user G:\proj_php\axd\Application\Runtime\Cache\Home\2a94b8bda04ff446dcedd42276fc99ee.php 第 149 行.
NOTIC: [8] Undefined variable: URL G:\proj_php\axd\Application\Runtime\Cache\Home\2a94b8bda04ff446dcedd42276fc99ee.php 第 226 行.
NOTIC: [8] Undefined index: name G:\proj_php\axd\Application\Runtime\Cache\Home\2a94b8bda04ff446dcedd42276fc99ee.php 第 253 行.
NOTIC: [8] Undefined index: name G:\proj_php\axd\Application\Runtime\Cache\Home\2a94b8bda04ff446dcedd42276fc99ee.php 第 253 行.
NOTIC: [8] Undefined index: name G:\proj_php\axd\Application\Runtime\Cache\Home\2a94b8bda04ff446dcedd42276fc99ee.php 第 253 行.
NOTIC: [8] Undefined index: logo_image G:\proj_php\axd\Application\Runtime\Cache\Home\2a94b8bda04ff446dcedd42276fc99ee.php 第 275 行.
NOTIC: [8] Undefined index: user_id G:\proj_php\axd\Application\Runtime\Cache\Home\2a94b8bda04ff446dcedd42276fc99ee.php 第 298 行.
NOTIC: [8] Undefined index: logo_image G:\proj_php\axd\Application\Runtime\Cache\Home\2a94b8bda04ff446dcedd42276fc99ee.php 第 275 行.
NOTIC: [8] Undefined index: user_id G:\proj_php\axd\Application\Runtime\Cache\Home\2a94b8bda04ff446dcedd42276fc99ee.php 第 298 行.
NOTIC: [8] Undefined index: logo_image G:\proj_php\axd\Application\Runtime\Cache\Home\2a94b8bda04ff446dcedd42276fc99ee.php 第 275 行.
NOTIC: [8] Undefined index: user_id G:\proj_php\axd\Application\Runtime\Cache\Home\2a94b8bda04ff446dcedd42276fc99ee.php 第 298 行.
NOTIC: [8] Undefined index: logo_image G:\proj_php\axd\Application\Runtime\Cache\Home\2a94b8bda04ff446dcedd42276fc99ee.php 第 275 行.
NOTIC: [8] Undefined index: user_id G:\proj_php\axd\Application\Runtime\Cache\Home\2a94b8bda04ff446dcedd42276fc99ee.php 第 298 行.
NOTIC: [8] Undefined index: logo_image G:\proj_php\axd\Application\Runtime\Cache\Home\2a94b8bda04ff446dcedd42276fc99ee.php 第 275 行.
NOTIC: [8] Undefined index: user_id G:\proj_php\axd\Application\Runtime\Cache\Home\2a94b8bda04ff446dcedd42276fc99ee.php 第 298 行.
NOTIC: [8] Undefined index: logo_image G:\proj_php\axd\Application\Runtime\Cache\Home\2a94b8bda04ff446dcedd42276fc99ee.php 第 275 行.
NOTIC: [8] Undefined index: user_id G:\proj_php\axd\Application\Runtime\Cache\Home\2a94b8bda04ff446dcedd42276fc99ee.php 第 298 行.
NOTIC: [8] Undefined index: logo_image G:\proj_php\axd\Application\Runtime\Cache\Home\2a94b8bda04ff446dcedd42276fc99ee.php 第 275 行.
NOTIC: [8] Undefined index: user_id G:\proj_php\axd\Application\Runtime\Cache\Home\2a94b8bda04ff446dcedd42276fc99ee.php 第 298 行.
NOTIC: [8] Undefined index: logo_image G:\proj_php\axd\Application\Runtime\Cache\Home\2a94b8bda04ff446dcedd42276fc99ee.php 第 275 行.
NOTIC: [8] Undefined index: user_id G:\proj_php\axd\Application\Runtime\Cache\Home\2a94b8bda04ff446dcedd42276fc99ee.php 第 298 行.
NOTIC: [8] Undefined index: logo_image G:\proj_php\axd\Application\Runtime\Cache\Home\2a94b8bda04ff446dcedd42276fc99ee.php 第 275 行.
NOTIC: [8] Undefined index: user_id G:\proj_php\axd\Application\Runtime\Cache\Home\2a94b8bda04ff446dcedd42276fc99ee.php 第 298 行.
NOTIC: [8] Undefined index: logo_image G:\proj_php\axd\Application\Runtime\Cache\Home\2a94b8bda04ff446dcedd42276fc99ee.php 第 275 行.
NOTIC: [8] Undefined index: user_id G:\proj_php\axd\Application\Runtime\Cache\Home\2a94b8bda04ff446dcedd42276fc99ee.php 第 298 行.
NOTIC: [8] Undefined index: logo_image G:\proj_php\axd\Application\Runtime\Cache\Home\2a94b8bda04ff446dcedd42276fc99ee.php 第 275 行.
NOTIC: [8] Undefined index: user_id G:\proj_php\axd\Application\Runtime\Cache\Home\2a94b8bda04ff446dcedd42276fc99ee.php 第 298 行.
NOTIC: [8] Undefined index: logo_image G:\proj_php\axd\Application\Runtime\Cache\Home\2a94b8bda04ff446dcedd42276fc99ee.php 第 275 行.
NOTIC: [8] Undefined index: user_id G:\proj_php\axd\Application\Runtime\Cache\Home\2a94b8bda04ff446dcedd42276fc99ee.php 第 298 行.
NOTIC: [8] Undefined index: logo_image G:\proj_php\axd\Application\Runtime\Cache\Home\2a94b8bda04ff446dcedd42276fc99ee.php 第 275 行.
NOTIC: [8] Undefined index: user_id G:\proj_php\axd\Application\Runtime\Cache\Home\2a94b8bda04ff446dcedd42276fc99ee.php 第 298 行.
NOTIC: [8] Undefined index: logo_image G:\proj_php\axd\Application\Runtime\Cache\Home\2a94b8bda04ff446dcedd42276fc99ee.php 第 275 行.
NOTIC: [8] Undefined index: user_id G:\proj_php\axd\Application\Runtime\Cache\Home\2a94b8bda04ff446dcedd42276fc99ee.php 第 298 行.
NOTIC: [8] Undefined index: logo_image G:\proj_php\axd\Application\Runtime\Cache\Home\2a94b8bda04ff446dcedd42276fc99ee.php 第 275 行.
NOTIC: [8] Undefined index: user_id G:\proj_php\axd\Application\Runtime\Cache\Home\2a94b8bda04ff446dcedd42276fc99ee.php 第 298 行.
NOTIC: [8] Undefined index: logo_image G:\proj_php\axd\Application\Runtime\Cache\Home\2a94b8bda04ff446dcedd42276fc99ee.php 第 275 行.
NOTIC: [8] Undefined index: user_id G:\proj_php\axd\Application\Runtime\Cache\Home\2a94b8bda04ff446dcedd42276fc99ee.php 第 298 行.
NOTIC: [8] Undefined index: logo_image G:\proj_php\axd\Application\Runtime\Cache\Home\2a94b8bda04ff446dcedd42276fc99ee.php 第 275 行.
NOTIC: [8] Undefined index: user_id G:\proj_php\axd\Application\Runtime\Cache\Home\2a94b8bda04ff446dcedd42276fc99ee.php 第 298 行.
NOTIC: [8] Undefined index: logo_image G:\proj_php\axd\Application\Runtime\Cache\Home\2a94b8bda04ff446dcedd42276fc99ee.php 第 275 行.
NOTIC: [8] Undefined index: user_id G:\proj_php\axd\Application\Runtime\Cache\Home\2a94b8bda04ff446dcedd42276fc99ee.php 第 298 行.
NOTIC: [8] Undefined index: logo_image G:\proj_php\axd\Application\Runtime\Cache\Home\2a94b8bda04ff446dcedd42276fc99ee.php 第 275 行.
NOTIC: [8] Undefined index: user_id G:\proj_php\axd\Application\Runtime\Cache\Home\2a94b8bda04ff446dcedd42276fc99ee.php 第 298 行.
NOTIC: [8] Undefined index: logo_image G:\proj_php\axd\Application\Runtime\Cache\Home\2a94b8bda04ff446dcedd42276fc99ee.php 第 275 行.
NOTIC: [8] Undefined index: user_id G:\proj_php\axd\Application\Runtime\Cache\Home\2a94b8bda04ff446dcedd42276fc99ee.php 第 298 行.
NOTIC: [8] Undefined index: logo_image G:\proj_php\axd\Application\Runtime\Cache\Home\2a94b8bda04ff446dcedd42276fc99ee.php 第 275 行.
NOTIC: [8] Undefined index: user_id G:\proj_php\axd\Application\Runtime\Cache\Home\2a94b8bda04ff446dcedd42276fc99ee.php 第 298 行.
NOTIC: [8] Undefined index: logo_image G:\proj_php\axd\Application\Runtime\Cache\Home\2a94b8bda04ff446dcedd42276fc99ee.php 第 275 行.
NOTIC: [8] Undefined index: user_id G:\proj_php\axd\Application\Runtime\Cache\Home\2a94b8bda04ff446dcedd42276fc99ee.php 第 298 行.
NOTIC: [8] Undefined index: logo_image G:\proj_php\axd\Application\Runtime\Cache\Home\2a94b8bda04ff446dcedd42276fc99ee.php 第 275 行.
NOTIC: [8] Undefined index: user_id G:\proj_php\axd\Application\Runtime\Cache\Home\2a94b8bda04ff446dcedd42276fc99ee.php 第 298 行.
NOTIC: [8] Undefined index: logo_image G:\proj_php\axd\Application\Runtime\Cache\Home\2a94b8bda04ff446dcedd42276fc99ee.php 第 275 行.
NOTIC: [8] Undefined index: user_id G:\proj_php\axd\Application\Runtime\Cache\Home\2a94b8bda04ff446dcedd42276fc99ee.php 第 298 行.
INFO: Run Behavior\ParseTemplateBehavior [ RunTime:0.028877s ]
INFO: [ view_parse ] --END-- [ RunTime:0.028981s ]
INFO: [ view_filter ] --START--
INFO: Run Behavior\WriteHtmlCacheBehavior [ RunTime:0.000520s ]
INFO: [ view_filter ] --END-- [ RunTime:0.000616s ]
INFO: [ app_end ] --START--
INFO: Run Behavior\ShowPageTraceBehavior [ RunTime:0.000665s ]
INFO: [ app_end ] --END-- [ RunTime:0.000771s ]

[ 2017-05-23T09:27:58+08:00 ] ::1 /axd/Index/qr_code/type/1.html
INFO: [ app_init ] --START--
INFO: Run Behavior\BuildLiteBehavior [ RunTime:0.000027s ]
INFO: [ app_init ] --END-- [ RunTime:0.000153s ]
INFO: [ app_begin ] --START--
INFO: Run Behavior\ReadHtmlCacheBehavior [ RunTime:0.000666s ]
INFO: [ app_begin ] --END-- [ RunTime:0.000776s ]
INFO: [ app_end ] --START--
INFO: Run Behavior\ShowPageTraceBehavior [ RunTime:0.000709s ]
INFO: [ app_end ] --END-- [ RunTime:0.000830s ]

[ 2017-05-23T09:27:59+08:00 ] ::1 /axd/Index/qr_code/type/2.html
INFO: [ app_init ] --START--
INFO: Run Behavior\BuildLiteBehavior [ RunTime:0.000022s ]
INFO: [ app_init ] --END-- [ RunTime:0.000142s ]
INFO: [ app_begin ] --START--
INFO: Run Behavior\ReadHtmlCacheBehavior [ RunTime:0.000655s ]
INFO: [ app_begin ] --END-- [ RunTime:0.000805s ]
INFO: [ app_end ] --START--
INFO: Run Behavior\ShowPageTraceBehavior [ RunTime:0.000667s ]
INFO: [ app_end ] --END-- [ RunTime:0.000786s ]

[ 2017-05-23T09:35:55+08:00 ] ::1 /axd/
INFO: [ app_init ] --START--
INFO: Run Behavior\BuildLiteBehavior [ RunTime:0.000057s ]
INFO: [ app_init ] --END-- [ RunTime:0.000367s ]
INFO: [ app_begin ] --START--
INFO: Run Behavior\ReadHtmlCacheBehavior [ RunTime:0.001599s ]
INFO: [ app_begin ] --END-- [ RunTime:0.001882s ]
SQL: SHOW COLUMNS FROM `axd_banner` [ RunTime:0.0074s ]
SQL: SELECT * FROM `axd_banner` ORDER BY order_n  [ RunTime:0.0006s ]
SQL: SELECT s.subject_id,s.image,s.`name`,s.text_content FROM axd_subject s GROUP BY s.subject_id ORDER BY s.add_time DESC LIMIT 0,24 [ RunTime:0.0007s ]
SQL: SELECT COUNT(*) as count FROM axd_subject s [ RunTime:0.0005s ]
INFO: [ view_parse ] --START--
INFO: [ template_filter ] --START--
INFO: Run Behavior\ContentReplaceBehavior [ RunTime:0.000243s ]
INFO: [ template_filter ] --END-- [ RunTime:0.000376s ]
NOTIC: [8] Undefined variable: keyword G:\proj_php\axd\Application\Runtime\Cache\Home\2a94b8bda04ff446dcedd42276fc99ee.php 第 139 行.
NOTIC: [8] Undefined index: axd_user G:\proj_php\axd\Application\Runtime\Cache\Home\2a94b8bda04ff446dcedd42276fc99ee.php 第 149 行.
NOTIC: [8] Undefined variable: URL G:\proj_php\axd\Application\Runtime\Cache\Home\2a94b8bda04ff446dcedd42276fc99ee.php 第 226 行.
NOTIC: [8] Undefined index: name G:\proj_php\axd\Application\Runtime\Cache\Home\2a94b8bda04ff446dcedd42276fc99ee.php 第 253 行.
NOTIC: [8] Undefined index: name G:\proj_php\axd\Application\Runtime\Cache\Home\2a94b8bda04ff446dcedd42276fc99ee.php 第 253 行.
NOTIC: [8] Undefined index: name G:\proj_php\axd\Application\Runtime\Cache\Home\2a94b8bda04ff446dcedd42276fc99ee.php 第 253 行.
NOTIC: [8] Undefined index: logo_image G:\proj_php\axd\Application\Runtime\Cache\Home\2a94b8bda04ff446dcedd42276fc99ee.php 第 275 行.
NOTIC: [8] Undefined index: user_id G:\proj_php\axd\Application\Runtime\Cache\Home\2a94b8bda04ff446dcedd42276fc99ee.php 第 298 行.
NOTIC: [8] Undefined index: logo_image G:\proj_php\axd\Application\Runtime\Cache\Home\2a94b8bda04ff446dcedd42276fc99ee.php 第 275 行.
NOTIC: [8] Undefined index: user_id G:\proj_php\axd\Application\Runtime\Cache\Home\2a94b8bda04ff446dcedd42276fc99ee.php 第 298 行.
NOTIC: [8] Undefined index: logo_image G:\proj_php\axd\Application\Runtime\Cache\Home\2a94b8bda04ff446dcedd42276fc99ee.php 第 275 行.
NOTIC: [8] Undefined index: user_id G:\proj_php\axd\Application\Runtime\Cache\Home\2a94b8bda04ff446dcedd42276fc99ee.php 第 298 行.
NOTIC: [8] Undefined index: logo_image G:\proj_php\axd\Application\Runtime\Cache\Home\2a94b8bda04ff446dcedd42276fc99ee.php 第 275 行.
NOTIC: [8] Undefined index: user_id G:\proj_php\axd\Application\Runtime\Cache\Home\2a94b8bda04ff446dcedd42276fc99ee.php 第 298 行.
NOTIC: [8] Undefined index: logo_image G:\proj_php\axd\Application\Runtime\Cache\Home\2a94b8bda04ff446dcedd42276fc99ee.php 第 275 行.
NOTIC: [8] Undefined index: user_id G:\proj_php\axd\Application\Runtime\Cache\Home\2a94b8bda04ff446dcedd42276fc99ee.php 第 298 行.
NOTIC: [8] Undefined index: logo_image G:\proj_php\axd\Application\Runtime\Cache\Home\2a94b8bda04ff446dcedd42276fc99ee.php 第 275 行.
NOTIC: [8] Undefined index: user_id G:\proj_php\axd\Application\Runtime\Cache\Home\2a94b8bda04ff446dcedd42276fc99ee.php 第 298 行.
NOTIC: [8] Undefined index: logo_image G:\proj_php\axd\Application\Runtime\Cache\Home\2a94b8bda04ff446dcedd42276fc99ee.php 第 275 行.
NOTIC: [8] Undefined index: user_id G:\proj_php\axd\Application\Runtime\Cache\Home\2a94b8bda04ff446dcedd42276fc99ee.php 第 298 行.
NOTIC: [8] Undefined index: logo_image G:\proj_php\axd\Application\Runtime\Cache\Home\2a94b8bda04ff446dcedd42276fc99ee.php 第 275 行.
NOTIC: [8] Undefined index: user_id G:\proj_php\axd\Application\Runtime\Cache\Home\2a94b8bda04ff446dcedd42276fc99ee.php 第 298 行.
NOTIC: [8] Undefined index: logo_image G:\proj_php\axd\Application\Runtime\Cache\Home\2a94b8bda04ff446dcedd42276fc99ee.php 第 275 行.
NOTIC: [8] Undefined index: user_id G:\proj_php\axd\Application\Runtime\Cache\Home\2a94b8bda04ff446dcedd42276fc99ee.php 第 298 行.
NOTIC: [8] Undefined index: logo_image G:\proj_php\axd\Application\Runtime\Cache\Home\2a94b8bda04ff446dcedd42276fc99ee.php 第 275 行.
NOTIC: [8] Undefined index: user_id G:\proj_php\axd\Application\Runtime\Cache\Home\2a94b8bda04ff446dcedd42276fc99ee.php 第 298 行.
NOTIC: [8] Undefined index: logo_image G:\proj_php\axd\Application\Runtime\Cache\Home\2a94b8bda04ff446dcedd42276fc99ee.php 第 275 行.
NOTIC: [8] Undefined index: user_id G:\proj_php\axd\Application\Runtime\Cache\Home\2a94b8bda04ff446dcedd42276fc99ee.php 第 298 行.
NOTIC: [8] Undefined index: logo_image G:\proj_php\axd\Application\Runtime\Cache\Home\2a94b8bda04ff446dcedd42276fc99ee.php 第 275 行.
NOTIC: [8] Undefined index: user_id G:\proj_php\axd\Application\Runtime\Cache\Home\2a94b8bda04ff446dcedd42276fc99ee.php 第 298 行.
NOTIC: [8] Undefined index: logo_image G:\proj_php\axd\Application\Runtime\Cache\Home\2a94b8bda04ff446dcedd42276fc99ee.php 第 275 行.
NOTIC: [8] Undefined index: user_id G:\proj_php\axd\Application\Runtime\Cache\Home\2a94b8bda04ff446dcedd42276fc99ee.php 第 298 行.
NOTIC: [8] Undefined index: logo_image G:\proj_php\axd\Application\Runtime\Cache\Home\2a94b8bda04ff446dcedd42276fc99ee.php 第 275 行.
NOTIC: [8] Undefined index: user_id G:\proj_php\axd\Application\Runtime\Cache\Home\2a94b8bda04ff446dcedd42276fc99ee.php 第 298 行.
NOTIC: [8] Undefined index: logo_image G:\proj_php\axd\Application\Runtime\Cache\Home\2a94b8bda04ff446dcedd42276fc99ee.php 第 275 行.
NOTIC: [8] Undefined index: user_id G:\proj_php\axd\Application\Runtime\Cache\Home\2a94b8bda04ff446dcedd42276fc99ee.php 第 298 行.
NOTIC: [8] Undefined index: logo_image G:\proj_php\axd\Application\Runtime\Cache\Home\2a94b8bda04ff446dcedd42276fc99ee.php 第 275 行.
NOTIC: [8] Undefined index: user_id G:\proj_php\axd\Application\Runtime\Cache\Home\2a94b8bda04ff446dcedd42276fc99ee.php 第 298 行.
NOTIC: [8] Undefined index: logo_image G:\proj_php\axd\Application\Runtime\Cache\Home\2a94b8bda04ff446dcedd42276fc99ee.php 第 275 行.
NOTIC: [8] Undefined index: user_id G:\proj_php\axd\Application\Runtime\Cache\Home\2a94b8bda04ff446dcedd42276fc99ee.php 第 298 行.
NOTIC: [8] Undefined index: logo_image G:\proj_php\axd\Application\Runtime\Cache\Home\2a94b8bda04ff446dcedd42276fc99ee.php 第 275 行.
NOTIC: [8] Undefined index: user_id G:\proj_php\axd\Application\Runtime\Cache\Home\2a94b8bda04ff446dcedd42276fc99ee.php 第 298 行.
NOTIC: [8] Undefined index: logo_image G:\proj_php\axd\Application\Runtime\Cache\Home\2a94b8bda04ff446dcedd42276fc99ee.php 第 275 行.
NOTIC: [8] Undefined index: user_id G:\proj_php\axd\Application\Runtime\Cache\Home\2a94b8bda04ff446dcedd42276fc99ee.php 第 298 行.
NOTIC: [8] Undefined index: logo_image G:\proj_php\axd\Application\Runtime\Cache\Home\2a94b8bda04ff446dcedd42276fc99ee.php 第 275 行.
NOTIC: [8] Undefined index: user_id G:\proj_php\axd\Application\Runtime\Cache\Home\2a94b8bda04ff446dcedd42276fc99ee.php 第 298 行.
NOTIC: [8] Undefined index: logo_image G:\proj_php\axd\Application\Runtime\Cache\Home\2a94b8bda04ff446dcedd42276fc99ee.php 第 275 行.
NOTIC: [8] Undefined index: user_id G:\proj_php\axd\Application\Runtime\Cache\Home\2a94b8bda04ff446dcedd42276fc99ee.php 第 298 行.
NOTIC: [8] Undefined index: logo_image G:\proj_php\axd\Application\Runtime\Cache\Home\2a94b8bda04ff446dcedd42276fc99ee.php 第 275 行.
NOTIC: [8] Undefined index: user_id G:\proj_php\axd\Application\Runtime\Cache\Home\2a94b8bda04ff446dcedd42276fc99ee.php 第 298 行.
NOTIC: [8] Undefined index: logo_image G:\proj_php\axd\Application\Runtime\Cache\Home\2a94b8bda04ff446dcedd42276fc99ee.php 第 275 行.
NOTIC: [8] Undefined index: user_id G:\proj_php\axd\Application\Runtime\Cache\Home\2a94b8bda04ff446dcedd42276fc99ee.php 第 298 行.
NOTIC: [8] Undefined index: logo_image G:\proj_php\axd\Application\Runtime\Cache\Home\2a94b8bda04ff446dcedd42276fc99ee.php 第 275 行.
NOTIC: [8] Undefined index: user_id G:\proj_php\axd\Application\Runtime\Cache\Home\2a94b8bda04ff446dcedd42276fc99ee.php 第 298 行.
INFO: Run Behavior\ParseTemplateBehavior [ RunTime:0.043865s ]
INFO: [ view_parse ] --END-- [ RunTime:0.044009s ]
INFO: [ view_filter ] --START--
INFO: Run Behavior\WriteHtmlCacheBehavior [ RunTime:0.000814s ]
INFO: [ view_filter ] --END-- [ RunTime:0.000965s ]
INFO: [ app_end ] --START--
INFO: Run Behavior\ShowPageTraceBehavior [ RunTime:0.000959s ]
INFO: [ app_end ] --END-- [ RunTime:0.001123s ]

[ 2017-05-23T09:35:55+08:00 ] ::1 /axd/Index/qr_code/type/1.html
INFO: [ app_init ] --START--
INFO: Run Behavior\BuildLiteBehavior [ RunTime:0.000039s ]
INFO: [ app_init ] --END-- [ RunTime:0.000238s ]
INFO: [ app_begin ] --START--
INFO: Run Behavior\ReadHtmlCacheBehavior [ RunTime:0.000775s ]
INFO: [ app_begin ] --END-- [ RunTime:0.000947s ]
INFO: [ app_end ] --START--
INFO: Run Behavior\ShowPageTraceBehavior [ RunTime:0.000670s ]
INFO: [ app_end ] --END-- [ RunTime:0.000795s ]

[ 2017-05-23T09:35:55+08:00 ] ::1 /axd/Index/qr_code/type/2.html
INFO: [ app_init ] --START--
INFO: Run Behavior\BuildLiteBehavior [ RunTime:0.000023s ]
INFO: [ app_init ] --END-- [ RunTime:0.000141s ]
INFO: [ app_begin ] --START--
INFO: Run Behavior\ReadHtmlCacheBehavior [ RunTime:0.000637s ]
INFO: [ app_begin ] --END-- [ RunTime:0.000768s ]
SQL: SHOW COLUMNS FROM `axd_version` [ RunTime:0.0043s ]
SQL: SELECT `url` FROM `axd_version` WHERE ( type=2 ) LIMIT 1   [ RunTime:0.0019s ]
INFO: [ app_end ] --START--
INFO: Run Behavior\ShowPageTraceBehavior [ RunTime:0.000718s ]
INFO: [ app_end ] --END-- [ RunTime:0.000837s ]

