[ 2017-05-17T15:00:52+08:00 ] ::1 /axd/Api/Collocation/shareCollocation/id/2
INFO: [ app_init ] --START--
INFO: Run Behavior\BuildLiteBehavior [ RunTime:0.000031s ]
INFO: [ app_init ] --END-- [ RunTime:0.000161s ]
INFO: [ app_begin ] --START--
INFO: Run Behavior\ReadHtmlCacheBehavior [ RunTime:0.000480s ]
INFO: [ app_begin ] --END-- [ RunTime:0.000618s ]
SQL: SHOW COLUMNS FROM `axd_collocation` [ RunTime:0.0056s ]
SQL: SELECT `title`,`introduce`,`image` FROM `axd_collocation` WHERE `collocation_id` = 2 LIMIT 1   [ RunTime:0.0002s ]
SQL: SHOW COLUMNS FROM `axd_collocation_label` [ RunTime:0.0049s ]
SQL: SELECT `label_text` FROM `axd_collocation_label` WHERE ( collocation_id='2' )  [ RunTime:0.0002s ]
SQL: SHOW COLUMNS FROM `axd_collocation_node` [ RunTime:0.0063s ]
SQL: SELECT cn.goods_id,cn.index_x,cn.index_y,cn.goods_text FROM axd_collocation_node cn INNER JOIN axd_goods g ON g.goods_id = cn.goods_id  WHERE ( collocation_id='2' )  [ RunTime:0.0030s ]
INFO: [ view_parse ] --START--
INFO: [ template_filter ] --START--
INFO: Run Behavior\ContentReplaceBehavior [ RunTime:0.000121s ]
INFO: [ template_filter ] --END-- [ RunTime:0.000225s ]
INFO: Run Behavior\ParseTemplateBehavior [ RunTime:0.007506s ]
INFO: [ view_parse ] --END-- [ RunTime:0.007615s ]
INFO: [ view_filter ] --START--
INFO: Run Behavior\WriteHtmlCacheBehavior [ RunTime:0.000362s ]
INFO: [ view_filter ] --END-- [ RunTime:0.000456s ]
INFO: [ app_end ] --START--
INFO: Run Behavior\ShowPageTraceBehavior [ RunTime:0.000448s ]
INFO: [ app_end ] --END-- [ RunTime:0.000550s ]

[ 2017-05-17T15:00:52+08:00 ] ::1 /axd/Api/Collocation/getCGoodsNode
INFO: [ app_init ] --START--
INFO: Run Behavior\BuildLiteBehavior [ RunTime:0.000020s ]
INFO: [ app_init ] --END-- [ RunTime:0.000123s ]
INFO: [ app_begin ] --START--
INFO: Run Behavior\ReadHtmlCacheBehavior [ RunTime:0.000423s ]
INFO: [ app_begin ] --END-- [ RunTime:0.000516s ]
SQL: SHOW COLUMNS FROM `axd_collocation_node` [ RunTime:0.0033s ]
SQL: SELECT cn.goods_id,cn.index_x,cn.index_y,cn.goods_text,g.name FROM axd_collocation_node cn INNER JOIN axd_goods g ON g.goods_id = cn.goods_id  WHERE ( collocation_id='2' )  [ RunTime:0.0003s ]

[ 2017-05-17T15:00:55+08:00 ] ::1 /axd/Api/Collocation/shareCollocation/id/2
INFO: [ app_init ] --START--
INFO: Run Behavior\BuildLiteBehavior [ RunTime:0.000024s ]
INFO: [ app_init ] --END-- [ RunTime:0.000142s ]
INFO: [ app_begin ] --START--
INFO: Run Behavior\ReadHtmlCacheBehavior [ RunTime:0.000477s ]
INFO: [ app_begin ] --END-- [ RunTime:0.000582s ]
SQL: SHOW COLUMNS FROM `axd_collocation` [ RunTime:0.0041s ]
SQL: SELECT `title`,`introduce`,`image` FROM `axd_collocation` WHERE `collocation_id` = 2 LIMIT 1   [ RunTime:0.0003s ]
SQL: SHOW COLUMNS FROM `axd_collocation_label` [ RunTime:0.0031s ]
SQL: SELECT `label_text` FROM `axd_collocation_label` WHERE ( collocation_id='2' )  [ RunTime:0.0002s ]
SQL: SHOW COLUMNS FROM `axd_collocation_node` [ RunTime:0.0047s ]
SQL: SELECT cn.goods_id,cn.index_x,cn.index_y,cn.goods_text FROM axd_collocation_node cn INNER JOIN axd_goods g ON g.goods_id = cn.goods_id  WHERE ( collocation_id='2' )  [ RunTime:0.0003s ]
INFO: [ view_parse ] --START--
INFO: [ template_filter ] --START--
INFO: Run Behavior\ContentReplaceBehavior [ RunTime:0.000115s ]
INFO: [ template_filter ] --END-- [ RunTime:0.000216s ]
INFO: Run Behavior\ParseTemplateBehavior [ RunTime:0.006872s ]
INFO: [ view_parse ] --END-- [ RunTime:0.006981s ]
INFO: [ view_filter ] --START--
INFO: Run Behavior\WriteHtmlCacheBehavior [ RunTime:0.000314s ]
INFO: [ view_filter ] --END-- [ RunTime:0.000410s ]
INFO: [ app_end ] --START--
INFO: Run Behavior\ShowPageTraceBehavior [ RunTime:0.000448s ]
INFO: [ app_end ] --END-- [ RunTime:0.000549s ]

[ 2017-05-17T15:00:55+08:00 ] ::1 /axd/Api/Collocation/getCGoodsNode
INFO: [ app_init ] --START--
INFO: Run Behavior\BuildLiteBehavior [ RunTime:0.000022s ]
INFO: [ app_init ] --END-- [ RunTime:0.000129s ]
INFO: [ app_begin ] --START--
INFO: Run Behavior\ReadHtmlCacheBehavior [ RunTime:0.000434s ]
INFO: [ app_begin ] --END-- [ RunTime:0.000533s ]
SQL: SHOW COLUMNS FROM `axd_collocation_node` [ RunTime:0.0047s ]
SQL: SELECT cn.goods_id,cn.index_x,cn.index_y,cn.goods_text,g.name FROM axd_collocation_node cn INNER JOIN axd_goods g ON g.goods_id = cn.goods_id  WHERE ( collocation_id='2' )  [ RunTime:0.0004s ]

[ 2017-05-17T15:00:58+08:00 ] ::1 /axd/Api/Collocation/getCGoodsNode
INFO: [ app_init ] --START--
INFO: Run Behavior\BuildLiteBehavior [ RunTime:0.000022s ]
INFO: [ app_init ] --END-- [ RunTime:0.000127s ]
INFO: [ app_begin ] --START--
INFO: Run Behavior\ReadHtmlCacheBehavior [ RunTime:0.000431s ]
INFO: [ app_begin ] --END-- [ RunTime:0.000529s ]
SQL: SHOW COLUMNS FROM `axd_collocation_node` [ RunTime:0.0035s ]
SQL: SELECT cn.goods_id,cn.index_x,cn.index_y,cn.goods_text,g.name FROM axd_collocation_node cn INNER JOIN axd_goods g ON g.goods_id = cn.goods_id  WHERE ( collocation_id='2' )  [ RunTime:0.0003s ]

[ 2017-05-17T15:01:06+08:00 ] ::1 /axd/Api/Subject/shareShare/id/83
INFO: [ app_init ] --START--
INFO: Run Behavior\BuildLiteBehavior [ RunTime:0.000024s ]
INFO: [ app_init ] --END-- [ RunTime:0.000143s ]
INFO: [ app_begin ] --START--
INFO: Run Behavior\ReadHtmlCacheBehavior [ RunTime:0.000479s ]
INFO: [ app_begin ] --END-- [ RunTime:0.000593s ]

[ 2017-05-17T15:01:09+08:00 ] ::1 /axd/Api/Subject/shareShare/id/82
INFO: [ app_init ] --START--
INFO: Run Behavior\BuildLiteBehavior [ RunTime:0.000024s ]
INFO: [ app_init ] --END-- [ RunTime:0.000148s ]
INFO: [ app_begin ] --START--
INFO: Run Behavior\ReadHtmlCacheBehavior [ RunTime:0.000486s ]
INFO: [ app_begin ] --END-- [ RunTime:0.000604s ]

[ 2017-05-17T15:01:27+08:00 ] ::1 /axd/Api/Subject/shareShare/id/10
INFO: [ app_init ] --START--
INFO: Run Behavior\BuildLiteBehavior [ RunTime:0.000023s ]
INFO: [ app_init ] --END-- [ RunTime:0.000142s ]
INFO: [ app_begin ] --START--
INFO: Run Behavior\ReadHtmlCacheBehavior [ RunTime:0.000466s ]
INFO: [ app_begin ] --END-- [ RunTime:0.000578s ]

[ 2017-05-17T15:01:56+08:00 ] ::1 /axd/Api/Subject/shareSubject/id/10
INFO: [ app_init ] --START--
INFO: Run Behavior\BuildLiteBehavior [ RunTime:0.000023s ]
INFO: [ app_init ] --END-- [ RunTime:0.000145s ]
INFO: [ app_begin ] --START--
INFO: Run Behavior\ReadHtmlCacheBehavior [ RunTime:0.000499s ]
INFO: [ app_begin ] --END-- [ RunTime:0.000615s ]
SQL: SHOW COLUMNS FROM `axd_subject` [ RunTime:0.0039s ]
SQL: SELECT `subject_id`,`name`,`image_content`,`text_content`,`comment_count`,`collect_count`,`share_count` FROM `axd_subject` WHERE `subject_id` = 10 LIMIT 1   [ RunTime:0.0003s ]
SQL: SHOW COLUMNS FROM `axd_subject_goods` [ RunTime:0.0058s ]
SQL: SELECT g.goods_id,g.name,g.image,g.tb_link,g.comment_count,g.price FROM axd_subject_goods sg INNER JOIN axd_goods g ON g.goods_id = sg.goods_id  WHERE ( subject_id='10' )  [ RunTime:0.0003s ]
INFO: [ view_parse ] --START--
INFO: [ template_filter ] --START--
INFO: Run Behavior\ContentReplaceBehavior [ RunTime:0.000085s ]
INFO: [ template_filter ] --END-- [ RunTime:0.000185s ]
INFO: Run Behavior\ParseTemplateBehavior [ RunTime:0.006936s ]
INFO: [ view_parse ] --END-- [ RunTime:0.007046s ]
INFO: [ view_filter ] --START--
INFO: Run Behavior\WriteHtmlCacheBehavior [ RunTime:0.000300s ]
INFO: [ view_filter ] --END-- [ RunTime:0.000395s ]
INFO: [ app_end ] --START--
INFO: Run Behavior\ShowPageTraceBehavior [ RunTime:0.000448s ]
INFO: [ app_end ] --END-- [ RunTime:0.000546s ]

[ 2017-05-17T15:01:59+08:00 ] ::1 /axd/Api/Subject/shareSubject/id/10
INFO: [ app_init ] --START--
INFO: Run Behavior\BuildLiteBehavior [ RunTime:0.000021s ]
INFO: [ app_init ] --END-- [ RunTime:0.000137s ]
INFO: [ app_begin ] --START--
INFO: Run Behavior\ReadHtmlCacheBehavior [ RunTime:0.000499s ]
INFO: [ app_begin ] --END-- [ RunTime:0.000601s ]
SQL: SHOW COLUMNS FROM `axd_subject` [ RunTime:0.0032s ]
SQL: SELECT `subject_id`,`name`,`image_content`,`text_content`,`comment_count`,`collect_count`,`share_count` FROM `axd_subject` WHERE `subject_id` = 10 LIMIT 1   [ RunTime:0.0003s ]
SQL: SHOW COLUMNS FROM `axd_subject_goods` [ RunTime:0.0031s ]
SQL: SELECT g.goods_id,g.name,g.image,g.tb_link,g.comment_count,g.price FROM axd_subject_goods sg INNER JOIN axd_goods g ON g.goods_id = sg.goods_id  WHERE ( subject_id='10' )  [ RunTime:0.0003s ]
INFO: [ view_parse ] --START--
INFO: [ template_filter ] --START--
INFO: Run Behavior\ContentReplaceBehavior [ RunTime:0.000083s ]
INFO: [ template_filter ] --END-- [ RunTime:0.000181s ]
INFO: Run Behavior\ParseTemplateBehavior [ RunTime:0.006855s ]
INFO: [ view_parse ] --END-- [ RunTime:0.006974s ]
INFO: [ view_filter ] --START--
INFO: Run Behavior\WriteHtmlCacheBehavior [ RunTime:0.000551s ]
INFO: [ view_filter ] --END-- [ RunTime:0.000745s ]
INFO: [ app_end ] --START--
INFO: Run Behavior\ShowPageTraceBehavior [ RunTime:0.000859s ]
INFO: [ app_end ] --END-- [ RunTime:0.001026s ]

[ 2017-05-17T15:02:38+08:00 ] ::1 /axd/Api/Collocation/shareCollocation/id/2
INFO: [ app_init ] --START--
INFO: Run Behavior\BuildLiteBehavior [ RunTime:0.000023s ]
INFO: [ app_init ] --END-- [ RunTime:0.000140s ]
INFO: [ app_begin ] --START--
INFO: Run Behavior\ReadHtmlCacheBehavior [ RunTime:0.000461s ]
INFO: [ app_begin ] --END-- [ RunTime:0.000568s ]
SQL: SHOW COLUMNS FROM `axd_collocation` [ RunTime:0.0037s ]
SQL: SELECT `title`,`introduce`,`image` FROM `axd_collocation` WHERE `collocation_id` = 2 LIMIT 1   [ RunTime:0.0003s ]
SQL: SHOW COLUMNS FROM `axd_collocation_label` [ RunTime:0.0029s ]
SQL: SELECT `label_text` FROM `axd_collocation_label` WHERE ( collocation_id='2' )  [ RunTime:0.0002s ]
SQL: SHOW COLUMNS FROM `axd_collocation_node` [ RunTime:0.0031s ]
SQL: SELECT cn.goods_id,cn.index_x,cn.index_y,cn.goods_text FROM axd_collocation_node cn INNER JOIN axd_goods g ON g.goods_id = cn.goods_id  WHERE ( collocation_id='2' )  [ RunTime:0.0003s ]
INFO: [ view_parse ] --START--
INFO: [ template_filter ] --START--
INFO: Run Behavior\ContentReplaceBehavior [ RunTime:0.000117s ]
INFO: [ template_filter ] --END-- [ RunTime:0.000216s ]
INFO: Run Behavior\ParseTemplateBehavior [ RunTime:0.006800s ]
INFO: [ view_parse ] --END-- [ RunTime:0.006912s ]
INFO: [ view_filter ] --START--
INFO: Run Behavior\WriteHtmlCacheBehavior [ RunTime:0.000297s ]
INFO: [ view_filter ] --END-- [ RunTime:0.000393s ]
INFO: [ app_end ] --START--
INFO: Run Behavior\ShowPageTraceBehavior [ RunTime:0.000438s ]
INFO: [ app_end ] --END-- [ RunTime:0.000539s ]

[ 2017-05-17T15:02:38+08:00 ] ::1 /axd/Api/Collocation/getCGoodsNode
INFO: [ app_init ] --START--
INFO: Run Behavior\BuildLiteBehavior [ RunTime:0.000022s ]
INFO: [ app_init ] --END-- [ RunTime:0.000131s ]
INFO: [ app_begin ] --START--
INFO: Run Behavior\ReadHtmlCacheBehavior [ RunTime:0.000448s ]
INFO: [ app_begin ] --END-- [ RunTime:0.000552s ]
SQL: SHOW COLUMNS FROM `axd_collocation_node` [ RunTime:0.0035s ]
SQL: SELECT cn.goods_id,cn.index_x,cn.index_y,cn.goods_text,g.name FROM axd_collocation_node cn INNER JOIN axd_goods g ON g.goods_id = cn.goods_id  WHERE ( collocation_id='2' )  [ RunTime:0.0003s ]

