[ 2017-03-19T23:12:54+08:00 ] ::1 /axd/Admin/Subject/subjectList.html
INFO: [ app_init ] --START--
INFO: Run Behavior\BuildLiteBehavior [ RunTime:0.000022s ]
INFO: [ app_init ] --END-- [ RunTime:0.000134s ]
INFO: [ app_begin ] --START--
INFO: Run Behavior\ReadHtmlCacheBehavior [ RunTime:0.000506s ]
INFO: [ app_begin ] --END-- [ RunTime:0.000611s ]
SQL: SHOW COLUMNS FROM `axd_subject` [ RunTime:0.0055s ]
SQL: SELECT s.*,sc.name AS cate_name FROM axd_subject s LEFT JOIN axd_subject_cate sc ON sc.s_cate_id = s.s_cate_id  WHERE s.name LIKE '%%' ORDER BY subject_id DESC LIMIT 0,20   [ RunTime:0.0008s ]
SQL: SELECT COUNT(*) AS tp_count FROM axd_subject s INNER JOIN axd_subject_cate sc ON sc.s_cate_id = s.s_cate_id  WHERE s.name LIKE '%%' LIMIT 1   [ RunTime:0.0002s ]
INFO: [ view_parse ] --START--
INFO: [ template_filter ] --START--
INFO: Run Behavior\ContentReplaceBehavior [ RunTime:0.000242s ]
INFO: [ template_filter ] --END-- [ RunTime:0.000359s ]
INFO: Run Behavior\ParseTemplateBehavior [ RunTime:0.027730s ]
INFO: [ view_parse ] --END-- [ RunTime:0.027841s ]
INFO: [ view_filter ] --START--
INFO: Run Behavior\WriteHtmlCacheBehavior [ RunTime:0.000350s ]
INFO: [ view_filter ] --END-- [ RunTime:0.000448s ]
INFO: [ app_end ] --START--
INFO: Run Behavior\ShowPageTraceBehavior [ RunTime:0.000487s ]
INFO: [ app_end ] --END-- [ RunTime:0.000589s ]

[ 2017-03-19T23:13:11+08:00 ] ::1 /axd/Admin/Subject/subjectList.html
INFO: [ app_init ] --START--
INFO: Run Behavior\BuildLiteBehavior [ RunTime:0.000054s ]
INFO: [ app_init ] --END-- [ RunTime:0.000327s ]
INFO: [ app_begin ] --START--
INFO: Run Behavior\ReadHtmlCacheBehavior [ RunTime:0.000943s ]
INFO: [ app_begin ] --END-- [ RunTime:0.001147s ]
SQL: SHOW COLUMNS FROM `axd_subject` [ RunTime:0.0420s ]
SQL: SELECT s.*,sc.name AS cate_name FROM axd_subject s LEFT JOIN axd_subject_cate sc ON sc.s_cate_id = s.s_cate_id  WHERE s.name LIKE '%%' ORDER BY subject_id DESC LIMIT 0,20   [ RunTime:0.0011s ]
SQL: SELECT COUNT(*) AS tp_count FROM axd_subject s INNER JOIN axd_subject_cate sc ON sc.s_cate_id = s.s_cate_id  WHERE s.name LIKE '%%' LIMIT 1   [ RunTime:0.0005s ]
INFO: [ view_parse ] --START--
INFO: [ template_filter ] --START--
INFO: Run Behavior\ContentReplaceBehavior [ RunTime:0.000287s ]
INFO: [ template_filter ] --END-- [ RunTime:0.000420s ]
INFO: Run Behavior\ParseTemplateBehavior [ RunTime:0.043598s ]
INFO: [ view_parse ] --END-- [ RunTime:0.043794s ]
INFO: [ view_filter ] --START--
INFO: Run Behavior\WriteHtmlCacheBehavior [ RunTime:0.000445s ]
INFO: [ view_filter ] --END-- [ RunTime:0.000559s ]
INFO: [ app_end ] --START--
INFO: Run Behavior\ShowPageTraceBehavior [ RunTime:0.000597s ]
INFO: [ app_end ] --END-- [ RunTime:0.000719s ]

[ 2017-03-19T23:13:13+08:00 ] ::1 /axd/Admin/Subject/addEditSubject/id/21.html
INFO: [ app_init ] --START--
INFO: Run Behavior\BuildLiteBehavior [ RunTime:0.000026s ]
INFO: [ app_init ] --END-- [ RunTime:0.000146s ]
INFO: [ app_begin ] --START--
INFO: Run Behavior\ReadHtmlCacheBehavior [ RunTime:0.000573s ]
INFO: [ app_begin ] --END-- [ RunTime:0.000680s ]
SQL: SHOW COLUMNS FROM `axd_subject` [ RunTime:0.0077s ]
SQL: SELECT * FROM `axd_subject` WHERE `subject_id` = 21 LIMIT 1   [ RunTime:0.0003s ]
SQL: SHOW COLUMNS FROM `axd_subject_cate` [ RunTime:0.0107s ]
SQL: SELECT * FROM `axd_subject_cate`  [ RunTime:0.0002s ]
SQL: SHOW COLUMNS FROM `axd_subject_goods` [ RunTime:0.0122s ]
SQL: SELECT sg.sg_id,g.goods_id,g.name,g.image FROM axd_subject_goods sg INNER JOIN axd_goods g ON sg.goods_id = g.goods_id  WHERE ( sg.subject_id='21' )  [ RunTime:0.0006s ]
INFO: [ view_parse ] --START--
INFO: [ template_filter ] --START--
INFO: Run Behavior\ContentReplaceBehavior [ RunTime:0.000306s ]
INFO: [ template_filter ] --END-- [ RunTime:0.000413s ]
NOTIC: [8] Undefined index: goods_temp G:\proj_php\axd\Application\Runtime\Cache\Admin\bec1636dc6b9c71cb9d7071f2538a6e3.php 第 842 行.
INFO: Run Behavior\ParseTemplateBehavior [ RunTime:0.027336s ]
INFO: [ view_parse ] --END-- [ RunTime:0.027444s ]
INFO: [ view_filter ] --START--
INFO: Run Behavior\WriteHtmlCacheBehavior [ RunTime:0.000414s ]
INFO: [ view_filter ] --END-- [ RunTime:0.000511s ]
INFO: [ app_end ] --START--
INFO: Run Behavior\ShowPageTraceBehavior [ RunTime:0.000558s ]
INFO: [ app_end ] --END-- [ RunTime:0.000663s ]

[ 2017-03-19T23:13:35+08:00 ] ::1 /axd/Admin/Subject/subjectList.html
INFO: [ app_init ] --START--
INFO: Run Behavior\BuildLiteBehavior [ RunTime:0.000020s ]
INFO: [ app_init ] --END-- [ RunTime:0.000131s ]
INFO: [ app_begin ] --START--
INFO: Run Behavior\ReadHtmlCacheBehavior [ RunTime:0.000472s ]
INFO: [ app_begin ] --END-- [ RunTime:0.000576s ]
INFO: [ view_parse ] --START--
INFO: [ template_filter ] --START--
INFO: Run Behavior\ContentReplaceBehavior [ RunTime:0.000071s ]
INFO: [ template_filter ] --END-- [ RunTime:0.000178s ]
INFO: Run Behavior\ParseTemplateBehavior [ RunTime:0.005874s ]
INFO: [ view_parse ] --END-- [ RunTime:0.005977s ]
INFO: [ view_filter ] --START--
INFO: Run Behavior\WriteHtmlCacheBehavior [ RunTime:0.000324s ]
INFO: [ view_filter ] --END-- [ RunTime:0.000418s ]

[ 2017-03-19T23:13:36+08:00 ] ::1 /axd/Admin/Index/login.html
INFO: [ app_init ] --START--
INFO: Run Behavior\BuildLiteBehavior [ RunTime:0.000021s ]
INFO: [ app_init ] --END-- [ RunTime:0.000132s ]
INFO: [ app_begin ] --START--
INFO: Run Behavior\ReadHtmlCacheBehavior [ RunTime:0.000462s ]
INFO: [ app_begin ] --END-- [ RunTime:0.000565s ]
INFO: [ view_parse ] --START--
INFO: [ template_filter ] --START--
INFO: Run Behavior\ContentReplaceBehavior [ RunTime:0.000117s ]
INFO: [ template_filter ] --END-- [ RunTime:0.000226s ]
INFO: Run Behavior\ParseTemplateBehavior [ RunTime:0.007020s ]
INFO: [ view_parse ] --END-- [ RunTime:0.007121s ]
INFO: [ view_filter ] --START--
INFO: Run Behavior\WriteHtmlCacheBehavior [ RunTime:0.000302s ]
INFO: [ view_filter ] --END-- [ RunTime:0.000395s ]
INFO: [ app_end ] --START--
INFO: Run Behavior\ShowPageTraceBehavior [ RunTime:0.000442s ]
INFO: [ app_end ] --END-- [ RunTime:0.000542s ]

[ 2017-03-19T23:13:39+08:00 ] ::1 /axd/Admin/Admin/adminLogin.html
INFO: [ app_init ] --START--
INFO: Run Behavior\BuildLiteBehavior [ RunTime:0.000023s ]
INFO: [ app_init ] --END-- [ RunTime:0.000131s ]
INFO: [ app_begin ] --START--
INFO: Run Behavior\ReadHtmlCacheBehavior [ RunTime:0.000502s ]
INFO: [ app_begin ] --END-- [ RunTime:0.000590s ]
SQL: SHOW COLUMNS FROM `axd_admin` [ RunTime:0.0050s ]
SQL: SELECT `admin_id`,`account`,`password` FROM `axd_admin` WHERE ( account='admin' ) LIMIT 1   [ RunTime:0.0002s ]
SQL: SHOW COLUMNS FROM `axd_node` [ RunTime:0.0051s ]
SQL: SELECT `id` FROM `axd_node` WHERE ( level=2 )  [ RunTime:0.0002s ]

[ 2017-03-19T23:13:39+08:00 ] ::1 /axd/Admin/Index/welp.html
INFO: [ app_init ] --START--
INFO: Run Behavior\BuildLiteBehavior [ RunTime:0.000023s ]
INFO: [ app_init ] --END-- [ RunTime:0.000141s ]
INFO: [ app_begin ] --START--
INFO: Run Behavior\ReadHtmlCacheBehavior [ RunTime:0.000538s ]
INFO: [ app_begin ] --END-- [ RunTime:0.000642s ]
INFO: [ view_parse ] --START--
INFO: [ template_filter ] --START--
INFO: Run Behavior\ContentReplaceBehavior [ RunTime:0.000225s ]
INFO: [ template_filter ] --END-- [ RunTime:0.000329s ]
INFO: Run Behavior\ParseTemplateBehavior [ RunTime:0.019345s ]
INFO: [ view_parse ] --END-- [ RunTime:0.019450s ]
INFO: [ view_filter ] --START--
INFO: Run Behavior\WriteHtmlCacheBehavior [ RunTime:0.000381s ]
INFO: [ view_filter ] --END-- [ RunTime:0.000474s ]
INFO: [ app_end ] --START--
INFO: Run Behavior\ShowPageTraceBehavior [ RunTime:0.000513s ]
INFO: [ app_end ] --END-- [ RunTime:0.000612s ]

[ 2017-03-19T23:13:40+08:00 ] ::1 /axd/Admin/Subject/subjectList.html
INFO: [ app_init ] --START--
INFO: Run Behavior\BuildLiteBehavior [ RunTime:0.000020s ]
INFO: [ app_init ] --END-- [ RunTime:0.000131s ]
INFO: [ app_begin ] --START--
INFO: Run Behavior\ReadHtmlCacheBehavior [ RunTime:0.000542s ]
INFO: [ app_begin ] --END-- [ RunTime:0.000647s ]
SQL: SHOW COLUMNS FROM `axd_subject` [ RunTime:0.0100s ]
SQL: SELECT s.*,sc.name AS cate_name FROM axd_subject s LEFT JOIN axd_subject_cate sc ON sc.s_cate_id = s.s_cate_id  WHERE s.name LIKE '%%' ORDER BY subject_id DESC LIMIT 0,20   [ RunTime:0.0008s ]
SQL: SELECT COUNT(*) AS tp_count FROM axd_subject s INNER JOIN axd_subject_cate sc ON sc.s_cate_id = s.s_cate_id  WHERE s.name LIKE '%%' LIMIT 1   [ RunTime:0.0004s ]
INFO: [ view_parse ] --START--
INFO: [ template_filter ] --START--
INFO: Run Behavior\ContentReplaceBehavior [ RunTime:0.000239s ]
INFO: [ template_filter ] --END-- [ RunTime:0.000341s ]
INFO: Run Behavior\ParseTemplateBehavior [ RunTime:0.032164s ]
INFO: [ view_parse ] --END-- [ RunTime:0.032318s ]
INFO: [ view_filter ] --START--
INFO: Run Behavior\WriteHtmlCacheBehavior [ RunTime:0.000419s ]
INFO: [ view_filter ] --END-- [ RunTime:0.000516s ]
INFO: [ app_end ] --START--
INFO: Run Behavior\ShowPageTraceBehavior [ RunTime:0.000547s ]
INFO: [ app_end ] --END-- [ RunTime:0.000649s ]

[ 2017-03-19T23:13:42+08:00 ] ::1 /axd/Admin/Subject/addEditSubject.html
INFO: [ app_init ] --START--
INFO: Run Behavior\BuildLiteBehavior [ RunTime:0.000023s ]
INFO: [ app_init ] --END-- [ RunTime:0.000141s ]
INFO: [ app_begin ] --START--
INFO: Run Behavior\ReadHtmlCacheBehavior [ RunTime:0.000525s ]
INFO: [ app_begin ] --END-- [ RunTime:0.000628s ]
SQL: SHOW COLUMNS FROM `axd_subject` [ RunTime:0.0059s ]
SQL: SELECT * FROM `axd_subject` WHERE `subject_id` = 0 LIMIT 1   [ RunTime:0.0003s ]
SQL: SHOW COLUMNS FROM `axd_subject_cate` [ RunTime:0.0051s ]
SQL: SELECT * FROM `axd_subject_cate`  [ RunTime:0.0003s ]
SQL: SHOW COLUMNS FROM `axd_subject_goods` [ RunTime:0.0049s ]
SQL: SELECT sg.sg_id,g.goods_id,g.name,g.image FROM axd_subject_goods sg INNER JOIN axd_goods g ON sg.goods_id = g.goods_id  WHERE ( sg.subject_id='' )  [ RunTime:0.0004s ]
INFO: [ view_parse ] --START--
INFO: [ template_filter ] --START--
INFO: Run Behavior\ContentReplaceBehavior [ RunTime:0.000291s ]
INFO: [ template_filter ] --END-- [ RunTime:0.000398s ]
NOTIC: [8] Undefined index: goods_temp G:\proj_php\axd\Application\Runtime\Cache\Admin\bec1636dc6b9c71cb9d7071f2538a6e3.php 第 842 行.
INFO: Run Behavior\ParseTemplateBehavior [ RunTime:0.037257s ]
INFO: [ view_parse ] --END-- [ RunTime:0.037412s ]
INFO: [ view_filter ] --START--
INFO: Run Behavior\WriteHtmlCacheBehavior [ RunTime:0.000400s ]
INFO: [ view_filter ] --END-- [ RunTime:0.000493s ]
INFO: [ app_end ] --START--
INFO: Run Behavior\ShowPageTraceBehavior [ RunTime:0.000520s ]
INFO: [ app_end ] --END-- [ RunTime:0.000619s ]

[ 2017-03-19T23:13:49+08:00 ] ::1 /axd/Admin/Subject/addEditSubject/id/21.html
INFO: [ app_init ] --START--
INFO: Run Behavior\BuildLiteBehavior [ RunTime:0.000036s ]
INFO: [ app_init ] --END-- [ RunTime:0.000216s ]
INFO: [ app_begin ] --START--
INFO: Run Behavior\ReadHtmlCacheBehavior [ RunTime:0.000822s ]
INFO: [ app_begin ] --END-- [ RunTime:0.000985s ]
SQL: SHOW COLUMNS FROM `axd_subject` [ RunTime:0.0085s ]
SQL: SELECT * FROM `axd_subject` WHERE `subject_id` = 21 LIMIT 1   [ RunTime:0.0003s ]
SQL: SHOW COLUMNS FROM `axd_subject_cate` [ RunTime:0.0094s ]
SQL: SELECT * FROM `axd_subject_cate`  [ RunTime:0.0002s ]
SQL: SHOW COLUMNS FROM `axd_subject_goods` [ RunTime:0.0084s ]
SQL: SELECT sg.sg_id,g.goods_id,g.name,g.image FROM axd_subject_goods sg INNER JOIN axd_goods g ON sg.goods_id = g.goods_id  WHERE ( sg.subject_id='21' )  [ RunTime:0.0003s ]
INFO: [ view_parse ] --START--
INFO: [ template_filter ] --START--
INFO: Run Behavior\ContentReplaceBehavior [ RunTime:0.000318s ]
INFO: [ template_filter ] --END-- [ RunTime:0.000441s ]
NOTIC: [8] Undefined index: goods_temp G:\proj_php\axd\Application\Runtime\Cache\Admin\bec1636dc6b9c71cb9d7071f2538a6e3.php 第 842 行.
INFO: Run Behavior\ParseTemplateBehavior [ RunTime:0.027360s ]
INFO: [ view_parse ] --END-- [ RunTime:0.027469s ]
INFO: [ view_filter ] --START--
INFO: Run Behavior\WriteHtmlCacheBehavior [ RunTime:0.000436s ]
INFO: [ view_filter ] --END-- [ RunTime:0.000534s ]
INFO: [ app_end ] --START--
INFO: Run Behavior\ShowPageTraceBehavior [ RunTime:0.000570s ]
INFO: [ app_end ] --END-- [ RunTime:0.000675s ]

[ 2017-03-19T23:13:53+08:00 ] ::1 /axd/Admin/Subject/editSubjectGoods/id/36.html
INFO: [ app_init ] --START--
INFO: Run Behavior\BuildLiteBehavior [ RunTime:0.000029s ]
INFO: [ app_init ] --END-- [ RunTime:0.000175s ]
INFO: [ app_begin ] --START--
INFO: Run Behavior\ReadHtmlCacheBehavior [ RunTime:0.000656s ]
INFO: [ app_begin ] --END-- [ RunTime:0.000787s ]
SQL: SHOW COLUMNS FROM `axd_subject` [ RunTime:0.0113s ]
SQL: SELECT * FROM `axd_subject` WHERE `subject_id` = 36 LIMIT 1   [ RunTime:0.0003s ]
SQL: SHOW COLUMNS FROM `axd_subject_goods` [ RunTime:0.0067s ]
SQL: SELECT sg.sg_id,g.goods_id,g.name,g.image FROM axd_subject_goods sg INNER JOIN axd_goods g ON sg.goods_id = g.goods_id  WHERE ( sg.subject_id='36' )  [ RunTime:0.0003s ]
INFO: [ view_parse ] --START--
INFO: [ template_filter ] --START--
INFO: Run Behavior\ContentReplaceBehavior [ RunTime:0.000265s ]
INFO: [ template_filter ] --END-- [ RunTime:0.000369s ]
INFO: Run Behavior\ParseTemplateBehavior [ RunTime:0.022118s ]
INFO: [ view_parse ] --END-- [ RunTime:0.022224s ]
INFO: [ view_filter ] --START--
INFO: Run Behavior\WriteHtmlCacheBehavior [ RunTime:0.000410s ]
INFO: [ view_filter ] --END-- [ RunTime:0.000508s ]
INFO: [ app_end ] --START--
INFO: Run Behavior\ShowPageTraceBehavior [ RunTime:0.000555s ]
INFO: [ app_end ] --END-- [ RunTime:0.000655s ]

[ 2017-03-19T23:13:53+08:00 ] ::1 /axd/Admin/Goods/getGoodsCate
INFO: [ app_init ] --START--
INFO: Run Behavior\BuildLiteBehavior [ RunTime:0.000025s ]
INFO: [ app_init ] --END-- [ RunTime:0.000137s ]
INFO: [ app_begin ] --START--
INFO: Run Behavior\ReadHtmlCacheBehavior [ RunTime:0.000540s ]
INFO: [ app_begin ] --END-- [ RunTime:0.000633s ]
SQL: SHOW COLUMNS FROM `axd_goods_cate` [ RunTime:0.0051s ]
SQL: SELECT * FROM `axd_goods_cate` WHERE ( parent_id='1' )  [ RunTime:0.0003s ]

[ 2017-03-19T23:13:53+08:00 ] ::1 /axd/Admin/Goods/getGoodsCate
INFO: [ app_init ] --START--
INFO: Run Behavior\BuildLiteBehavior [ RunTime:0.000042s ]
INFO: [ app_init ] --END-- [ RunTime:0.000236s ]
INFO: [ app_begin ] --START--
INFO: Run Behavior\ReadHtmlCacheBehavior [ RunTime:0.000947s ]
INFO: [ app_begin ] --END-- [ RunTime:0.001115s ]
SQL: SHOW COLUMNS FROM `axd_goods_cate` [ RunTime:0.0054s ]
SQL: SELECT * FROM `axd_goods_cate` WHERE ( parent_id='3' )  [ RunTime:0.0003s ]

[ 2017-03-19T23:13:53+08:00 ] ::1 /axd/Admin/Goods/getGoodsByCate
INFO: [ app_init ] --START--
INFO: Run Behavior\BuildLiteBehavior [ RunTime:0.000024s ]
INFO: [ app_init ] --END-- [ RunTime:0.000138s ]
INFO: [ app_begin ] --START--
INFO: Run Behavior\ReadHtmlCacheBehavior [ RunTime:0.000547s ]
INFO: [ app_begin ] --END-- [ RunTime:0.000644s ]
SQL: SHOW COLUMNS FROM `axd_goods` [ RunTime:0.0058s ]
SQL: SELECT `goods_id`,`name`,`image`,`g_cate_id`,`sex`,`price`,`tb_link`,`text_content` FROM `axd_goods` WHERE `g_cate_id` = 32  [ RunTime:0.0004s ]

[ 2017-03-19T23:13:56+08:00 ] ::1 /axd/Admin/Subject/addEditSubject.html
INFO: [ app_init ] --START--
INFO: Run Behavior\BuildLiteBehavior [ RunTime:0.000038s ]
INFO: [ app_init ] --END-- [ RunTime:0.000226s ]
INFO: [ app_begin ] --START--
INFO: Run Behavior\ReadHtmlCacheBehavior [ RunTime:0.000867s ]
INFO: [ app_begin ] --END-- [ RunTime:0.001043s ]
SQL: SHOW COLUMNS FROM `axd_subject` [ RunTime:0.0120s ]
SQL: SELECT * FROM `axd_subject` WHERE `subject_id` = 0 LIMIT 1   [ RunTime:0.0003s ]
SQL: SHOW COLUMNS FROM `axd_subject_cate` [ RunTime:0.0067s ]
SQL: SELECT * FROM `axd_subject_cate`  [ RunTime:0.0002s ]
SQL: SHOW COLUMNS FROM `axd_subject_goods` [ RunTime:0.0066s ]
SQL: SELECT sg.sg_id,g.goods_id,g.name,g.image FROM axd_subject_goods sg INNER JOIN axd_goods g ON sg.goods_id = g.goods_id  WHERE ( sg.subject_id='' )  [ RunTime:0.0004s ]
INFO: [ view_parse ] --START--
INFO: [ template_filter ] --START--
INFO: Run Behavior\ContentReplaceBehavior [ RunTime:0.000303s ]
INFO: [ template_filter ] --END-- [ RunTime:0.000410s ]
NOTIC: [8] Undefined index: goods_temp G:\proj_php\axd\Application\Runtime\Cache\Admin\bec1636dc6b9c71cb9d7071f2538a6e3.php 第 842 行.
INFO: Run Behavior\ParseTemplateBehavior [ RunTime:0.027292s ]
INFO: [ view_parse ] --END-- [ RunTime:0.027416s ]
INFO: [ view_filter ] --START--
INFO: Run Behavior\WriteHtmlCacheBehavior [ RunTime:0.000442s ]
INFO: [ view_filter ] --END-- [ RunTime:0.000538s ]
INFO: [ app_end ] --START--
INFO: Run Behavior\ShowPageTraceBehavior [ RunTime:0.000571s ]
INFO: [ app_end ] --END-- [ RunTime:0.000674s ]

[ 2017-03-19T23:14:20+08:00 ] ::1 /axd/Admin/Subject/addEditSubject.html
INFO: [ app_init ] --START--
INFO: Run Behavior\BuildLiteBehavior [ RunTime:0.000022s ]
INFO: [ app_init ] --END-- [ RunTime:0.000142s ]
INFO: [ app_begin ] --START--
INFO: Run Behavior\ReadHtmlCacheBehavior [ RunTime:0.000524s ]
INFO: [ app_begin ] --END-- [ RunTime:0.000633s ]
SQL: SHOW COLUMNS FROM `axd_subject` [ RunTime:0.0055s ]
SQL: SELECT * FROM `axd_subject` WHERE `subject_id` = 0 LIMIT 1   [ RunTime:0.0003s ]
SQL: SHOW COLUMNS FROM `axd_subject_cate` [ RunTime:0.0052s ]
SQL: SELECT * FROM `axd_subject_cate`  [ RunTime:0.0002s ]
SQL: SHOW COLUMNS FROM `axd_subject_goods` [ RunTime:0.0055s ]
SQL: SELECT sg.sg_id,g.goods_id,g.name,g.image FROM axd_subject_goods sg INNER JOIN axd_goods g ON sg.goods_id = g.goods_id  WHERE ( sg.subject_id='' )  [ RunTime:0.0002s ]
INFO: [ view_parse ] --START--
INFO: [ template_filter ] --START--
INFO: Run Behavior\ContentReplaceBehavior [ RunTime:0.000303s ]
INFO: [ template_filter ] --END-- [ RunTime:0.000410s ]
NOTIC: [8] Undefined index: goods_temp G:\proj_php\axd\Application\Runtime\Cache\Admin\bec1636dc6b9c71cb9d7071f2538a6e3.php 第 842 行.
INFO: Run Behavior\ParseTemplateBehavior [ RunTime:0.026530s ]
INFO: [ view_parse ] --END-- [ RunTime:0.026637s ]
INFO: [ view_filter ] --START--
INFO: Run Behavior\WriteHtmlCacheBehavior [ RunTime:0.000365s ]
INFO: [ view_filter ] --END-- [ RunTime:0.000461s ]
INFO: [ app_end ] --START--
INFO: Run Behavior\ShowPageTraceBehavior [ RunTime:0.000529s ]
INFO: [ app_end ] --END-- [ RunTime:0.000631s ]

[ 2017-03-19T23:14:35+08:00 ] ::1 /axd/Admin/Subject/addSubjectGoodsPage.html
INFO: [ app_init ] --START--
INFO: Run Behavior\BuildLiteBehavior [ RunTime:0.000025s ]
INFO: [ app_init ] --END-- [ RunTime:0.000151s ]
INFO: [ app_begin ] --START--
INFO: Run Behavior\ReadHtmlCacheBehavior [ RunTime:0.000589s ]
INFO: [ app_begin ] --END-- [ RunTime:0.000697s ]
SQL: SHOW COLUMNS FROM `axd_goods_cate` [ RunTime:0.0130s ]
SQL: SELECT * FROM `axd_goods_cate` WHERE ( parent_id='1' )  [ RunTime:0.0005s ]
SQL: SELECT * FROM `axd_goods_cate` WHERE ( parent_id='3' )  [ RunTime:0.0005s ]
INFO: [ view_parse ] --START--
INFO: [ template_filter ] --START--
INFO: Run Behavior\ContentReplaceBehavior [ RunTime:0.000300s ]
INFO: [ template_filter ] --END-- [ RunTime:0.000410s ]
INFO: Run Behavior\ParseTemplateBehavior [ RunTime:0.023089s ]
INFO: [ view_parse ] --END-- [ RunTime:0.023200s ]
INFO: [ view_filter ] --START--
INFO: Run Behavior\WriteHtmlCacheBehavior [ RunTime:0.000429s ]
INFO: [ view_filter ] --END-- [ RunTime:0.000529s ]
INFO: [ app_end ] --START--
INFO: Run Behavior\ShowPageTraceBehavior [ RunTime:0.000577s ]
INFO: [ app_end ] --END-- [ RunTime:0.000681s ]

[ 2017-03-19T23:14:36+08:00 ] ::1 /axd/Admin/Goods/getGoodsCate
INFO: [ app_init ] --START--
INFO: Run Behavior\BuildLiteBehavior [ RunTime:0.000024s ]
INFO: [ app_init ] --END-- [ RunTime:0.000138s ]
INFO: [ app_begin ] --START--
INFO: Run Behavior\ReadHtmlCacheBehavior [ RunTime:0.000496s ]
INFO: [ app_begin ] --END-- [ RunTime:0.000588s ]
SQL: SHOW COLUMNS FROM `axd_goods_cate` [ RunTime:0.0061s ]
SQL: SELECT * FROM `axd_goods_cate` WHERE ( parent_id='2' )  [ RunTime:0.0003s ]

[ 2017-03-19T23:14:37+08:00 ] ::1 /axd/Admin/Goods/getGoodsCate
INFO: [ app_init ] --START--
INFO: Run Behavior\BuildLiteBehavior [ RunTime:0.000025s ]
INFO: [ app_init ] --END-- [ RunTime:0.000137s ]
INFO: [ app_begin ] --START--
INFO: Run Behavior\ReadHtmlCacheBehavior [ RunTime:0.000501s ]
INFO: [ app_begin ] --END-- [ RunTime:0.000594s ]
SQL: SHOW COLUMNS FROM `axd_goods_cate` [ RunTime:0.0061s ]
SQL: SELECT * FROM `axd_goods_cate` WHERE ( parent_id='8' )  [ RunTime:0.0003s ]

[ 2017-03-19T23:15:12+08:00 ] ::1 /axd/Admin/Subject/addSubjectGoodsPage
INFO: [ app_init ] --START--
INFO: Run Behavior\BuildLiteBehavior [ RunTime:0.000022s ]
INFO: [ app_init ] --END-- [ RunTime:0.000130s ]
INFO: [ app_begin ] --START--
INFO: Run Behavior\ReadHtmlCacheBehavior [ RunTime:0.000508s ]
INFO: [ app_begin ] --END-- [ RunTime:0.000603s ]
SQL: SHOW COLUMNS FROM `axd_goods_cate` [ RunTime:0.0056s ]
SQL: SHOW COLUMNS FROM `axd_goods` [ RunTime:0.0058s ]
SQL: INSERT INTO `axd_goods` (`image`,`name`,`g_cate_id`,`sex`,`price`,`tb_link`,`end_time`,`text_content`,`comment_count`,`collect_count`,`add_time`) VALUES ('/Public/uploads/goods/2017/03/19/8419231512.jpg','xinzce','47','2','12.3','http://www.baidu.com','1489852800','123123','2','2','1489936512') [ RunTime:0.0022s ]

[ 2017-03-19T23:15:13+08:00 ] ::1 /axd/Admin/Subject/addEditSubject.html
INFO: [ app_init ] --START--
INFO: Run Behavior\BuildLiteBehavior [ RunTime:0.000021s ]
INFO: [ app_init ] --END-- [ RunTime:0.000137s ]
INFO: [ app_begin ] --START--
INFO: Run Behavior\ReadHtmlCacheBehavior [ RunTime:0.000512s ]
INFO: [ app_begin ] --END-- [ RunTime:0.000619s ]
SQL: SHOW COLUMNS FROM `axd_subject` [ RunTime:0.0060s ]
SQL: SELECT * FROM `axd_subject` WHERE `subject_id` = 0 LIMIT 1   [ RunTime:0.0003s ]
SQL: SHOW COLUMNS FROM `axd_subject_cate` [ RunTime:0.0052s ]
SQL: SELECT * FROM `axd_subject_cate`  [ RunTime:0.0003s ]
SQL: SHOW COLUMNS FROM `axd_subject_goods` [ RunTime:0.0048s ]
SQL: SELECT sg.sg_id,g.goods_id,g.name,g.image FROM axd_subject_goods sg INNER JOIN axd_goods g ON sg.goods_id = g.goods_id  WHERE ( sg.subject_id='' )  [ RunTime:0.0003s ]
INFO: [ view_parse ] --START--
INFO: [ template_filter ] --START--
INFO: Run Behavior\ContentReplaceBehavior [ RunTime:0.000408s ]
INFO: [ template_filter ] --END-- [ RunTime:0.000563s ]
INFO: Run Behavior\ParseTemplateBehavior [ RunTime:0.044656s ]
INFO: [ view_parse ] --END-- [ RunTime:0.044865s ]
INFO: [ view_filter ] --START--
INFO: Run Behavior\WriteHtmlCacheBehavior [ RunTime:0.000474s ]
INFO: [ view_filter ] --END-- [ RunTime:0.000605s ]
INFO: [ app_end ] --START--
INFO: Run Behavior\ShowPageTraceBehavior [ RunTime:0.000653s ]
INFO: [ app_end ] --END-- [ RunTime:0.000793s ]

[ 2017-03-19T23:15:17+08:00 ] ::1 /axd/Admin/Subject/addEditSubject
INFO: [ app_init ] --START--
INFO: Run Behavior\BuildLiteBehavior [ RunTime:0.000022s ]
INFO: [ app_init ] --END-- [ RunTime:0.000131s ]
INFO: [ app_begin ] --START--
INFO: Run Behavior\ReadHtmlCacheBehavior [ RunTime:0.000492s ]
INFO: [ app_begin ] --END-- [ RunTime:0.000601s ]
SQL: SHOW COLUMNS FROM `axd_subject` [ RunTime:0.0057s ]
SQL: SELECT * FROM `axd_subject` WHERE `subject_id` = 0 LIMIT 1   [ RunTime:0.0003s ]

[ 2017-03-19T23:15:20+08:00 ] ::1 /axd/Admin/Subject/addEditSubject.html
INFO: [ app_init ] --START--
INFO: Run Behavior\BuildLiteBehavior [ RunTime:0.000035s ]
INFO: [ app_init ] --END-- [ RunTime:0.000227s ]
INFO: [ app_begin ] --START--
INFO: Run Behavior\ReadHtmlCacheBehavior [ RunTime:0.000853s ]
INFO: [ app_begin ] --END-- [ RunTime:0.001039s ]
SQL: SHOW COLUMNS FROM `axd_subject` [ RunTime:0.0137s ]
SQL: SELECT * FROM `axd_subject` WHERE `subject_id` = 0 LIMIT 1   [ RunTime:0.0005s ]
SQL: SHOW COLUMNS FROM `axd_subject_cate` [ RunTime:0.0113s ]
SQL: SELECT * FROM `axd_subject_cate`  [ RunTime:0.0004s ]
SQL: SHOW COLUMNS FROM `axd_subject_goods` [ RunTime:0.0074s ]
SQL: SELECT sg.sg_id,g.goods_id,g.name,g.image FROM axd_subject_goods sg INNER JOIN axd_goods g ON sg.goods_id = g.goods_id  WHERE ( sg.subject_id='' )  [ RunTime:0.0006s ]
INFO: [ view_parse ] --START--
INFO: [ template_filter ] --START--
INFO: Run Behavior\ContentReplaceBehavior [ RunTime:0.000473s ]
INFO: [ template_filter ] --END-- [ RunTime:0.000655s ]
INFO: Run Behavior\ParseTemplateBehavior [ RunTime:0.047485s ]
INFO: [ view_parse ] --END-- [ RunTime:0.047675s ]
INFO: [ view_filter ] --START--
INFO: Run Behavior\WriteHtmlCacheBehavior [ RunTime:0.000389s ]
INFO: [ view_filter ] --END-- [ RunTime:0.000492s ]
INFO: [ app_end ] --START--
INFO: Run Behavior\ShowPageTraceBehavior [ RunTime:0.000531s ]
INFO: [ app_end ] --END-- [ RunTime:0.000637s ]

[ 2017-03-19T23:15:35+08:00 ] ::1 /axd/Admin/Subject/addEditSubject.html
INFO: [ app_init ] --START--
INFO: Run Behavior\BuildLiteBehavior [ RunTime:0.000022s ]
INFO: [ app_init ] --END-- [ RunTime:0.000152s ]
INFO: [ app_begin ] --START--
INFO: Run Behavior\ReadHtmlCacheBehavior [ RunTime:0.000597s ]
INFO: [ app_begin ] --END-- [ RunTime:0.000707s ]
SQL: SHOW COLUMNS FROM `axd_subject` [ RunTime:0.0135s ]
SQL: SELECT * FROM `axd_subject` WHERE `subject_id` = 0 LIMIT 1   [ RunTime:0.0006s ]
SQL: SHOW COLUMNS FROM `axd_subject_cate` [ RunTime:0.0052s ]
SQL: SELECT * FROM `axd_subject_cate`  [ RunTime:0.0003s ]
SQL: SHOW COLUMNS FROM `axd_subject_goods` [ RunTime:0.0054s ]
SQL: SELECT sg.sg_id,g.goods_id,g.name,g.image FROM axd_subject_goods sg INNER JOIN axd_goods g ON sg.goods_id = g.goods_id  WHERE ( sg.subject_id='' )  [ RunTime:0.0003s ]
INFO: [ view_parse ] --START--
INFO: [ template_filter ] --START--
INFO: Run Behavior\ContentReplaceBehavior [ RunTime:0.000322s ]
INFO: [ template_filter ] --END-- [ RunTime:0.000436s ]
INFO: Run Behavior\ParseTemplateBehavior [ RunTime:0.027039s ]
INFO: [ view_parse ] --END-- [ RunTime:0.027155s ]
INFO: [ view_filter ] --START--
INFO: Run Behavior\WriteHtmlCacheBehavior [ RunTime:0.000386s ]
INFO: [ view_filter ] --END-- [ RunTime:0.000482s ]
INFO: [ app_end ] --START--
INFO: Run Behavior\ShowPageTraceBehavior [ RunTime:0.000607s ]
INFO: [ app_end ] --END-- [ RunTime:0.000711s ]

[ 2017-03-19T23:15:36+08:00 ] ::1 /axd/Admin/Subject/addEditSubject
INFO: [ app_init ] --START--
INFO: Run Behavior\BuildLiteBehavior [ RunTime:0.000021s ]
INFO: [ app_init ] --END-- [ RunTime:0.000129s ]
INFO: [ app_begin ] --START--
INFO: Run Behavior\ReadHtmlCacheBehavior [ RunTime:0.000502s ]
INFO: [ app_begin ] --END-- [ RunTime:0.000613s ]
SQL: SHOW COLUMNS FROM `axd_subject` [ RunTime:0.0064s ]
SQL: SELECT * FROM `axd_subject` WHERE `subject_id` = 0 LIMIT 1   [ RunTime:0.0006s ]
INFO: [ app_end ] --START--
INFO: Run Behavior\ShowPageTraceBehavior [ RunTime:0.001301s ]
INFO: [ app_end ] --END-- [ RunTime:0.001574s ]

[ 2017-03-19T23:16:11+08:00 ] ::1 /axd/Admin/Subject/addEditSubject.html
INFO: [ app_init ] --START--
INFO: Run Behavior\BuildLiteBehavior [ RunTime:0.000023s ]
INFO: [ app_init ] --END-- [ RunTime:0.000150s ]
INFO: [ app_begin ] --START--
INFO: Run Behavior\ReadHtmlCacheBehavior [ RunTime:0.000636s ]
INFO: [ app_begin ] --END-- [ RunTime:0.000755s ]
SQL: SHOW COLUMNS FROM `axd_subject` [ RunTime:0.0134s ]
SQL: SELECT * FROM `axd_subject` WHERE `subject_id` = 0 LIMIT 1   [ RunTime:0.0006s ]
SQL: SHOW COLUMNS FROM `axd_subject_cate` [ RunTime:0.0127s ]
SQL: SELECT * FROM `axd_subject_cate`  [ RunTime:0.0004s ]
SQL: SHOW COLUMNS FROM `axd_subject_goods` [ RunTime:0.0065s ]
SQL: SELECT sg.sg_id,g.goods_id,g.name,g.image FROM axd_subject_goods sg INNER JOIN axd_goods g ON sg.goods_id = g.goods_id  WHERE ( sg.subject_id='' )  [ RunTime:0.0003s ]
INFO: [ view_parse ] --START--
INFO: [ template_filter ] --START--
INFO: Run Behavior\ContentReplaceBehavior [ RunTime:0.000315s ]
INFO: [ template_filter ] --END-- [ RunTime:0.000451s ]
INFO: Run Behavior\ParseTemplateBehavior [ RunTime:0.034698s ]
INFO: [ view_parse ] --END-- [ RunTime:0.034836s ]
INFO: [ view_filter ] --START--
INFO: Run Behavior\WriteHtmlCacheBehavior [ RunTime:0.000486s ]
INFO: [ view_filter ] --END-- [ RunTime:0.000583s ]
INFO: [ app_end ] --START--
INFO: Run Behavior\ShowPageTraceBehavior [ RunTime:0.000622s ]
INFO: [ app_end ] --END-- [ RunTime:0.000730s ]

[ 2017-03-19T23:16:12+08:00 ] ::1 /axd/Admin/Subject/addEditSubject
INFO: [ app_init ] --START--
INFO: Run Behavior\BuildLiteBehavior [ RunTime:0.000021s ]
INFO: [ app_init ] --END-- [ RunTime:0.000130s ]
INFO: [ app_begin ] --START--
INFO: Run Behavior\ReadHtmlCacheBehavior [ RunTime:0.000585s ]
INFO: [ app_begin ] --END-- [ RunTime:0.000698s ]
SQL: SHOW COLUMNS FROM `axd_subject` [ RunTime:0.0124s ]
SQL: SELECT * FROM `axd_subject` WHERE `subject_id` = 0 LIMIT 1   [ RunTime:0.0006s ]

[ 2017-03-19T23:16:16+08:00 ] ::1 /axd/Admin/Subject/addEditSubject
INFO: [ app_init ] --START--
INFO: Run Behavior\BuildLiteBehavior [ RunTime:0.000022s ]
INFO: [ app_init ] --END-- [ RunTime:0.000130s ]
INFO: [ app_begin ] --START--
INFO: Run Behavior\ReadHtmlCacheBehavior [ RunTime:0.000573s ]
INFO: [ app_begin ] --END-- [ RunTime:0.000690s ]
SQL: SHOW COLUMNS FROM `axd_subject` [ RunTime:0.0130s ]
SQL: SELECT * FROM `axd_subject` WHERE `subject_id` = 0 LIMIT 1   [ RunTime:0.0003s ]

[ 2017-03-19T23:16:51+08:00 ] ::1 /axd/Admin/Subject/addEditSubject
INFO: [ app_init ] --START--
INFO: Run Behavior\BuildLiteBehavior [ RunTime:0.000021s ]
INFO: [ app_init ] --END-- [ RunTime:0.000130s ]
INFO: [ app_begin ] --START--
INFO: Run Behavior\ReadHtmlCacheBehavior [ RunTime:0.000496s ]
INFO: [ app_begin ] --END-- [ RunTime:0.000608s ]
SQL: SHOW COLUMNS FROM `axd_subject` [ RunTime:0.0052s ]
SQL: SELECT * FROM `axd_subject` WHERE `subject_id` = 0 LIMIT 1   [ RunTime:0.0003s ]

[ 2017-03-19T23:17:42+08:00 ] ::1 /axd/Admin/Subject/addEditSubject
INFO: [ app_init ] --START--
INFO: Run Behavior\BuildLiteBehavior [ RunTime:0.000025s ]
INFO: [ app_init ] --END-- [ RunTime:0.000149s ]
INFO: [ app_begin ] --START--
INFO: Run Behavior\ReadHtmlCacheBehavior [ RunTime:0.000601s ]
INFO: [ app_begin ] --END-- [ RunTime:0.000714s ]
SQL: SHOW COLUMNS FROM `axd_subject` [ RunTime:0.0132s ]
SQL: SELECT * FROM `axd_subject` WHERE `subject_id` = 0 LIMIT 1   [ RunTime:0.0006s ]
NOTIC: [8] Undefined variable: res1 G:\proj_php\axd\Application\Admin\Controller\SubjectController.class.php 第 139 行.
INFO: [ app_end ] --START--
INFO: Run Behavior\ShowPageTraceBehavior [ RunTime:0.001465s ]
INFO: [ app_end ] --END-- [ RunTime:0.001757s ]

[ 2017-03-19T23:17:57+08:00 ] ::1 /axd/Admin/Subject/addEditSubject
INFO: [ app_init ] --START--
INFO: Run Behavior\BuildLiteBehavior [ RunTime:0.000022s ]
INFO: [ app_init ] --END-- [ RunTime:0.000130s ]
INFO: [ app_begin ] --START--
INFO: Run Behavior\ReadHtmlCacheBehavior [ RunTime:0.000496s ]
INFO: [ app_begin ] --END-- [ RunTime:0.000609s ]
SQL: SHOW COLUMNS FROM `axd_subject` [ RunTime:0.0070s ]
SQL: SELECT * FROM `axd_subject` WHERE `subject_id` = 0 LIMIT 1   [ RunTime:0.0003s ]
INFO: [ app_end ] --START--
INFO: Run Behavior\ShowPageTraceBehavior [ RunTime:0.000582s ]
INFO: [ app_end ] --END-- [ RunTime:0.000690s ]

[ 2017-03-19T23:18:42+08:00 ] ::1 /axd/Admin/Subject/addEditSubject.html
INFO: [ app_init ] --START--
INFO: Run Behavior\BuildLiteBehavior [ RunTime:0.000028s ]
INFO: [ app_init ] --END-- [ RunTime:0.000179s ]
INFO: [ app_begin ] --START--
INFO: Run Behavior\ReadHtmlCacheBehavior [ RunTime:0.000747s ]
INFO: [ app_begin ] --END-- [ RunTime:0.000889s ]
SQL: SHOW COLUMNS FROM `axd_subject` [ RunTime:0.0135s ]
SQL: SELECT * FROM `axd_subject` WHERE `subject_id` = 0 LIMIT 1   [ RunTime:0.0007s ]
SQL: SHOW COLUMNS FROM `axd_subject_cate` [ RunTime:0.0130s ]
SQL: SELECT * FROM `axd_subject_cate`  [ RunTime:0.0005s ]
SQL: SHOW COLUMNS FROM `axd_subject_goods` [ RunTime:0.0066s ]
SQL: SELECT sg.sg_id,g.goods_id,g.name,g.image FROM axd_subject_goods sg INNER JOIN axd_goods g ON sg.goods_id = g.goods_id  WHERE ( sg.subject_id='' )  [ RunTime:0.0004s ]
INFO: [ view_parse ] --START--
INFO: [ template_filter ] --START--
INFO: Run Behavior\ContentReplaceBehavior [ RunTime:0.000787s ]
INFO: [ template_filter ] --END-- [ RunTime:0.001072s ]
INFO: Run Behavior\ParseTemplateBehavior [ RunTime:0.058872s ]
INFO: [ view_parse ] --END-- [ RunTime:0.059071s ]
INFO: [ view_filter ] --START--
INFO: Run Behavior\WriteHtmlCacheBehavior [ RunTime:0.000563s ]
INFO: [ view_filter ] --END-- [ RunTime:0.000672s ]
INFO: [ app_end ] --START--
INFO: Run Behavior\ShowPageTraceBehavior [ RunTime:0.000718s ]
INFO: [ app_end ] --END-- [ RunTime:0.000836s ]

[ 2017-03-19T23:19:50+08:00 ] ::1 /axd/Admin/Subject/addEditSubject
INFO: [ app_init ] --START--
INFO: Run Behavior\BuildLiteBehavior [ RunTime:0.000022s ]
INFO: [ app_init ] --END-- [ RunTime:0.000128s ]
INFO: [ app_begin ] --START--
INFO: Run Behavior\ReadHtmlCacheBehavior [ RunTime:0.000565s ]
INFO: [ app_begin ] --END-- [ RunTime:0.000659s ]
SQL: SHOW COLUMNS FROM `axd_subject` [ RunTime:0.0543s ]
SQL: SELECT * FROM `axd_subject` WHERE `subject_id` = 0 LIMIT 1   [ RunTime:0.0007s ]
SQL: SHOW COLUMNS FROM `axd_subject` [ RunTime:0.0138s ]
SQL: INSERT INTO `axd_subject` (`s_cate_id`,`name`,`text_content`,`sex`,`user_nickname`,`user_introduce`,`comment_count`,`collect_count`,`share_count`,`image`,`image_content`,`user_image`,`add_time`) VALUES ('1','123','12312','1','221','231','2312','12312','22','/Public/uploads/subject/2017/03/19/2878231950.jpg','/Public/uploads/subject/2017/03/19/1261231950.jpg','/Public/uploads/subject/2017/03/19/1502231950.jpg','1489936790') [ RunTime:0.0007s ]
SQL: SHOW COLUMNS FROM `axd_subject_goods` [ RunTime:0.0121s ]
NOTIC: [8] Undefined offset: 0 G:\proj_php\axd\ThinkPHP\Library\Think\Db\Driver.class.php 第 803 行.
SQL: INSERT INTO `axd_subject_goods` () VALUES () [ RunTime:0.0003s ]
INFO: [ app_end ] --START--
INFO: Run Behavior\ShowPageTraceBehavior [ RunTime:0.000961s ]
INFO: [ app_end ] --END-- [ RunTime:0.001097s ]

[ 2017-03-19T23:20:00+08:00 ] ::1 /axd/Admin/Subject/addEditSubject.html
INFO: [ app_init ] --START--
INFO: Run Behavior\BuildLiteBehavior [ RunTime:0.000054s ]
INFO: [ app_init ] --END-- [ RunTime:0.000350s ]
INFO: [ app_begin ] --START--
INFO: Run Behavior\ReadHtmlCacheBehavior [ RunTime:0.001426s ]
INFO: [ app_begin ] --END-- [ RunTime:0.001709s ]
SQL: SHOW COLUMNS FROM `axd_subject` [ RunTime:0.0138s ]
SQL: SELECT * FROM `axd_subject` WHERE `subject_id` = 0 LIMIT 1   [ RunTime:0.0006s ]
SQL: SHOW COLUMNS FROM `axd_subject_cate` [ RunTime:0.0126s ]
SQL: SELECT * FROM `axd_subject_cate`  [ RunTime:0.0004s ]
SQL: SHOW COLUMNS FROM `axd_subject_goods` [ RunTime:0.0132s ]
SQL: SELECT sg.sg_id,g.goods_id,g.name,g.image FROM axd_subject_goods sg INNER JOIN axd_goods g ON sg.goods_id = g.goods_id  WHERE ( sg.subject_id='' )  [ RunTime:0.0006s ]
INFO: [ view_parse ] --START--
INFO: [ template_filter ] --START--
INFO: Run Behavior\ContentReplaceBehavior [ RunTime:0.000340s ]
INFO: [ template_filter ] --END-- [ RunTime:0.000463s ]
INFO: Run Behavior\ParseTemplateBehavior [ RunTime:0.047415s ]
INFO: [ view_parse ] --END-- [ RunTime:0.047611s ]
INFO: [ view_filter ] --START--
INFO: Run Behavior\WriteHtmlCacheBehavior [ RunTime:0.000504s ]
INFO: [ view_filter ] --END-- [ RunTime:0.000611s ]
INFO: [ app_end ] --START--
INFO: Run Behavior\ShowPageTraceBehavior [ RunTime:0.000643s ]
INFO: [ app_end ] --END-- [ RunTime:0.000758s ]

[ 2017-03-19T23:20:03+08:00 ] ::1 /axd/Admin/Subject/addEditSubject.html
INFO: [ app_init ] --START--
INFO: Run Behavior\BuildLiteBehavior [ RunTime:0.000026s ]
INFO: [ app_init ] --END-- [ RunTime:0.000162s ]
INFO: [ app_begin ] --START--
INFO: Run Behavior\ReadHtmlCacheBehavior [ RunTime:0.000627s ]
INFO: [ app_begin ] --END-- [ RunTime:0.000740s ]
SQL: SHOW COLUMNS FROM `axd_subject` [ RunTime:0.0131s ]
SQL: SELECT * FROM `axd_subject` WHERE `subject_id` = 0 LIMIT 1   [ RunTime:0.0004s ]
SQL: SHOW COLUMNS FROM `axd_subject_cate` [ RunTime:0.0102s ]
SQL: SELECT * FROM `axd_subject_cate`  [ RunTime:0.0003s ]
SQL: SHOW COLUMNS FROM `axd_subject_goods` [ RunTime:0.0056s ]
SQL: SELECT sg.sg_id,g.goods_id,g.name,g.image FROM axd_subject_goods sg INNER JOIN axd_goods g ON sg.goods_id = g.goods_id  WHERE ( sg.subject_id='' )  [ RunTime:0.0004s ]
INFO: [ view_parse ] --START--
INFO: [ template_filter ] --START--
INFO: Run Behavior\ContentReplaceBehavior [ RunTime:0.000371s ]
INFO: [ template_filter ] --END-- [ RunTime:0.000519s ]
INFO: Run Behavior\ParseTemplateBehavior [ RunTime:0.042587s ]
INFO: [ view_parse ] --END-- [ RunTime:0.042796s ]
INFO: [ view_filter ] --START--
INFO: Run Behavior\WriteHtmlCacheBehavior [ RunTime:0.000512s ]
INFO: [ view_filter ] --END-- [ RunTime:0.000631s ]
INFO: [ app_end ] --START--
INFO: Run Behavior\ShowPageTraceBehavior [ RunTime:0.000670s ]
INFO: [ app_end ] --END-- [ RunTime:0.000796s ]

[ 2017-03-19T23:20:51+08:00 ] ::1 /axd/Admin/Subject/addEditSubject
INFO: [ app_init ] --START--
INFO: Run Behavior\BuildLiteBehavior [ RunTime:0.000020s ]
INFO: [ app_init ] --END-- [ RunTime:0.000126s ]
INFO: [ app_begin ] --START--
INFO: Run Behavior\ReadHtmlCacheBehavior [ RunTime:0.000494s ]
INFO: [ app_begin ] --END-- [ RunTime:0.000585s ]
SQL: SHOW COLUMNS FROM `axd_subject` [ RunTime:0.0059s ]
SQL: SELECT * FROM `axd_subject` WHERE `subject_id` = 0 LIMIT 1   [ RunTime:0.0003s ]
SQL: SHOW COLUMNS FROM `axd_subject` [ RunTime:0.0054s ]
SQL: INSERT INTO `axd_subject` (`s_cate_id`,`name`,`text_content`,`sex`,`user_nickname`,`user_introduce`,`comment_count`,`collect_count`,`share_count`,`image`,`image_content`,`user_image`,`add_time`) VALUES ('12','123','1232','1','213','213','2','21','1','/Public/uploads/subject/2017/03/19/7006232051.jpg','/Public/uploads/subject/2017/03/19/5896232051.jpg','/Public/uploads/subject/2017/03/19/4529232051.jpg','1489936851') [ RunTime:0.0003s ]
SQL: SHOW COLUMNS FROM `axd_subject_goods` [ RunTime:0.0047s ]
NOTIC: [8] Undefined offset: 0 G:\proj_php\axd\ThinkPHP\Library\Think\Db\Driver.class.php 第 803 行.
SQL: INSERT INTO `axd_subject_goods` () VALUES () [ RunTime:0.0003s ]

[ 2017-03-19T23:20:53+08:00 ] ::1 /axd/Admin/Subject/addSubjectGoodsPage.html
INFO: [ app_init ] --START--
INFO: Run Behavior\BuildLiteBehavior [ RunTime:0.000022s ]
INFO: [ app_init ] --END-- [ RunTime:0.000140s ]
INFO: [ app_begin ] --START--
INFO: Run Behavior\ReadHtmlCacheBehavior [ RunTime:0.000516s ]
INFO: [ app_begin ] --END-- [ RunTime:0.000625s ]
SQL: SHOW COLUMNS FROM `axd_goods_cate` [ RunTime:0.0056s ]
SQL: SELECT * FROM `axd_goods_cate` WHERE ( parent_id='1' )  [ RunTime:0.0003s ]
SQL: SELECT * FROM `axd_goods_cate` WHERE ( parent_id='3' )  [ RunTime:0.0002s ]
INFO: [ view_parse ] --START--
INFO: [ template_filter ] --START--
INFO: Run Behavior\ContentReplaceBehavior [ RunTime:0.000278s ]
INFO: [ template_filter ] --END-- [ RunTime:0.000393s ]
INFO: Run Behavior\ParseTemplateBehavior [ RunTime:0.022812s ]
INFO: [ view_parse ] --END-- [ RunTime:0.022918s ]
INFO: [ view_filter ] --START--
INFO: Run Behavior\WriteHtmlCacheBehavior [ RunTime:0.000344s ]
INFO: [ view_filter ] --END-- [ RunTime:0.000440s ]
INFO: [ app_end ] --START--
INFO: Run Behavior\ShowPageTraceBehavior [ RunTime:0.000480s ]
INFO: [ app_end ] --END-- [ RunTime:0.000584s ]

[ 2017-03-19T23:21:26+08:00 ] ::1 /axd/Admin/Subject/subjectList.html
INFO: [ app_init ] --START--
INFO: Run Behavior\BuildLiteBehavior [ RunTime:0.000021s ]
INFO: [ app_init ] --END-- [ RunTime:0.000140s ]
INFO: [ app_begin ] --START--
INFO: Run Behavior\ReadHtmlCacheBehavior [ RunTime:0.000515s ]
INFO: [ app_begin ] --END-- [ RunTime:0.000622s ]
SQL: SHOW COLUMNS FROM `axd_subject` [ RunTime:0.0058s ]
SQL: SELECT s.*,sc.name AS cate_name FROM axd_subject s LEFT JOIN axd_subject_cate sc ON sc.s_cate_id = s.s_cate_id  WHERE s.name LIKE '%%' ORDER BY subject_id DESC LIMIT 0,20   [ RunTime:0.0005s ]
SQL: SELECT COUNT(*) AS tp_count FROM axd_subject s INNER JOIN axd_subject_cate sc ON sc.s_cate_id = s.s_cate_id  WHERE s.name LIKE '%%' LIMIT 1   [ RunTime:0.0003s ]
INFO: [ view_parse ] --START--
INFO: [ template_filter ] --START--
INFO: Run Behavior\ContentReplaceBehavior [ RunTime:0.000243s ]
INFO: [ template_filter ] --END-- [ RunTime:0.000355s ]
INFO: Run Behavior\ParseTemplateBehavior [ RunTime:0.027184s ]
INFO: [ view_parse ] --END-- [ RunTime:0.027296s ]
INFO: [ view_filter ] --START--
INFO: Run Behavior\WriteHtmlCacheBehavior [ RunTime:0.000369s ]
INFO: [ view_filter ] --END-- [ RunTime:0.000466s ]
INFO: [ app_end ] --START--
INFO: Run Behavior\ShowPageTraceBehavior [ RunTime:0.000488s ]
INFO: [ app_end ] --END-- [ RunTime:0.000591s ]

[ 2017-03-19T23:21:27+08:00 ] ::1 /axd/Admin/Subject/addEditSubject.html
INFO: [ app_init ] --START--
INFO: Run Behavior\BuildLiteBehavior [ RunTime:0.000021s ]
INFO: [ app_init ] --END-- [ RunTime:0.000138s ]
INFO: [ app_begin ] --START--
INFO: Run Behavior\ReadHtmlCacheBehavior [ RunTime:0.000520s ]
INFO: [ app_begin ] --END-- [ RunTime:0.000627s ]
SQL: SHOW COLUMNS FROM `axd_subject` [ RunTime:0.0056s ]
SQL: SELECT * FROM `axd_subject` WHERE `subject_id` = 0 LIMIT 1   [ RunTime:0.0003s ]
SQL: SHOW COLUMNS FROM `axd_subject_cate` [ RunTime:0.0047s ]
SQL: SELECT * FROM `axd_subject_cate`  [ RunTime:0.0002s ]
SQL: SHOW COLUMNS FROM `axd_subject_goods` [ RunTime:0.0048s ]
SQL: SELECT sg.sg_id,g.goods_id,g.name,g.image FROM axd_subject_goods sg INNER JOIN axd_goods g ON sg.goods_id = g.goods_id  WHERE ( sg.subject_id='' )  [ RunTime:0.0003s ]
INFO: [ view_parse ] --START--
INFO: [ template_filter ] --START--
INFO: Run Behavior\ContentReplaceBehavior [ RunTime:0.000300s ]
INFO: [ template_filter ] --END-- [ RunTime:0.000414s ]
INFO: Run Behavior\ParseTemplateBehavior [ RunTime:0.026895s ]
INFO: [ view_parse ] --END-- [ RunTime:0.027006s ]
INFO: [ view_filter ] --START--
INFO: Run Behavior\WriteHtmlCacheBehavior [ RunTime:0.000347s ]
INFO: [ view_filter ] --END-- [ RunTime:0.000442s ]
INFO: [ app_end ] --START--
INFO: Run Behavior\ShowPageTraceBehavior [ RunTime:0.000479s ]
INFO: [ app_end ] --END-- [ RunTime:0.000580s ]

[ 2017-03-19T23:22:05+08:00 ] ::1 /axd/Admin/Subject/addEditSubject.html
INFO: [ app_init ] --START--
INFO: Run Behavior\BuildLiteBehavior [ RunTime:0.000054s ]
INFO: [ app_init ] --END-- [ RunTime:0.000355s ]
INFO: [ app_begin ] --START--
INFO: Run Behavior\ReadHtmlCacheBehavior [ RunTime:0.001240s ]
INFO: [ app_begin ] --END-- [ RunTime:0.001523s ]
SQL: SHOW COLUMNS FROM `axd_subject` [ RunTime:0.0143s ]
SQL: SELECT * FROM `axd_subject` WHERE `subject_id` = 0 LIMIT 1   [ RunTime:0.0006s ]
SQL: SHOW COLUMNS FROM `axd_subject_cate` [ RunTime:0.0131s ]
SQL: SELECT * FROM `axd_subject_cate`  [ RunTime:0.0005s ]
SQL: SHOW COLUMNS FROM `axd_subject_goods` [ RunTime:0.0126s ]
SQL: SELECT sg.sg_id,g.goods_id,g.name,g.image FROM axd_subject_goods sg INNER JOIN axd_goods g ON sg.goods_id = g.goods_id  WHERE ( sg.subject_id='' )  [ RunTime:0.0004s ]
INFO: [ view_parse ] --START--
INFO: [ template_filter ] --START--
INFO: Run Behavior\ContentReplaceBehavior [ RunTime:0.000342s ]
INFO: [ template_filter ] --END-- [ RunTime:0.000477s ]
INFO: Run Behavior\ParseTemplateBehavior [ RunTime:0.044769s ]
INFO: [ view_parse ] --END-- [ RunTime:0.044967s ]
INFO: [ view_filter ] --START--
INFO: Run Behavior\WriteHtmlCacheBehavior [ RunTime:0.000419s ]
INFO: [ view_filter ] --END-- [ RunTime:0.000526s ]
INFO: [ app_end ] --START--
INFO: Run Behavior\ShowPageTraceBehavior [ RunTime:0.000574s ]
INFO: [ app_end ] --END-- [ RunTime:0.000689s ]

[ 2017-03-19T23:22:07+08:00 ] ::1 /axd/Admin/Subject/addEditSubject.html
INFO: [ app_init ] --START--
INFO: Run Behavior\BuildLiteBehavior [ RunTime:0.000055s ]
INFO: [ app_init ] --END-- [ RunTime:0.000357s ]
INFO: [ app_begin ] --START--
INFO: Run Behavior\ReadHtmlCacheBehavior [ RunTime:0.001445s ]
INFO: [ app_begin ] --END-- [ RunTime:0.001732s ]
SQL: SHOW COLUMNS FROM `axd_subject` [ RunTime:0.0131s ]
SQL: SELECT * FROM `axd_subject` WHERE `subject_id` = 0 LIMIT 1   [ RunTime:0.0006s ]
SQL: SHOW COLUMNS FROM `axd_subject_cate` [ RunTime:0.0132s ]
SQL: SELECT * FROM `axd_subject_cate`  [ RunTime:0.0005s ]
SQL: SHOW COLUMNS FROM `axd_subject_goods` [ RunTime:0.0115s ]
SQL: SELECT sg.sg_id,g.goods_id,g.name,g.image FROM axd_subject_goods sg INNER JOIN axd_goods g ON sg.goods_id = g.goods_id  WHERE ( sg.subject_id='' )  [ RunTime:0.0004s ]
INFO: [ view_parse ] --START--
INFO: [ template_filter ] --START--
INFO: Run Behavior\ContentReplaceBehavior [ RunTime:0.000457s ]
INFO: [ template_filter ] --END-- [ RunTime:0.000618s ]
INFO: Run Behavior\ParseTemplateBehavior [ RunTime:0.036692s ]
INFO: [ view_parse ] --END-- [ RunTime:0.036829s ]
INFO: [ view_filter ] --START--
INFO: Run Behavior\WriteHtmlCacheBehavior [ RunTime:0.000485s ]
INFO: [ view_filter ] --END-- [ RunTime:0.000583s ]
INFO: [ app_end ] --START--
INFO: Run Behavior\ShowPageTraceBehavior [ RunTime:0.000618s ]
INFO: [ app_end ] --END-- [ RunTime:0.000725s ]

[ 2017-03-19T23:22:15+08:00 ] ::1 /axd/Admin/Subject/addEditSubject.html
INFO: [ app_init ] --START--
INFO: Run Behavior\BuildLiteBehavior [ RunTime:0.000022s ]
INFO: [ app_init ] --END-- [ RunTime:0.000141s ]
INFO: [ app_begin ] --START--
INFO: Run Behavior\ReadHtmlCacheBehavior [ RunTime:0.000518s ]
INFO: [ app_begin ] --END-- [ RunTime:0.000627s ]
SQL: SHOW COLUMNS FROM `axd_subject` [ RunTime:0.0076s ]
SQL: SELECT * FROM `axd_subject` WHERE `subject_id` = 0 LIMIT 1   [ RunTime:0.0003s ]
SQL: SHOW COLUMNS FROM `axd_subject_cate` [ RunTime:0.0049s ]
SQL: SELECT * FROM `axd_subject_cate`  [ RunTime:0.0003s ]
SQL: SHOW COLUMNS FROM `axd_subject_goods` [ RunTime:0.0057s ]
SQL: SELECT sg.sg_id,g.goods_id,g.name,g.image FROM axd_subject_goods sg INNER JOIN axd_goods g ON sg.goods_id = g.goods_id  WHERE ( sg.subject_id='' )  [ RunTime:0.0005s ]
INFO: [ view_parse ] --START--
INFO: [ template_filter ] --START--
INFO: Run Behavior\ContentReplaceBehavior [ RunTime:0.000299s ]
INFO: [ template_filter ] --END-- [ RunTime:0.000404s ]
INFO: Run Behavior\ParseTemplateBehavior [ RunTime:0.026394s ]
INFO: [ view_parse ] --END-- [ RunTime:0.026508s ]
INFO: [ view_filter ] --START--
INFO: Run Behavior\WriteHtmlCacheBehavior [ RunTime:0.000377s ]
INFO: [ view_filter ] --END-- [ RunTime:0.000473s ]
INFO: [ app_end ] --START--
INFO: Run Behavior\ShowPageTraceBehavior [ RunTime:0.000501s ]
INFO: [ app_end ] --END-- [ RunTime:0.000604s ]

[ 2017-03-19T23:22:36+08:00 ] ::1 /axd/Admin/Subject/addEditSubject
INFO: [ app_init ] --START--
INFO: Run Behavior\BuildLiteBehavior [ RunTime:0.000020s ]
INFO: [ app_init ] --END-- [ RunTime:0.000127s ]
INFO: [ app_begin ] --START--
INFO: Run Behavior\ReadHtmlCacheBehavior [ RunTime:0.000466s ]
INFO: [ app_begin ] --END-- [ RunTime:0.000560s ]
SQL: SHOW COLUMNS FROM `axd_subject` [ RunTime:0.0060s ]
SQL: SELECT * FROM `axd_subject` WHERE `subject_id` = 0 LIMIT 1   [ RunTime:0.0005s ]
SQL: SHOW COLUMNS FROM `axd_subject` [ RunTime:0.0049s ]
SQL: INSERT INTO `axd_subject` (`s_cate_id`,`name`,`text_content`,`sex`,`user_nickname`,`user_introduce`,`comment_count`,`collect_count`,`share_count`,`image`,`image_content`,`user_image`,`add_time`) VALUES ('1','12','3','1','4','2','3','4','1','/Public/uploads/subject/2017/03/19/6572232236.jpg','/Public/uploads/subject/2017/03/19/5281232236.jpg','/Public/uploads/subject/2017/03/19/4526232236.jpg','1489936956') [ RunTime:0.0008s ]
SQL: SHOW COLUMNS FROM `axd_subject_goods` [ RunTime:0.0051s ]
SQL: INSERT INTO `axd_subject_goods` (`subject_id`,`goods_id`) VALUES ('40','57') [ RunTime:0.0002s ]

[ 2017-03-19T23:22:38+08:00 ] ::1 /axd/Admin/Subject/subjectList.html
INFO: [ app_init ] --START--
INFO: Run Behavior\BuildLiteBehavior [ RunTime:0.000022s ]
INFO: [ app_init ] --END-- [ RunTime:0.000173s ]
INFO: [ app_begin ] --START--
INFO: Run Behavior\ReadHtmlCacheBehavior [ RunTime:0.000522s ]
INFO: [ app_begin ] --END-- [ RunTime:0.000633s ]
SQL: SHOW COLUMNS FROM `axd_subject` [ RunTime:0.0053s ]
SQL: SELECT s.*,sc.name AS cate_name FROM axd_subject s LEFT JOIN axd_subject_cate sc ON sc.s_cate_id = s.s_cate_id  WHERE s.name LIKE '%%' ORDER BY subject_id DESC LIMIT 0,20   [ RunTime:0.0005s ]
SQL: SELECT COUNT(*) AS tp_count FROM axd_subject s INNER JOIN axd_subject_cate sc ON sc.s_cate_id = s.s_cate_id  WHERE s.name LIKE '%%' LIMIT 1   [ RunTime:0.0002s ]
INFO: [ view_parse ] --START--
INFO: [ template_filter ] --START--
INFO: Run Behavior\ContentReplaceBehavior [ RunTime:0.000237s ]
INFO: [ template_filter ] --END-- [ RunTime:0.000344s ]
INFO: Run Behavior\ParseTemplateBehavior [ RunTime:0.026493s ]
INFO: [ view_parse ] --END-- [ RunTime:0.026600s ]
INFO: [ view_filter ] --START--
INFO: Run Behavior\WriteHtmlCacheBehavior [ RunTime:0.000359s ]
INFO: [ view_filter ] --END-- [ RunTime:0.000455s ]
INFO: [ app_end ] --START--
INFO: Run Behavior\ShowPageTraceBehavior [ RunTime:0.000500s ]
INFO: [ app_end ] --END-- [ RunTime:0.000603s ]

[ 2017-03-19T23:23:07+08:00 ] ::1 /axd/Admin/Subject/addEditSubject.html
INFO: [ app_init ] --START--
INFO: Run Behavior\BuildLiteBehavior [ RunTime:0.000021s ]
INFO: [ app_init ] --END-- [ RunTime:0.000140s ]
INFO: [ app_begin ] --START--
INFO: Run Behavior\ReadHtmlCacheBehavior [ RunTime:0.000521s ]
INFO: [ app_begin ] --END-- [ RunTime:0.000630s ]
SQL: SHOW COLUMNS FROM `axd_subject` [ RunTime:0.0053s ]
SQL: SELECT * FROM `axd_subject` WHERE `subject_id` = 0 LIMIT 1   [ RunTime:0.0003s ]
SQL: SHOW COLUMNS FROM `axd_subject_cate` [ RunTime:0.0054s ]
SQL: SELECT * FROM `axd_subject_cate`  [ RunTime:0.0002s ]
SQL: SHOW COLUMNS FROM `axd_subject_goods` [ RunTime:0.0050s ]
SQL: SELECT sg.sg_id,g.goods_id,g.name,g.image FROM axd_subject_goods sg INNER JOIN axd_goods g ON sg.goods_id = g.goods_id  WHERE ( sg.subject_id='' )  [ RunTime:0.0003s ]
INFO: [ view_parse ] --START--
INFO: [ template_filter ] --START--
INFO: Run Behavior\ContentReplaceBehavior [ RunTime:0.000299s ]
INFO: [ template_filter ] --END-- [ RunTime:0.000414s ]
NOTIC: [8] Undefined index: goods_temp G:\proj_php\axd\Application\Runtime\Cache\Admin\bec1636dc6b9c71cb9d7071f2538a6e3.php 第 842 行.
INFO: Run Behavior\ParseTemplateBehavior [ RunTime:0.026592s ]
INFO: [ view_parse ] --END-- [ RunTime:0.026700s ]
INFO: [ view_filter ] --START--
INFO: Run Behavior\WriteHtmlCacheBehavior [ RunTime:0.000376s ]
INFO: [ view_filter ] --END-- [ RunTime:0.000471s ]
INFO: [ app_end ] --START--
INFO: Run Behavior\ShowPageTraceBehavior [ RunTime:0.000501s ]
INFO: [ app_end ] --END-- [ RunTime:0.000608s ]

[ 2017-03-19T23:23:10+08:00 ] ::1 /axd/Admin/Subject/addEditSubject.html
INFO: [ app_init ] --START--
INFO: Run Behavior\BuildLiteBehavior [ RunTime:0.000056s ]
INFO: [ app_init ] --END-- [ RunTime:0.000355s ]
INFO: [ app_begin ] --START--
INFO: Run Behavior\ReadHtmlCacheBehavior [ RunTime:0.000604s ]
INFO: [ app_begin ] --END-- [ RunTime:0.000728s ]
SQL: SHOW COLUMNS FROM `axd_subject` [ RunTime:0.0145s ]
SQL: SELECT * FROM `axd_subject` WHERE `subject_id` = 0 LIMIT 1   [ RunTime:0.0005s ]
SQL: SHOW COLUMNS FROM `axd_subject_cate` [ RunTime:0.0088s ]
SQL: SELECT * FROM `axd_subject_cate`  [ RunTime:0.0004s ]
SQL: SHOW COLUMNS FROM `axd_subject_goods` [ RunTime:0.0073s ]
SQL: SELECT sg.sg_id,g.goods_id,g.name,g.image FROM axd_subject_goods sg INNER JOIN axd_goods g ON sg.goods_id = g.goods_id  WHERE ( sg.subject_id='' )  [ RunTime:0.0005s ]
INFO: [ view_parse ] --START--
INFO: [ template_filter ] --START--
INFO: Run Behavior\ContentReplaceBehavior [ RunTime:0.000329s ]
INFO: [ template_filter ] --END-- [ RunTime:0.000447s ]
NOTIC: [8] Undefined index: goods_temp G:\proj_php\axd\Application\Runtime\Cache\Admin\bec1636dc6b9c71cb9d7071f2538a6e3.php 第 842 行.
INFO: Run Behavior\ParseTemplateBehavior [ RunTime:0.028906s ]
INFO: [ view_parse ] --END-- [ RunTime:0.029023s ]
INFO: [ view_filter ] --START--
INFO: Run Behavior\WriteHtmlCacheBehavior [ RunTime:0.000416s ]
INFO: [ view_filter ] --END-- [ RunTime:0.000522s ]
INFO: [ app_end ] --START--
INFO: Run Behavior\ShowPageTraceBehavior [ RunTime:0.000585s ]
INFO: [ app_end ] --END-- [ RunTime:0.000698s ]

[ 2017-03-19T23:23:56+08:00 ] ::1 /axd/Admin/Subject/addEditSubject.html
INFO: [ app_init ] --START--
INFO: Run Behavior\BuildLiteBehavior [ RunTime:0.000054s ]
INFO: [ app_init ] --END-- [ RunTime:0.000354s ]
INFO: [ app_begin ] --START--
INFO: Run Behavior\ReadHtmlCacheBehavior [ RunTime:0.001254s ]
INFO: [ app_begin ] --END-- [ RunTime:0.001555s ]
SQL: SHOW COLUMNS FROM `axd_subject` [ RunTime:0.0081s ]
SQL: SELECT * FROM `axd_subject` WHERE `subject_id` = 0 LIMIT 1   [ RunTime:0.0006s ]
SQL: SHOW COLUMNS FROM `axd_subject_cate` [ RunTime:0.0118s ]
SQL: SELECT * FROM `axd_subject_cate`  [ RunTime:0.0005s ]
SQL: SHOW COLUMNS FROM `axd_subject_goods` [ RunTime:0.0135s ]
SQL: SELECT sg.sg_id,g.goods_id,g.name,g.image FROM axd_subject_goods sg INNER JOIN axd_goods g ON sg.goods_id = g.goods_id  WHERE ( sg.subject_id='' )  [ RunTime:0.0006s ]
INFO: [ view_parse ] --START--
INFO: [ template_filter ] --START--
INFO: Run Behavior\ContentReplaceBehavior [ RunTime:0.000339s ]
INFO: [ template_filter ] --END-- [ RunTime:0.000459s ]
NOTIC: [8] Undefined index: goods_temp G:\proj_php\axd\Application\Runtime\Cache\Admin\bec1636dc6b9c71cb9d7071f2538a6e3.php 第 842 行.
INFO: Run Behavior\ParseTemplateBehavior [ RunTime:0.047851s ]
INFO: [ view_parse ] --END-- [ RunTime:0.048042s ]
INFO: [ view_filter ] --START--
INFO: Run Behavior\WriteHtmlCacheBehavior [ RunTime:0.000437s ]
INFO: [ view_filter ] --END-- [ RunTime:0.000544s ]
INFO: [ app_end ] --START--
INFO: Run Behavior\ShowPageTraceBehavior [ RunTime:0.000588s ]
INFO: [ app_end ] --END-- [ RunTime:0.000704s ]

[ 2017-03-19T23:24:02+08:00 ] ::1 /axd/Admin/Subject/addEditSubject.html
INFO: [ app_init ] --START--
INFO: Run Behavior\BuildLiteBehavior [ RunTime:0.000063s ]
INFO: [ app_init ] --END-- [ RunTime:0.000434s ]
INFO: [ app_begin ] --START--
INFO: Run Behavior\ReadHtmlCacheBehavior [ RunTime:0.000716s ]
INFO: [ app_begin ] --END-- [ RunTime:0.000847s ]
SQL: SHOW COLUMNS FROM `axd_subject` [ RunTime:0.0143s ]
SQL: SELECT * FROM `axd_subject` WHERE `subject_id` = 0 LIMIT 1   [ RunTime:0.0006s ]
SQL: SHOW COLUMNS FROM `axd_subject_cate` [ RunTime:0.0066s ]
SQL: SELECT * FROM `axd_subject_cate`  [ RunTime:0.0002s ]
SQL: SHOW COLUMNS FROM `axd_subject_goods` [ RunTime:0.0088s ]
SQL: SELECT sg.sg_id,g.goods_id,g.name,g.image FROM axd_subject_goods sg INNER JOIN axd_goods g ON sg.goods_id = g.goods_id  WHERE ( sg.subject_id='' )  [ RunTime:0.0004s ]
INFO: [ view_parse ] --START--
INFO: [ template_filter ] --START--
INFO: Run Behavior\ContentReplaceBehavior [ RunTime:0.000442s ]
INFO: [ template_filter ] --END-- [ RunTime:0.000597s ]
NOTIC: [8] Undefined index: goods_temp G:\proj_php\axd\Application\Runtime\Cache\Admin\bec1636dc6b9c71cb9d7071f2538a6e3.php 第 842 行.
INFO: Run Behavior\ParseTemplateBehavior [ RunTime:0.044265s ]
INFO: [ view_parse ] --END-- [ RunTime:0.044453s ]
INFO: [ view_filter ] --START--
INFO: Run Behavior\WriteHtmlCacheBehavior [ RunTime:0.000466s ]
INFO: [ view_filter ] --END-- [ RunTime:0.000564s ]
INFO: [ app_end ] --START--
INFO: Run Behavior\ShowPageTraceBehavior [ RunTime:0.000619s ]
INFO: [ app_end ] --END-- [ RunTime:0.000725s ]

[ 2017-03-19T23:24:07+08:00 ] ::1 /axd/Admin/Subject/addEditSubject.html
INFO: [ app_init ] --START--
INFO: Run Behavior\BuildLiteBehavior [ RunTime:0.000055s ]
INFO: [ app_init ] --END-- [ RunTime:0.000350s ]
INFO: [ app_begin ] --START--
INFO: Run Behavior\ReadHtmlCacheBehavior [ RunTime:0.001276s ]
INFO: [ app_begin ] --END-- [ RunTime:0.001558s ]
SQL: SHOW COLUMNS FROM `axd_subject` [ RunTime:0.0064s ]
SQL: SELECT * FROM `axd_subject` WHERE `subject_id` = 0 LIMIT 1   [ RunTime:0.0004s ]
SQL: SHOW COLUMNS FROM `axd_subject_cate` [ RunTime:0.0062s ]
SQL: SELECT * FROM `axd_subject_cate`  [ RunTime:0.0003s ]
SQL: SHOW COLUMNS FROM `axd_subject_goods` [ RunTime:0.0057s ]
SQL: SELECT sg.sg_id,g.goods_id,g.name,g.image FROM axd_subject_goods sg INNER JOIN axd_goods g ON sg.goods_id = g.goods_id  WHERE ( sg.subject_id='' )  [ RunTime:0.0004s ]
INFO: [ view_parse ] --START--
INFO: [ template_filter ] --START--
INFO: Run Behavior\ContentReplaceBehavior [ RunTime:0.000339s ]
INFO: [ template_filter ] --END-- [ RunTime:0.000469s ]
NOTIC: [8] Undefined index: goods_temp G:\proj_php\axd\Application\Runtime\Cache\Admin\bec1636dc6b9c71cb9d7071f2538a6e3.php 第 842 行.
INFO: Run Behavior\ParseTemplateBehavior [ RunTime:0.039929s ]
INFO: [ view_parse ] --END-- [ RunTime:0.040121s ]
INFO: [ view_filter ] --START--
INFO: Run Behavior\WriteHtmlCacheBehavior [ RunTime:0.000403s ]
INFO: [ view_filter ] --END-- [ RunTime:0.000512s ]
INFO: [ app_end ] --START--
INFO: Run Behavior\ShowPageTraceBehavior [ RunTime:0.000549s ]
INFO: [ app_end ] --END-- [ RunTime:0.000663s ]

[ 2017-03-19T23:24:28+08:00 ] ::1 /axd/Admin/Subject/addEditSubject/id/40.html
INFO: [ app_init ] --START--
INFO: Run Behavior\BuildLiteBehavior [ RunTime:0.000021s ]
INFO: [ app_init ] --END-- [ RunTime:0.000139s ]
INFO: [ app_begin ] --START--
INFO: Run Behavior\ReadHtmlCacheBehavior [ RunTime:0.000515s ]
INFO: [ app_begin ] --END-- [ RunTime:0.000622s ]
SQL: SHOW COLUMNS FROM `axd_subject` [ RunTime:0.0063s ]
SQL: SELECT * FROM `axd_subject` WHERE `subject_id` = 40 LIMIT 1   [ RunTime:0.0003s ]
SQL: SHOW COLUMNS FROM `axd_subject_cate` [ RunTime:0.0051s ]
SQL: SELECT * FROM `axd_subject_cate`  [ RunTime:0.0002s ]
SQL: SHOW COLUMNS FROM `axd_subject_goods` [ RunTime:0.0049s ]
SQL: SELECT sg.sg_id,g.goods_id,g.name,g.image FROM axd_subject_goods sg INNER JOIN axd_goods g ON sg.goods_id = g.goods_id  WHERE ( sg.subject_id='40' )  [ RunTime:0.0003s ]
INFO: [ view_parse ] --START--
INFO: [ template_filter ] --START--
INFO: Run Behavior\ContentReplaceBehavior [ RunTime:0.000303s ]
INFO: [ template_filter ] --END-- [ RunTime:0.000419s ]
NOTIC: [8] Undefined index: goods_temp G:\proj_php\axd\Application\Runtime\Cache\Admin\bec1636dc6b9c71cb9d7071f2538a6e3.php 第 842 行.
INFO: Run Behavior\ParseTemplateBehavior [ RunTime:0.027008s ]
INFO: [ view_parse ] --END-- [ RunTime:0.027118s ]
INFO: [ view_filter ] --START--
INFO: Run Behavior\WriteHtmlCacheBehavior [ RunTime:0.000358s ]
INFO: [ view_filter ] --END-- [ RunTime:0.000456s ]
INFO: [ app_end ] --START--
INFO: Run Behavior\ShowPageTraceBehavior [ RunTime:0.000486s ]
INFO: [ app_end ] --END-- [ RunTime:0.000587s ]

[ 2017-03-19T23:24:39+08:00 ] ::1 /axd/Admin/Subject/addEditSubject/id/37.html
INFO: [ app_init ] --START--
INFO: Run Behavior\BuildLiteBehavior [ RunTime:0.000022s ]
INFO: [ app_init ] --END-- [ RunTime:0.000139s ]
INFO: [ app_begin ] --START--
INFO: Run Behavior\ReadHtmlCacheBehavior [ RunTime:0.000515s ]
INFO: [ app_begin ] --END-- [ RunTime:0.000624s ]
SQL: SHOW COLUMNS FROM `axd_subject` [ RunTime:0.0066s ]
SQL: SELECT * FROM `axd_subject` WHERE `subject_id` = 37 LIMIT 1   [ RunTime:0.0003s ]
SQL: SHOW COLUMNS FROM `axd_subject_cate` [ RunTime:0.0048s ]
SQL: SELECT * FROM `axd_subject_cate`  [ RunTime:0.0002s ]
SQL: SHOW COLUMNS FROM `axd_subject_goods` [ RunTime:0.0052s ]
SQL: SELECT sg.sg_id,g.goods_id,g.name,g.image FROM axd_subject_goods sg INNER JOIN axd_goods g ON sg.goods_id = g.goods_id  WHERE ( sg.subject_id='37' )  [ RunTime:0.0002s ]
INFO: [ view_parse ] --START--
INFO: [ template_filter ] --START--
INFO: Run Behavior\ContentReplaceBehavior [ RunTime:0.000307s ]
INFO: [ template_filter ] --END-- [ RunTime:0.000420s ]
NOTIC: [8] Undefined index: goods_temp G:\proj_php\axd\Application\Runtime\Cache\Admin\bec1636dc6b9c71cb9d7071f2538a6e3.php 第 842 行.
INFO: Run Behavior\ParseTemplateBehavior [ RunTime:0.026819s ]
INFO: [ view_parse ] --END-- [ RunTime:0.026930s ]
INFO: [ view_filter ] --START--
INFO: Run Behavior\WriteHtmlCacheBehavior [ RunTime:0.000347s ]
INFO: [ view_filter ] --END-- [ RunTime:0.000443s ]
INFO: [ app_end ] --START--
INFO: Run Behavior\ShowPageTraceBehavior [ RunTime:0.000477s ]
INFO: [ app_end ] --END-- [ RunTime:0.000580s ]

[ 2017-03-19T23:30:33+08:00 ] ::1 /axd/Admin/Subject/addEditSubject/id/37.html
INFO: [ app_init ] --START--
INFO: Run Behavior\BuildLiteBehavior [ RunTime:0.000024s ]
INFO: [ app_init ] --END-- [ RunTime:0.000160s ]
INFO: [ app_begin ] --START--
INFO: Run Behavior\ReadHtmlCacheBehavior [ RunTime:0.000603s ]
INFO: [ app_begin ] --END-- [ RunTime:0.000722s ]
SQL: SHOW COLUMNS FROM `axd_subject` [ RunTime:0.0141s ]
SQL: SELECT * FROM `axd_subject` WHERE `subject_id` = 37 LIMIT 1   [ RunTime:0.0007s ]
SQL: SHOW COLUMNS FROM `axd_subject_cate` [ RunTime:0.0080s ]
SQL: SELECT * FROM `axd_subject_cate`  [ RunTime:0.0004s ]
SQL: SHOW COLUMNS FROM `axd_subject_goods` [ RunTime:0.0130s ]
SQL: SELECT sg.sg_id,g.goods_id,g.name,g.image FROM axd_subject_goods sg INNER JOIN axd_goods g ON sg.goods_id = g.goods_id  WHERE ( sg.subject_id='37' )  [ RunTime:0.0006s ]
INFO: [ view_parse ] --START--
INFO: [ template_filter ] --START--
INFO: Run Behavior\ContentReplaceBehavior [ RunTime:0.000399s ]
INFO: [ template_filter ] --END-- [ RunTime:0.000549s ]
NOTIC: [8] Undefined index: goods_temp G:\proj_php\axd\Application\Runtime\Cache\Admin\bec1636dc6b9c71cb9d7071f2538a6e3.php 第 842 行.
INFO: Run Behavior\ParseTemplateBehavior [ RunTime:0.036700s ]
INFO: [ view_parse ] --END-- [ RunTime:0.036885s ]
INFO: [ view_filter ] --START--
INFO: Run Behavior\WriteHtmlCacheBehavior [ RunTime:0.000400s ]
INFO: [ view_filter ] --END-- [ RunTime:0.000497s ]
INFO: [ app_end ] --START--
INFO: Run Behavior\ShowPageTraceBehavior [ RunTime:0.000516s ]
INFO: [ app_end ] --END-- [ RunTime:0.000622s ]

[ 2017-03-19T23:30:35+08:00 ] ::1 /axd/Admin/Subject/addSubjectGoodsPage.html
INFO: [ app_init ] --START--
INFO: Run Behavior\BuildLiteBehavior [ RunTime:0.000021s ]
INFO: [ app_init ] --END-- [ RunTime:0.000138s ]
INFO: [ app_begin ] --START--
INFO: Run Behavior\ReadHtmlCacheBehavior [ RunTime:0.000517s ]
INFO: [ app_begin ] --END-- [ RunTime:0.000636s ]
SQL: SHOW COLUMNS FROM `axd_goods_cate` [ RunTime:0.0059s ]
SQL: SELECT * FROM `axd_goods_cate` WHERE ( parent_id='1' )  [ RunTime:0.0003s ]
SQL: SELECT * FROM `axd_goods_cate` WHERE ( parent_id='3' )  [ RunTime:0.0002s ]
INFO: [ view_parse ] --START--
INFO: [ template_filter ] --START--
INFO: Run Behavior\ContentReplaceBehavior [ RunTime:0.000277s ]
INFO: [ template_filter ] --END-- [ RunTime:0.000389s ]
INFO: Run Behavior\ParseTemplateBehavior [ RunTime:0.022296s ]
INFO: [ view_parse ] --END-- [ RunTime:0.022409s ]
INFO: [ view_filter ] --START--
INFO: Run Behavior\WriteHtmlCacheBehavior [ RunTime:0.000384s ]
INFO: [ view_filter ] --END-- [ RunTime:0.000481s ]
INFO: [ app_end ] --START--
INFO: Run Behavior\ShowPageTraceBehavior [ RunTime:0.000510s ]
INFO: [ app_end ] --END-- [ RunTime:0.000614s ]

[ 2017-03-19T23:30:37+08:00 ] ::1 /axd/Admin/Goods/getGoodsCate
INFO: [ app_init ] --START--
INFO: Run Behavior\BuildLiteBehavior [ RunTime:0.000022s ]
INFO: [ app_init ] --END-- [ RunTime:0.000129s ]
INFO: [ app_begin ] --START--
INFO: Run Behavior\ReadHtmlCacheBehavior [ RunTime:0.000482s ]
INFO: [ app_begin ] --END-- [ RunTime:0.000582s ]
SQL: SHOW COLUMNS FROM `axd_goods_cate` [ RunTime:0.0054s ]
SQL: SELECT * FROM `axd_goods_cate` WHERE ( parent_id='29' )  [ RunTime:0.0003s ]

[ 2017-03-19T23:30:59+08:00 ] ::1 /axd/Admin/Subject/addSubjectGoodsPage
INFO: [ app_init ] --START--
INFO: Run Behavior\BuildLiteBehavior [ RunTime:0.000021s ]
INFO: [ app_init ] --END-- [ RunTime:0.000128s ]
INFO: [ app_begin ] --START--
INFO: Run Behavior\ReadHtmlCacheBehavior [ RunTime:0.000520s ]
INFO: [ app_begin ] --END-- [ RunTime:0.000621s ]
SQL: SHOW COLUMNS FROM `axd_goods_cate` [ RunTime:0.0062s ]
SQL: SHOW COLUMNS FROM `axd_goods` [ RunTime:0.0056s ]
SQL: INSERT INTO `axd_goods` (`image`,`name`,`g_cate_id`,`sex`,`price`,`tb_link`,`end_time`,`text_content`,`comment_count`,`collect_count`,`add_time`) VALUES ('/Public/uploads/goods/2017/03/19/6361233059.jpg','22','21','1','2','13','1489852800','31','3','2','1489937459') [ RunTime:0.0025s ]

[ 2017-03-19T23:31:00+08:00 ] ::1 /axd/Admin/Subject/addEditSubject/id/37.html
INFO: [ app_init ] --START--
INFO: Run Behavior\BuildLiteBehavior [ RunTime:0.000021s ]
INFO: [ app_init ] --END-- [ RunTime:0.000138s ]
INFO: [ app_begin ] --START--
INFO: Run Behavior\ReadHtmlCacheBehavior [ RunTime:0.000531s ]
INFO: [ app_begin ] --END-- [ RunTime:0.000649s ]
SQL: SHOW COLUMNS FROM `axd_subject` [ RunTime:0.0058s ]
SQL: SELECT * FROM `axd_subject` WHERE `subject_id` = 37 LIMIT 1   [ RunTime:0.0003s ]
SQL: SHOW COLUMNS FROM `axd_subject_cate` [ RunTime:0.0053s ]
SQL: SELECT * FROM `axd_subject_cate`  [ RunTime:0.0002s ]
SQL: SHOW COLUMNS FROM `axd_subject_goods` [ RunTime:0.0052s ]
SQL: SELECT sg.sg_id,g.goods_id,g.name,g.image FROM axd_subject_goods sg INNER JOIN axd_goods g ON sg.goods_id = g.goods_id  WHERE ( sg.subject_id='37' )  [ RunTime:0.0004s ]
INFO: [ view_parse ] --START--
INFO: [ template_filter ] --START--
INFO: Run Behavior\ContentReplaceBehavior [ RunTime:0.000391s ]
INFO: [ template_filter ] --END-- [ RunTime:0.000529s ]
INFO: Run Behavior\ParseTemplateBehavior [ RunTime:0.045647s ]
INFO: [ view_parse ] --END-- [ RunTime:0.045845s ]
INFO: [ view_filter ] --START--
INFO: Run Behavior\WriteHtmlCacheBehavior [ RunTime:0.000462s ]
INFO: [ view_filter ] --END-- [ RunTime:0.000597s ]
INFO: [ app_end ] --START--
INFO: Run Behavior\ShowPageTraceBehavior [ RunTime:0.000666s ]
INFO: [ app_end ] --END-- [ RunTime:0.000799s ]

[ 2017-03-19T23:31:17+08:00 ] ::1 /axd/Admin/Subject/addEditSubject
INFO: [ app_init ] --START--
INFO: Run Behavior\BuildLiteBehavior [ RunTime:0.000021s ]
INFO: [ app_init ] --END-- [ RunTime:0.000128s ]
INFO: [ app_begin ] --START--
INFO: Run Behavior\ReadHtmlCacheBehavior [ RunTime:0.000516s ]
INFO: [ app_begin ] --END-- [ RunTime:0.000618s ]
SQL: SHOW COLUMNS FROM `axd_subject` [ RunTime:0.0143s ]
SQL: SELECT * FROM `axd_subject` WHERE `subject_id` = 37 LIMIT 1   [ RunTime:0.0006s ]
NOTIC: [8] Undefined index: form_image G:\proj_php\axd\Application\Admin\Controller\SubjectController.class.php 第 150 行.
NOTIC: [8] Undefined index: form_image_content G:\proj_php\axd\Application\Admin\Controller\SubjectController.class.php 第 159 行.
NOTIC: [8] Undefined index: form_user_image G:\proj_php\axd\Application\Admin\Controller\SubjectController.class.php 第 168 行.
SQL: SHOW COLUMNS FROM `axd_subject` [ RunTime:0.0061s ]
SQL: UPDATE `axd_subject` SET `s_cate_id`='2',`name`='ceshi1',`text_content`='ceshi2',`sex`='1',`user_nickname`='ceshi3',`user_introduce`='ceshi4',`comment_count`='1',`collect_count`='2',`share_count`='3' WHERE ( subject_id='37' ) [ RunTime:0.0005s ]
SQL: SHOW COLUMNS FROM `axd_subject_goods` [ RunTime:0.0055s ]
SQL: DELETE FROM `axd_subject_goods` WHERE ( subject_id='37' ) [ RunTime:0.0003s ]
SQL: SHOW COLUMNS FROM `axd_subject_goods` [ RunTime:0.0101s ]
SQL: INSERT INTO `axd_subject_goods` (`subject_id`,`goods_id`) VALUES ('0','56'),('0','58') [ RunTime:0.0004s ]

[ 2017-03-19T23:31:18+08:00 ] ::1 /axd/Admin/Subject/subjectList.html
INFO: [ app_init ] --START--
INFO: Run Behavior\BuildLiteBehavior [ RunTime:0.000021s ]
INFO: [ app_init ] --END-- [ RunTime:0.000135s ]
INFO: [ app_begin ] --START--
INFO: Run Behavior\ReadHtmlCacheBehavior [ RunTime:0.000501s ]
INFO: [ app_begin ] --END-- [ RunTime:0.000620s ]
SQL: SHOW COLUMNS FROM `axd_subject` [ RunTime:0.0061s ]
SQL: SELECT s.*,sc.name AS cate_name FROM axd_subject s LEFT JOIN axd_subject_cate sc ON sc.s_cate_id = s.s_cate_id  WHERE s.name LIKE '%%' ORDER BY subject_id DESC LIMIT 0,20   [ RunTime:0.0005s ]
SQL: SELECT COUNT(*) AS tp_count FROM axd_subject s INNER JOIN axd_subject_cate sc ON sc.s_cate_id = s.s_cate_id  WHERE s.name LIKE '%%' LIMIT 1   [ RunTime:0.0002s ]
INFO: [ view_parse ] --START--
INFO: [ template_filter ] --START--
INFO: Run Behavior\ContentReplaceBehavior [ RunTime:0.000236s ]
INFO: [ template_filter ] --END-- [ RunTime:0.000340s ]
INFO: Run Behavior\ParseTemplateBehavior [ RunTime:0.026060s ]
INFO: [ view_parse ] --END-- [ RunTime:0.026165s ]
INFO: [ view_filter ] --START--
INFO: Run Behavior\WriteHtmlCacheBehavior [ RunTime:0.000355s ]
INFO: [ view_filter ] --END-- [ RunTime:0.000451s ]
INFO: [ app_end ] --START--
INFO: Run Behavior\ShowPageTraceBehavior [ RunTime:0.000493s ]
INFO: [ app_end ] --END-- [ RunTime:0.000594s ]

[ 2017-03-19T23:31:20+08:00 ] ::1 /axd/Admin/Subject/addEditSubject/id/36.html
INFO: [ app_init ] --START--
INFO: Run Behavior\BuildLiteBehavior [ RunTime:0.000022s ]
INFO: [ app_init ] --END-- [ RunTime:0.000137s ]
INFO: [ app_begin ] --START--
INFO: Run Behavior\ReadHtmlCacheBehavior [ RunTime:0.000528s ]
INFO: [ app_begin ] --END-- [ RunTime:0.000647s ]
SQL: SHOW COLUMNS FROM `axd_subject` [ RunTime:0.0097s ]
SQL: SELECT * FROM `axd_subject` WHERE `subject_id` = 36 LIMIT 1   [ RunTime:0.0005s ]
SQL: SHOW COLUMNS FROM `axd_subject_cate` [ RunTime:0.0072s ]
SQL: SELECT * FROM `axd_subject_cate`  [ RunTime:0.0003s ]
SQL: SHOW COLUMNS FROM `axd_subject_goods` [ RunTime:0.0054s ]
SQL: SELECT sg.sg_id,g.goods_id,g.name,g.image FROM axd_subject_goods sg INNER JOIN axd_goods g ON sg.goods_id = g.goods_id  WHERE ( sg.subject_id='36' )  [ RunTime:0.0004s ]
INFO: [ view_parse ] --START--
INFO: [ template_filter ] --START--
INFO: Run Behavior\ContentReplaceBehavior [ RunTime:0.000371s ]
INFO: [ template_filter ] --END-- [ RunTime:0.000502s ]
NOTIC: [8] Undefined index: goods_temp G:\proj_php\axd\Application\Runtime\Cache\Admin\bec1636dc6b9c71cb9d7071f2538a6e3.php 第 842 行.
INFO: Run Behavior\ParseTemplateBehavior [ RunTime:0.034018s ]
INFO: [ view_parse ] --END-- [ RunTime:0.034197s ]
INFO: [ view_filter ] --START--
INFO: Run Behavior\WriteHtmlCacheBehavior [ RunTime:0.000378s ]
INFO: [ view_filter ] --END-- [ RunTime:0.000478s ]
INFO: [ app_end ] --START--
INFO: Run Behavior\ShowPageTraceBehavior [ RunTime:0.000517s ]
INFO: [ app_end ] --END-- [ RunTime:0.000621s ]

[ 2017-03-19T23:31:23+08:00 ] ::1 /axd/Admin/Subject/addEditSubject/id/37.html
INFO: [ app_init ] --START--
INFO: Run Behavior\BuildLiteBehavior [ RunTime:0.000021s ]
INFO: [ app_init ] --END-- [ RunTime:0.000136s ]
INFO: [ app_begin ] --START--
INFO: Run Behavior\ReadHtmlCacheBehavior [ RunTime:0.000532s ]
INFO: [ app_begin ] --END-- [ RunTime:0.000649s ]
SQL: SHOW COLUMNS FROM `axd_subject` [ RunTime:0.0056s ]
SQL: SELECT * FROM `axd_subject` WHERE `subject_id` = 37 LIMIT 1   [ RunTime:0.0003s ]
SQL: SHOW COLUMNS FROM `axd_subject_cate` [ RunTime:0.0050s ]
SQL: SELECT * FROM `axd_subject_cate`  [ RunTime:0.0002s ]
SQL: SHOW COLUMNS FROM `axd_subject_goods` [ RunTime:0.0051s ]
SQL: SELECT sg.sg_id,g.goods_id,g.name,g.image FROM axd_subject_goods sg INNER JOIN axd_goods g ON sg.goods_id = g.goods_id  WHERE ( sg.subject_id='37' )  [ RunTime:0.0002s ]
INFO: [ view_parse ] --START--
INFO: [ template_filter ] --START--
INFO: Run Behavior\ContentReplaceBehavior [ RunTime:0.000301s ]
INFO: [ template_filter ] --END-- [ RunTime:0.000409s ]
NOTIC: [8] Undefined index: goods_temp G:\proj_php\axd\Application\Runtime\Cache\Admin\bec1636dc6b9c71cb9d7071f2538a6e3.php 第 842 行.
INFO: Run Behavior\ParseTemplateBehavior [ RunTime:0.026186s ]
INFO: [ view_parse ] --END-- [ RunTime:0.026288s ]
INFO: [ view_filter ] --START--
INFO: Run Behavior\WriteHtmlCacheBehavior [ RunTime:0.000365s ]
INFO: [ view_filter ] --END-- [ RunTime:0.000460s ]
INFO: [ app_end ] --START--
INFO: Run Behavior\ShowPageTraceBehavior [ RunTime:0.000497s ]
INFO: [ app_end ] --END-- [ RunTime:0.000599s ]

[ 2017-03-19T23:31:25+08:00 ] ::1 /axd/Admin/Subject/addEditSubject/id/37.html
INFO: [ app_init ] --START--
INFO: Run Behavior\BuildLiteBehavior [ RunTime:0.000054s ]
INFO: [ app_init ] --END-- [ RunTime:0.000346s ]
INFO: [ app_begin ] --START--
INFO: Run Behavior\ReadHtmlCacheBehavior [ RunTime:0.001263s ]
INFO: [ app_begin ] --END-- [ RunTime:0.001562s ]
SQL: SHOW COLUMNS FROM `axd_subject` [ RunTime:0.0140s ]
SQL: SELECT * FROM `axd_subject` WHERE `subject_id` = 37 LIMIT 1   [ RunTime:0.0007s ]
SQL: SHOW COLUMNS FROM `axd_subject_cate` [ RunTime:0.0119s ]
SQL: SELECT * FROM `axd_subject_cate`  [ RunTime:0.0004s ]
SQL: SHOW COLUMNS FROM `axd_subject_goods` [ RunTime:0.0065s ]
SQL: SELECT sg.sg_id,g.goods_id,g.name,g.image FROM axd_subject_goods sg INNER JOIN axd_goods g ON sg.goods_id = g.goods_id  WHERE ( sg.subject_id='37' )  [ RunTime:0.0004s ]
INFO: [ view_parse ] --START--
INFO: [ template_filter ] --START--
INFO: Run Behavior\ContentReplaceBehavior [ RunTime:0.000463s ]
INFO: [ template_filter ] --END-- [ RunTime:0.000624s ]
NOTIC: [8] Undefined index: goods_temp G:\proj_php\axd\Application\Runtime\Cache\Admin\bec1636dc6b9c71cb9d7071f2538a6e3.php 第 842 行.
INFO: Run Behavior\ParseTemplateBehavior [ RunTime:0.046602s ]
INFO: [ view_parse ] --END-- [ RunTime:0.046808s ]
INFO: [ view_filter ] --START--
INFO: Run Behavior\WriteHtmlCacheBehavior [ RunTime:0.000517s ]
INFO: [ view_filter ] --END-- [ RunTime:0.000659s ]
INFO: [ app_end ] --START--
INFO: Run Behavior\ShowPageTraceBehavior [ RunTime:0.000563s ]
INFO: [ app_end ] --END-- [ RunTime:0.000688s ]

[ 2017-03-19T23:32:20+08:00 ] ::1 /axd/Admin/Subject/addEditSubject/id/37.html
INFO: [ app_init ] --START--
INFO: Run Behavior\BuildLiteBehavior [ RunTime:0.000021s ]
INFO: [ app_init ] --END-- [ RunTime:0.000142s ]
INFO: [ app_begin ] --START--
INFO: Run Behavior\ReadHtmlCacheBehavior [ RunTime:0.000634s ]
INFO: [ app_begin ] --END-- [ RunTime:0.000744s ]
SQL: SHOW COLUMNS FROM `axd_subject` [ RunTime:0.0055s ]
SQL: SELECT * FROM `axd_subject` WHERE `subject_id` = 37 LIMIT 1   [ RunTime:0.0003s ]
SQL: SHOW COLUMNS FROM `axd_subject_cate` [ RunTime:0.0065s ]
SQL: SELECT * FROM `axd_subject_cate`  [ RunTime:0.0004s ]
SQL: SHOW COLUMNS FROM `axd_subject_goods` [ RunTime:0.0127s ]
SQL: SELECT sg.sg_id,g.goods_id,g.name,g.image FROM axd_subject_goods sg INNER JOIN axd_goods g ON sg.goods_id = g.goods_id  WHERE ( sg.subject_id='37' )  [ RunTime:0.0006s ]
INFO: [ view_parse ] --START--
INFO: [ template_filter ] --START--
INFO: Run Behavior\ContentReplaceBehavior [ RunTime:0.000337s ]
INFO: [ template_filter ] --END-- [ RunTime:0.000469s ]
NOTIC: [8] Undefined index: goods_temp G:\proj_php\axd\Application\Runtime\Cache\Admin\bec1636dc6b9c71cb9d7071f2538a6e3.php 第 842 行.
INFO: Run Behavior\ParseTemplateBehavior [ RunTime:0.053001s ]
INFO: [ view_parse ] --END-- [ RunTime:0.053189s ]
INFO: [ view_filter ] --START--
INFO: Run Behavior\WriteHtmlCacheBehavior [ RunTime:0.000514s ]
INFO: [ view_filter ] --END-- [ RunTime:0.000619s ]
INFO: [ app_end ] --START--
INFO: Run Behavior\ShowPageTraceBehavior [ RunTime:0.000654s ]
INFO: [ app_end ] --END-- [ RunTime:0.000775s ]

[ 2017-03-19T23:32:22+08:00 ] ::1 /axd/Admin/Subject/addSubjectGoodsPage.html
INFO: [ app_init ] --START--
INFO: Run Behavior\BuildLiteBehavior [ RunTime:0.000024s ]
INFO: [ app_init ] --END-- [ RunTime:0.000142s ]
INFO: [ app_begin ] --START--
INFO: Run Behavior\ReadHtmlCacheBehavior [ RunTime:0.000528s ]
INFO: [ app_begin ] --END-- [ RunTime:0.000646s ]
SQL: SHOW COLUMNS FROM `axd_goods_cate` [ RunTime:0.0061s ]
SQL: SELECT * FROM `axd_goods_cate` WHERE ( parent_id='1' )  [ RunTime:0.0003s ]
SQL: SELECT * FROM `axd_goods_cate` WHERE ( parent_id='3' )  [ RunTime:0.0006s ]
INFO: [ view_parse ] --START--
INFO: [ template_filter ] --START--
INFO: Run Behavior\ContentReplaceBehavior [ RunTime:0.000319s ]
INFO: [ template_filter ] --END-- [ RunTime:0.000443s ]
INFO: Run Behavior\ParseTemplateBehavior [ RunTime:0.040860s ]
INFO: [ view_parse ] --END-- [ RunTime:0.041072s ]
INFO: [ view_filter ] --START--
INFO: Run Behavior\WriteHtmlCacheBehavior [ RunTime:0.000422s ]
INFO: [ view_filter ] --END-- [ RunTime:0.000537s ]
INFO: [ app_end ] --START--
INFO: Run Behavior\ShowPageTraceBehavior [ RunTime:0.000580s ]
INFO: [ app_end ] --END-- [ RunTime:0.000697s ]

[ 2017-03-19T23:32:25+08:00 ] ::1 /axd/Admin/Goods/getGoodsCate
INFO: [ app_init ] --START--
INFO: Run Behavior\BuildLiteBehavior [ RunTime:0.000022s ]
INFO: [ app_init ] --END-- [ RunTime:0.000132s ]
INFO: [ app_begin ] --START--
INFO: Run Behavior\ReadHtmlCacheBehavior [ RunTime:0.000625s ]
INFO: [ app_begin ] --END-- [ RunTime:0.000727s ]
SQL: SHOW COLUMNS FROM `axd_goods_cate` [ RunTime:0.0066s ]
SQL: SELECT * FROM `axd_goods_cate` WHERE ( parent_id='29' )  [ RunTime:0.0003s ]

[ 2017-03-19T23:32:35+08:00 ] ::1 /axd/Admin/Subject/addSubjectGoodsPage
INFO: [ app_init ] --START--
INFO: Run Behavior\BuildLiteBehavior [ RunTime:0.000021s ]
INFO: [ app_init ] --END-- [ RunTime:0.000128s ]
INFO: [ app_begin ] --START--
INFO: Run Behavior\ReadHtmlCacheBehavior [ RunTime:0.000508s ]
INFO: [ app_begin ] --END-- [ RunTime:0.000609s ]
SQL: SHOW COLUMNS FROM `axd_goods_cate` [ RunTime:0.0056s ]
SQL: SHOW COLUMNS FROM `axd_goods` [ RunTime:0.0055s ]
SQL: INSERT INTO `axd_goods` (`image`,`name`,`g_cate_id`,`sex`,`price`,`tb_link`,`end_time`,`text_content`,`comment_count`,`collect_count`,`add_time`) VALUES ('/Public/uploads/goods/2017/03/19/3775233235.jpg','22','86','1','3','1','1489852800','12','1','3','1489937555') [ RunTime:0.0032s ]

[ 2017-03-19T23:32:36+08:00 ] ::1 /axd/Admin/Subject/addEditSubject/id/37.html
INFO: [ app_init ] --START--
INFO: Run Behavior\BuildLiteBehavior [ RunTime:0.000022s ]
INFO: [ app_init ] --END-- [ RunTime:0.000138s ]
INFO: [ app_begin ] --START--
INFO: Run Behavior\ReadHtmlCacheBehavior [ RunTime:0.000517s ]
INFO: [ app_begin ] --END-- [ RunTime:0.000632s ]
SQL: SHOW COLUMNS FROM `axd_subject` [ RunTime:0.0121s ]
SQL: SELECT * FROM `axd_subject` WHERE `subject_id` = 37 LIMIT 1   [ RunTime:0.0007s ]
SQL: SHOW COLUMNS FROM `axd_subject_cate` [ RunTime:0.0128s ]
SQL: SELECT * FROM `axd_subject_cate`  [ RunTime:0.0002s ]
SQL: SHOW COLUMNS FROM `axd_subject_goods` [ RunTime:0.0081s ]
SQL: SELECT sg.sg_id,g.goods_id,g.name,g.image FROM axd_subject_goods sg INNER JOIN axd_goods g ON sg.goods_id = g.goods_id  WHERE ( sg.subject_id='37' )  [ RunTime:0.0004s ]
INFO: [ view_parse ] --START--
INFO: [ template_filter ] --START--
INFO: Run Behavior\ContentReplaceBehavior [ RunTime:0.000388s ]
INFO: [ template_filter ] --END-- [ RunTime:0.000535s ]
INFO: Run Behavior\ParseTemplateBehavior [ RunTime:0.046148s ]
INFO: [ view_parse ] --END-- [ RunTime:0.046349s ]
INFO: [ view_filter ] --START--
INFO: Run Behavior\WriteHtmlCacheBehavior [ RunTime:0.000483s ]
INFO: [ view_filter ] --END-- [ RunTime:0.000608s ]
INFO: [ app_end ] --START--
INFO: Run Behavior\ShowPageTraceBehavior [ RunTime:0.000669s ]
INFO: [ app_end ] --END-- [ RunTime:0.000804s ]

[ 2017-03-19T23:32:38+08:00 ] ::1 /axd/Admin/Subject/addEditSubject
INFO: [ app_init ] --START--
INFO: Run Behavior\BuildLiteBehavior [ RunTime:0.000021s ]
INFO: [ app_init ] --END-- [ RunTime:0.000130s ]
INFO: [ app_begin ] --START--
INFO: Run Behavior\ReadHtmlCacheBehavior [ RunTime:0.000512s ]
INFO: [ app_begin ] --END-- [ RunTime:0.000614s ]
SQL: SHOW COLUMNS FROM `axd_subject` [ RunTime:0.0057s ]
SQL: SELECT * FROM `axd_subject` WHERE `subject_id` = 37 LIMIT 1   [ RunTime:0.0003s ]
NOTIC: [8] Undefined index: form_image G:\proj_php\axd\Application\Admin\Controller\SubjectController.class.php 第 150 行.
NOTIC: [8] Undefined index: form_image_content G:\proj_php\axd\Application\Admin\Controller\SubjectController.class.php 第 159 行.
NOTIC: [8] Undefined index: form_user_image G:\proj_php\axd\Application\Admin\Controller\SubjectController.class.php 第 168 行.
SQL: SHOW COLUMNS FROM `axd_subject` [ RunTime:0.0058s ]
SQL: UPDATE `axd_subject` SET `s_cate_id`='2',`name`='ceshi1',`text_content`='ceshi2',`sex`='1',`user_nickname`='ceshi3',`user_introduce`='ceshi4',`comment_count`='1',`collect_count`='2',`share_count`='3' WHERE ( subject_id='37' ) [ RunTime:0.0005s ]
SQL: SHOW COLUMNS FROM `axd_subject_goods` [ RunTime:0.0055s ]
SQL: DELETE FROM `axd_subject_goods` WHERE ( subject_id='37' ) [ RunTime:0.0004s ]
SQL: SHOW COLUMNS FROM `axd_subject_goods` [ RunTime:0.0070s ]
SQL: INSERT INTO `axd_subject_goods` (`subject_id`,`goods_id`) VALUES ('37','56'),('37','58'),('37','59') [ RunTime:0.0006s ]

[ 2017-03-19T23:32:40+08:00 ] ::1 /axd/Admin/Subject/subjectList.html
INFO: [ app_init ] --START--
INFO: Run Behavior\BuildLiteBehavior [ RunTime:0.000023s ]
INFO: [ app_init ] --END-- [ RunTime:0.000140s ]
INFO: [ app_begin ] --START--
INFO: Run Behavior\ReadHtmlCacheBehavior [ RunTime:0.000529s ]
INFO: [ app_begin ] --END-- [ RunTime:0.000647s ]
SQL: SHOW COLUMNS FROM `axd_subject` [ RunTime:0.0058s ]
SQL: SELECT s.*,sc.name AS cate_name FROM axd_subject s LEFT JOIN axd_subject_cate sc ON sc.s_cate_id = s.s_cate_id  WHERE s.name LIKE '%%' ORDER BY subject_id DESC LIMIT 0,20   [ RunTime:0.0008s ]
SQL: SELECT COUNT(*) AS tp_count FROM axd_subject s INNER JOIN axd_subject_cate sc ON sc.s_cate_id = s.s_cate_id  WHERE s.name LIKE '%%' LIMIT 1   [ RunTime:0.0004s ]
INFO: [ view_parse ] --START--
INFO: [ template_filter ] --START--
INFO: Run Behavior\ContentReplaceBehavior [ RunTime:0.000264s ]
INFO: [ template_filter ] --END-- [ RunTime:0.000381s ]
INFO: Run Behavior\ParseTemplateBehavior [ RunTime:0.043188s ]
INFO: [ view_parse ] --END-- [ RunTime:0.043375s ]
INFO: [ view_filter ] --START--
INFO: Run Behavior\WriteHtmlCacheBehavior [ RunTime:0.000406s ]
INFO: [ view_filter ] --END-- [ RunTime:0.000512s ]
INFO: [ app_end ] --START--
INFO: Run Behavior\ShowPageTraceBehavior [ RunTime:0.000562s ]
INFO: [ app_end ] --END-- [ RunTime:0.000677s ]

[ 2017-03-19T23:32:42+08:00 ] ::1 /axd/Admin/Subject/addEditSubject/id/36.html
INFO: [ app_init ] --START--
INFO: Run Behavior\BuildLiteBehavior [ RunTime:0.000021s ]
INFO: [ app_init ] --END-- [ RunTime:0.000138s ]
INFO: [ app_begin ] --START--
INFO: Run Behavior\ReadHtmlCacheBehavior [ RunTime:0.000530s ]
INFO: [ app_begin ] --END-- [ RunTime:0.000647s ]
SQL: SHOW COLUMNS FROM `axd_subject` [ RunTime:0.0059s ]
SQL: SELECT * FROM `axd_subject` WHERE `subject_id` = 36 LIMIT 1   [ RunTime:0.0003s ]
SQL: SHOW COLUMNS FROM `axd_subject_cate` [ RunTime:0.0054s ]
SQL: SELECT * FROM `axd_subject_cate`  [ RunTime:0.0003s ]
SQL: SHOW COLUMNS FROM `axd_subject_goods` [ RunTime:0.0054s ]
SQL: SELECT sg.sg_id,g.goods_id,g.name,g.image FROM axd_subject_goods sg INNER JOIN axd_goods g ON sg.goods_id = g.goods_id  WHERE ( sg.subject_id='36' )  [ RunTime:0.0003s ]
INFO: [ view_parse ] --START--
INFO: [ template_filter ] --START--
INFO: Run Behavior\ContentReplaceBehavior [ RunTime:0.000361s ]
INFO: [ template_filter ] --END-- [ RunTime:0.000489s ]
NOTIC: [8] Undefined index: goods_temp G:\proj_php\axd\Application\Runtime\Cache\Admin\bec1636dc6b9c71cb9d7071f2538a6e3.php 第 842 行.
INFO: Run Behavior\ParseTemplateBehavior [ RunTime:0.040008s ]
INFO: [ view_parse ] --END-- [ RunTime:0.040198s ]
INFO: [ view_filter ] --START--
INFO: Run Behavior\WriteHtmlCacheBehavior [ RunTime:0.000434s ]
INFO: [ view_filter ] --END-- [ RunTime:0.000551s ]
INFO: [ app_end ] --START--
INFO: Run Behavior\ShowPageTraceBehavior [ RunTime:0.000595s ]
INFO: [ app_end ] --END-- [ RunTime:0.000720s ]

[ 2017-03-19T23:32:49+08:00 ] ::1 /axd/Admin/Subject/addEditSubject/id/37.html
INFO: [ app_init ] --START--
INFO: Run Behavior\BuildLiteBehavior [ RunTime:0.000022s ]
INFO: [ app_init ] --END-- [ RunTime:0.000138s ]
INFO: [ app_begin ] --START--
INFO: Run Behavior\ReadHtmlCacheBehavior [ RunTime:0.000536s ]
INFO: [ app_begin ] --END-- [ RunTime:0.000653s ]
SQL: SHOW COLUMNS FROM `axd_subject` [ RunTime:0.0132s ]
SQL: SELECT * FROM `axd_subject` WHERE `subject_id` = 37 LIMIT 1   [ RunTime:0.0006s ]
SQL: SHOW COLUMNS FROM `axd_subject_cate` [ RunTime:0.0110s ]
SQL: SELECT * FROM `axd_subject_cate`  [ RunTime:0.0003s ]
SQL: SHOW COLUMNS FROM `axd_subject_goods` [ RunTime:0.0088s ]
SQL: SELECT sg.sg_id,g.goods_id,g.name,g.image FROM axd_subject_goods sg INNER JOIN axd_goods g ON sg.goods_id = g.goods_id  WHERE ( sg.subject_id='37' )  [ RunTime:0.0004s ]
INFO: [ view_parse ] --START--
INFO: [ template_filter ] --START--
INFO: Run Behavior\ContentReplaceBehavior [ RunTime:0.000303s ]
INFO: [ template_filter ] --END-- [ RunTime:0.000411s ]
NOTIC: [8] Undefined index: goods_temp G:\proj_php\axd\Application\Runtime\Cache\Admin\bec1636dc6b9c71cb9d7071f2538a6e3.php 第 842 行.
INFO: Run Behavior\ParseTemplateBehavior [ RunTime:0.031467s ]
INFO: [ view_parse ] --END-- [ RunTime:0.031594s ]
INFO: [ view_filter ] --START--
INFO: Run Behavior\WriteHtmlCacheBehavior [ RunTime:0.000407s ]
INFO: [ view_filter ] --END-- [ RunTime:0.000506s ]
INFO: [ app_end ] --START--
INFO: Run Behavior\ShowPageTraceBehavior [ RunTime:0.000525s ]
INFO: [ app_end ] --END-- [ RunTime:0.000635s ]

[ 2017-03-19T23:33:50+08:00 ] ::1 /axd/Admin/Subject/addEditSubject/id/37.html
INFO: [ app_init ] --START--
INFO: Run Behavior\BuildLiteBehavior [ RunTime:0.000033s ]
INFO: [ app_init ] --END-- [ RunTime:0.000210s ]
INFO: [ app_begin ] --START--
INFO: Run Behavior\ReadHtmlCacheBehavior [ RunTime:0.000778s ]
INFO: [ app_begin ] --END-- [ RunTime:0.000956s ]
SQL: SHOW COLUMNS FROM `axd_subject` [ RunTime:0.0110s ]
SQL: SELECT * FROM `axd_subject` WHERE `subject_id` = 37 LIMIT 1   [ RunTime:0.0005s ]
SQL: SHOW COLUMNS FROM `axd_subject_cate` [ RunTime:0.0072s ]
SQL: SELECT * FROM `axd_subject_cate`  [ RunTime:0.0003s ]
SQL: SHOW COLUMNS FROM `axd_subject_goods` [ RunTime:0.0071s ]
SQL: SELECT sg.sg_id,g.goods_id,g.name,g.image FROM axd_subject_goods sg INNER JOIN axd_goods g ON sg.goods_id = g.goods_id  WHERE ( sg.subject_id='37' )  [ RunTime:0.0005s ]
INFO: [ view_parse ] --START--
INFO: [ template_filter ] --START--
INFO: Run Behavior\ContentReplaceBehavior [ RunTime:0.000351s ]
INFO: [ template_filter ] --END-- [ RunTime:0.000475s ]
NOTIC: [8] Undefined index: goods_temp G:\proj_php\axd\Application\Runtime\Cache\Admin\bec1636dc6b9c71cb9d7071f2538a6e3.php 第 842 行.
INFO: Run Behavior\ParseTemplateBehavior [ RunTime:0.034770s ]
INFO: [ view_parse ] --END-- [ RunTime:0.034960s ]
INFO: [ view_filter ] --START--
INFO: Run Behavior\WriteHtmlCacheBehavior [ RunTime:0.000433s ]
INFO: [ view_filter ] --END-- [ RunTime:0.000554s ]
INFO: [ app_end ] --START--
INFO: Run Behavior\ShowPageTraceBehavior [ RunTime:0.000600s ]
INFO: [ app_end ] --END-- [ RunTime:0.000720s ]

[ 2017-03-19T23:33:56+08:00 ] ::1 /axd/Admin/Subject/addSubjectGoodsPage.html
INFO: [ app_init ] --START--
INFO: Run Behavior\BuildLiteBehavior [ RunTime:0.000030s ]
INFO: [ app_init ] --END-- [ RunTime:0.000158s ]
INFO: [ app_begin ] --START--
INFO: Run Behavior\ReadHtmlCacheBehavior [ RunTime:0.000629s ]
INFO: [ app_begin ] --END-- [ RunTime:0.000745s ]
SQL: SHOW COLUMNS FROM `axd_goods_cate` [ RunTime:0.0068s ]
SQL: SELECT * FROM `axd_goods_cate` WHERE ( parent_id='1' )  [ RunTime:0.0003s ]
SQL: SELECT * FROM `axd_goods_cate` WHERE ( parent_id='3' )  [ RunTime:0.0003s ]
INFO: [ view_parse ] --START--
INFO: [ template_filter ] --START--
INFO: Run Behavior\ContentReplaceBehavior [ RunTime:0.000268s ]
INFO: [ template_filter ] --END-- [ RunTime:0.000390s ]
INFO: Run Behavior\ParseTemplateBehavior [ RunTime:0.023610s ]
INFO: [ view_parse ] --END-- [ RunTime:0.023732s ]
INFO: [ view_filter ] --START--
INFO: Run Behavior\WriteHtmlCacheBehavior [ RunTime:0.000435s ]
INFO: [ view_filter ] --END-- [ RunTime:0.000543s ]
INFO: [ app_end ] --START--
INFO: Run Behavior\ShowPageTraceBehavior [ RunTime:0.000569s ]
INFO: [ app_end ] --END-- [ RunTime:0.000686s ]

[ 2017-03-19T23:33:58+08:00 ] ::1 /axd/Admin/Goods/getGoodsCate
INFO: [ app_init ] --START--
INFO: Run Behavior\BuildLiteBehavior [ RunTime:0.000026s ]
INFO: [ app_init ] --END-- [ RunTime:0.000144s ]
INFO: [ app_begin ] --START--
INFO: Run Behavior\ReadHtmlCacheBehavior [ RunTime:0.000599s ]
INFO: [ app_begin ] --END-- [ RunTime:0.000695s ]
SQL: SHOW COLUMNS FROM `axd_goods_cate` [ RunTime:0.0057s ]
SQL: SELECT * FROM `axd_goods_cate` WHERE ( parent_id='7' )  [ RunTime:0.0004s ]

[ 2017-03-19T23:34:07+08:00 ] ::1 /axd/Admin/Subject/addSubjectGoodsPage
INFO: [ app_init ] --START--
INFO: Run Behavior\BuildLiteBehavior [ RunTime:0.000025s ]
INFO: [ app_init ] --END-- [ RunTime:0.000147s ]
INFO: [ app_begin ] --START--
INFO: Run Behavior\ReadHtmlCacheBehavior [ RunTime:0.000593s ]
INFO: [ app_begin ] --END-- [ RunTime:0.000688s ]
SQL: SHOW COLUMNS FROM `axd_goods_cate` [ RunTime:0.0139s ]
SQL: SHOW COLUMNS FROM `axd_goods` [ RunTime:0.0113s ]
SQL: INSERT INTO `axd_goods` (`image`,`name`,`g_cate_id`,`sex`,`price`,`tb_link`,`end_time`,`text_content`,`comment_count`,`collect_count`,`add_time`) VALUES ('/Public/uploads/goods/2017/03/19/4554233407.jpg','22','45','1','45','546','1489852800','356','45','6547','1489937647') [ RunTime:0.0039s ]

[ 2017-03-19T23:34:08+08:00 ] ::1 /axd/Admin/Subject/addEditSubject/id/37.html
INFO: [ app_init ] --START--
INFO: Run Behavior\BuildLiteBehavior [ RunTime:0.000025s ]
INFO: [ app_init ] --END-- [ RunTime:0.000150s ]
INFO: [ app_begin ] --START--
INFO: Run Behavior\ReadHtmlCacheBehavior [ RunTime:0.000599s ]
INFO: [ app_begin ] --END-- [ RunTime:0.000709s ]
SQL: SHOW COLUMNS FROM `axd_subject` [ RunTime:0.0065s ]
SQL: SELECT * FROM `axd_subject` WHERE `subject_id` = 37 LIMIT 1   [ RunTime:0.0005s ]
SQL: SHOW COLUMNS FROM `axd_subject_cate` [ RunTime:0.0053s ]
SQL: SELECT * FROM `axd_subject_cate`  [ RunTime:0.0003s ]
SQL: SHOW COLUMNS FROM `axd_subject_goods` [ RunTime:0.0075s ]
SQL: SELECT sg.sg_id,g.goods_id,g.name,g.image FROM axd_subject_goods sg INNER JOIN axd_goods g ON sg.goods_id = g.goods_id  WHERE ( sg.subject_id='37' )  [ RunTime:0.0004s ]
INFO: [ view_parse ] --START--
INFO: [ template_filter ] --START--
INFO: Run Behavior\ContentReplaceBehavior [ RunTime:0.000321s ]
INFO: [ template_filter ] --END-- [ RunTime:0.000438s ]
NOTIC: [8] Undefined index: goods_temp G:\proj_php\axd\Application\Runtime\Cache\Admin\bec1636dc6b9c71cb9d7071f2538a6e3.php 第 842 行.
INFO: Run Behavior\ParseTemplateBehavior [ RunTime:0.031771s ]
INFO: [ view_parse ] --END-- [ RunTime:0.031964s ]
INFO: [ view_filter ] --START--
INFO: Run Behavior\WriteHtmlCacheBehavior [ RunTime:0.000477s ]
INFO: [ view_filter ] --END-- [ RunTime:0.000579s ]
INFO: [ app_end ] --START--
INFO: Run Behavior\ShowPageTraceBehavior [ RunTime:0.000602s ]
INFO: [ app_end ] --END-- [ RunTime:0.000711s ]

[ 2017-03-19T23:34:12+08:00 ] ::1 /axd/Admin/Subject/addEditSubject/id/37.html
INFO: [ app_init ] --START--
INFO: Run Behavior\BuildLiteBehavior [ RunTime:0.000062s ]
INFO: [ app_init ] --END-- [ RunTime:0.000380s ]
INFO: [ app_begin ] --START--
INFO: Run Behavior\ReadHtmlCacheBehavior [ RunTime:0.001459s ]
INFO: [ app_begin ] --END-- [ RunTime:0.001748s ]
SQL: SHOW COLUMNS FROM `axd_subject` [ RunTime:0.0081s ]
SQL: SELECT * FROM `axd_subject` WHERE `subject_id` = 37 LIMIT 1   [ RunTime:0.0004s ]
SQL: SHOW COLUMNS FROM `axd_subject_cate` [ RunTime:0.0055s ]
SQL: SELECT * FROM `axd_subject_cate`  [ RunTime:0.0002s ]
SQL: SHOW COLUMNS FROM `axd_subject_goods` [ RunTime:0.0070s ]
SQL: SELECT sg.sg_id,g.goods_id,g.name,g.image FROM axd_subject_goods sg INNER JOIN axd_goods g ON sg.goods_id = g.goods_id  WHERE ( sg.subject_id='37' )  [ RunTime:0.0003s ]
INFO: [ view_parse ] --START--
INFO: [ template_filter ] --START--
INFO: Run Behavior\ContentReplaceBehavior [ RunTime:0.000327s ]
INFO: [ template_filter ] --END-- [ RunTime:0.000443s ]
NOTIC: [8] Undefined index: goods_temp G:\proj_php\axd\Application\Runtime\Cache\Admin\bec1636dc6b9c71cb9d7071f2538a6e3.php 第 842 行.
INFO: Run Behavior\ParseTemplateBehavior [ RunTime:0.029434s ]
INFO: [ view_parse ] --END-- [ RunTime:0.029545s ]
INFO: [ view_filter ] --START--
INFO: Run Behavior\WriteHtmlCacheBehavior [ RunTime:0.000463s ]
INFO: [ view_filter ] --END-- [ RunTime:0.000576s ]
INFO: [ app_end ] --START--
INFO: Run Behavior\ShowPageTraceBehavior [ RunTime:0.000604s ]
INFO: [ app_end ] --END-- [ RunTime:0.000722s ]

